Log file open, 01/26/16 11:29:07
LogInit:Display: Running engine for game: TAG_HEUER
LogInit: Version: 4.7.6-0+++depot+UE4-Releases+4.7
LogInit: API Version: 0
LogInit: Compiled (64-bit): Nov 17 2015 19:42:46
LogInit: Compiled with Visual C++: 18.00.40629.00
LogInit: Build Configuration: Development
LogInit: Branch Name: ++depot+UE4-Releases+4.7
LogInit: Command line:  
LogInit: Base directory: C:/UnrealEngine-4.7/Engine/Binaries/Win64/
LogInit: Rocket: 0
[2016.01.26-10.29.07:046][  0]LogTaskGraph: Started task graph with 3 named threads and 6 total threads.
[2016.01.26-10.29.07:094][  0]LogOnline:Warning: No default platform service specified for OnlineSubsystem
[2016.01.26-10.29.07:109][  0]LogInit: Presizing for 0 objects not considered by GC, pre-allocating 0 bytes.
[2016.01.26-10.29.07:117][  0]LogInit: Object subsystem initialized
[2016.01.26-10.29.07:126][  0]LogConsoleResponse:Warning: Skipping Unknown console variable: 'TranslucentSortAxis = (X=0.000000,Y=-1.000000,Z=0.000000)'
[2016.01.26-10.29.07:126][  0]LogConsoleResponse:Warning:   Found in ini file 'C:/Users/XperienciaRender/Documents/Unreal Projects/TAG_HEUER/Saved/Config/Windows/Engine.ini', in section '[/Script/Engine.RendererSettings]'
[2016.01.26-10.29.07:126][  0]LogConsoleResponse:Warning: Skipping Unknown console variable: 'UIScaleRule = ShortestSide'
[2016.01.26-10.29.07:126][  0]LogConsoleResponse:Warning:   Found in ini file 'C:/Users/XperienciaRender/Documents/Unreal Projects/TAG_HEUER/Saved/Config/Windows/Engine.ini', in section '[/Script/Engine.RendererSettings]'
[2016.01.26-10.29.07:126][  0]LogConsoleResponse:Warning: Skipping Unknown console variable: 'UIScaleCurve = (EditorCurveData=(Keys=),ExternalCurve=None)'
[2016.01.26-10.29.07:126][  0]LogConsoleResponse:Warning:   Found in ini file 'C:/Users/XperienciaRender/Documents/Unreal Projects/TAG_HEUER/Saved/Config/Windows/Engine.ini', in section '[/Script/Engine.RendererSettings]'
[2016.01.26-10.29.07:132][  0]LogInit: Selected Device Profile: [Windows]
[2016.01.26-10.29.07:132][  0]LogInit: Applying CVar settings loaded from the selected device profile: [Windows]
[2016.01.26-10.29.07:136][  0]LogInit: Computer: XVIRTUALRENDER
[2016.01.26-10.29.07:137][  0]LogInit: User: XperienciaRender
[2016.01.26-10.29.07:137][  0]LogInit: CPU Page size=4096, Cores=4
[2016.01.26-10.29.07:137][  0]LogInit: High frequency timer resolution =3.914055 MHz
[2016.01.26-10.29.07:137][  0]LogMemory: Memory total: Physical=32.0GB (32GB approx) Virtual=8192.0GB
[2016.01.26-10.29.07:137][  0]LogMemory: Platform Memory Stats for Windows
[2016.01.26-10.29.07:137][  0]LogMemory: Process Physical Memory: 45.39 MB used, 45.39 MB peak
[2016.01.26-10.29.07:137][  0]LogMemory: Process Virtual Memory: 25.44 MB used, 25.44 MB peak
[2016.01.26-10.29.07:137][  0]LogMemory: Physical Memory: 2914.57 MB used, 32720.31 MB total
[2016.01.26-10.29.07:137][  0]LogMemory: Virtual Memory: 289.16 MB used, 8388608.00 MB total
[2016.01.26-10.29.07:154][  0]LogD3D11RHI: Found D3D11 adapter 0: AMD Radeon (TM) R9 Fury Series (Feature Level 11_0)
[2016.01.26-10.29.07:154][  0]LogD3D11RHI: Adapter has 4070MB of dedicated video memory, 0MB of dedicated system memory, and 3840MB of shared system memory, 1 output[s]
[2016.01.26-10.29.07:155][  0]LogD3D11RHI: Found D3D11 adapter 1: Microsoft Basic Render Driver (Feature Level 11_0)
[2016.01.26-10.29.07:155][  0]LogD3D11RHI: Adapter has 0MB of dedicated video memory, 0MB of dedicated system memory, and 256MB of shared system memory, 0 output[s]
[2016.01.26-10.29.07:155][  0]LogD3D11RHI: Chosen D3D11 Adapter Id = 0
[2016.01.26-10.29.07:159][  0]LogRHI: Texture pool is 1361 MB (70% of 1945 MB)
[2016.01.26-10.29.07:167][  0]LogD3D11RHI: Async texture creation disabled: no driver support
[2016.01.26-10.29.07:279][  0]LogTextLocalizationManager: The requested culture ('es_ES') has no localization data; parent culture's ('es') localization data will be used.
[2016.01.26-10.29.07:309][  0]LogTextLocalizationManager:Warning: Loading localization resources contain conflicting entries for (Namespace:ContentBrowser, Key:ImportAssetToolTip):
Resource: (C:/UnrealEngine-4.7/Engine/Content/Localization/Editor/es/Editor.locres) Hash: (-630476809) String: (Importar a {0}...)
Resource: (C:/UnrealEngine-4.7/Engine/Content/Localization/Editor/es/Editor.locres) Hash: (1271782899) String: (Importa un activo desde el archivo a esta carpeta.)
[2016.01.26-10.29.07:345][  0]LogContentStreaming: Texture pool size is 0.000000MB
[2016.01.26-10.29.08:929][  0]LogTargetPlatformManager:Display: Building Assets For Windows
[2016.01.26-10.29.09:264][  0]LogTargetPlatformManager:Display: Building Assets For Windows
[2016.01.26-10.29.09:304][  0]LogDerivedDataCache:Display: Max Cache Size: 512 MB
[2016.01.26-10.29.09:416][  0]LogDerivedDataCache: Loaded boot cache 0.11s 39MB ../../../../Users/XperienciaRender/Documents/Unreal Projects/TAG_HEUER/DerivedDataCache/Boot.ddc.
[2016.01.26-10.29.09:416][  0]LogDerivedDataCache:Display: Loaded Boot cache: ../../../../Users/XperienciaRender/Documents/Unreal Projects/TAG_HEUER/DerivedDataCache/Boot.ddc
[2016.01.26-10.29.09:416][  0]LogDerivedDataCache: FDerivedDataBackendGraph:  Pak pak cache file ../../../../Users/XperienciaRender/Documents/Unreal Projects/TAG_HEUER/DerivedDataCache/DDC.ddp not found, will not use a pak cache.
[2016.01.26-10.29.09:416][  0]LogDerivedDataCache: Unable to find inner node Pak for hierarchical cache Hierarchy.
[2016.01.26-10.29.09:416][  0]LogDerivedDataCache: FDerivedDataBackendGraph:  EnginePak pak cache file ../../../Engine/DerivedDataCache/DDC.ddp not found, will not use a pak cache.
[2016.01.26-10.29.09:416][  0]LogDerivedDataCache: Unable to find inner node EnginePak for hierarchical cache Hierarchy.
[2016.01.26-10.29.09:428][  0]LogDerivedDataCache: Using Local data cache path ../../../Engine/DerivedDataCache: Writable
[2016.01.26-10.29.09:428][  0]LogDerivedDataCache: Shared data cache path not found in *engine.ini, will not use an Shared cache.
[2016.01.26-10.29.09:428][  0]LogDerivedDataCache: Unable to find inner node Shared for hierarchical cache Hierarchy.
[2016.01.26-10.29.09:951][  0]LogMeshUtilities: No automatic mesh reduction module available
[2016.01.26-10.29.09:951][  0]LogMeshUtilities: No automatic mesh merging module available
[2016.01.26-10.29.10:333][  0]LogInit: WinSock: version 1.1 (2.2), MaxSocks=32767, MaxUdp=65467
[2016.01.26-10.29.10:386][  0]LogSlate:Warning: Failed to load font data from '../../../Engine/Content/Slate/Fonts/Roboto-Italic.ttf'
[2016.01.26-10.29.11:279][  0]UdpMessaging: Initializing bridge on interface 0.0.0.0:0 to multicast group 230.0.0.1:6666.
[2016.01.26-10.29.11:548][  0]SourceControl: Información El control de código fuente está desactivado
[2016.01.26-10.29.11:548][  0]SourceControl: Información El control de código fuente está desactivado
[2016.01.26-10.29.11:548][  0]SourceControl: Información El control de código fuente está desactivado
[2016.01.26-10.29.11:548][  0]LogSourceControl: RunCommandInternalRaw: 'git version'
[2016.01.26-10.29.11:548][  0]LogSourceControl: RunCommandInternalRaw: ExecProcess ReturnCode=2 OutResults=''
[2016.01.26-10.29.11:553][  0]SourceControl: Información El control de código fuente está desactivado
[2016.01.26-10.29.11:686][  0]LogObj: 24234 objects as part of root set at end of initial load.
[2016.01.26-10.29.11:686][  0]LogUObjectAllocator: 5137560 out of 0 bytes used by permanent object pool.
[2016.01.26-10.29.11:762][  0]LogEngine: Initializing Engine...
[2016.01.26-10.29.11:763][  0]LogHMD:Warning: HMD Oculus Rift DK2, Monitor , res = 1920 x 1080, windowPos = {0, 0}
[2016.01.26-10.29.11:764][  0]LogHMD: Oculus plugin initialized. Version: 4.7.6-0+++depot+UE4-Releases+4.7, LibOVR: 0.4.4, built Nov 17 2015, 19:45:18
[2016.01.26-10.29.11:876][  0]LogInit: XAudio2 using 'Audio digital (HDMI) (2- Dispositivo de High Definition Audio)' : 2 channels at 44.1 kHz using 16 bits per sample (channel mask 0x3)
[2016.01.26-10.29.11:892][  0]LogInit: FAudioDevice initialized.
[2016.01.26-10.29.11:927][  0]LogAIModule: Creating AISystem for world NewWorld
[2016.01.26-10.29.11:942][  0]LogDerivedDataCache: Saved boot cache 0.01s 39MB ../../../../Users/XperienciaRender/Documents/Unreal Projects/TAG_HEUER/DerivedDataCache/Boot.ddc.
[2016.01.26-10.29.11:944][  0]LogInit: Texture streaming: Enabled
[2016.01.26-10.29.12:025][  0]LogAnalytics: Creating configured Analytics provider AnalyticsET
[2016.01.26-10.29.12:025][  0]LogAnalytics: ET APIKey = UnrealEngine.Release. APIServer = http://etsource.epicgames.com/ET2/. AppVersion = 4.7.6-0+++depot+UE4-Releases+4.7
[2016.01.26-10.29.12:025][  0]LogAnalytics: SetUserId d6168901472bba0ffb3e81af04f59a83|993bd6500af24810ad7ff9f04b6bd5ef|bb511fb2-8347-4713-aceb-f87baa5cc237
[2016.01.26-10.29.12:026][  0]LogAnalytics: AnalyticsET::StartSession [UnrealEngine.Release]
[2016.01.26-10.29.12:040][  0]LogInit: Transaction tracking system initialized
[2016.01.26-10.29.12:161][  0]OCULUS: [From Service] [Sensor2Impl] Lost 3 IMU samples: 4993 2 5
[2016.01.26-10.29.12:161][  0]BlueprintLog: New page: Cargar el editor
[2016.01.26-10.29.12:189][  0]LogAssetRegistry: FAssetRegistry took 0.0121 seconds to start up
[2016.01.26-10.29.12:189][  0]LogDirectoryWatcher:Warning: Failed to begin reading directory changes for ../../../Engine/Plugins/Experimental/CharacterAI/Content/. Error: 0
[2016.01.26-10.29.12:576][  0]LogTargetPlatformManager:Display: Building Assets For Windows
[2016.01.26-10.29.12:839][  0]LogTargetPlatformManager:Display: Building Assets For Windows
[2016.01.26-10.29.13:041][  0]LogSlate:Warning: Failed to load font data from '../../../Engine/Content/Editor/Slate/Fonts/Roboto-Regular.ttf'
[2016.01.26-10.29.13:042][  0]LogSlate:Warning: Failed to load font data from '../../../Engine/Content/Editor/Slate/Fonts/Roboto-Bold.ttf'
[2016.01.26-10.29.13:047][  0]LogConsoleResponse:Display: 
[2016.01.26-10.29.13:194][  0]LogCook:Display: Done creating registry. It took  0.00s.
[2016.01.26-10.29.13:322][  0]SourceControl: Información El control de código fuente está desactivado
[2016.01.26-10.29.13:323][  0]Cmd: MAP LOAD FILE="../../../../Users/XperienciaRender/Documents/Unreal Projects/TAG_HEUER/Content/Maps/TAG.umap" TEMPLATE=0 SHOWPROGRESS=1 FEATURELEVEL=3
[2016.01.26-10.29.13:324][  0]LightingResults: New page: Diseñar la iluminación
[2016.01.26-10.29.13:334][  0]MapCheck: New page: Revisión del mapa
[2016.01.26-10.29.13:334][  0]LightingResults: New page: Diseñar la iluminación
[2016.01.26-10.29.13:342][  0]LogParticles: Destroying 0 GPU particle simulations for FXSystem 0x00000091046A6200
[2016.01.26-10.29.14:078][  0]LogTexture:Display: Generando texturas: HQ_Lightmap0_2 (AutoDXT)
[2016.01.26-10.29.14:079][  0]LogTexture:Display: Generando texturas: HQ_Lightmap1_1 (AutoDXT)
[2016.01.26-10.29.14:099][  0]LogEditorServer: Finished looking for orphan Actors (0.000 secs)
[2016.01.26-10.29.14:120][  0]LogAIModule: Creating AISystem for world TAG
[2016.01.26-10.29.14:121][  0]Cmd: MAP CHECKDEP
[2016.01.26-10.29.14:121][  0]MapCheck: New page: TAG - 26/1/2016 12:29:14
[2016.01.26-10.29.14:166][  0]MapCheck: Información Map check complete: 0 Error(s), 0 Warning(s), took 44,019ms to complete.
[2016.01.26-10.29.14:166][  0]LogFileHelpers: Loading map 'TAG' took 0.843
[2016.01.26-10.29.14:305][  0]LogCollectionManager: Loaded 0 collections in 0.000815 seconds
[2016.01.26-10.29.14:312][  0]LogContentBrowser: Native class hierarchy populated in 0.0075 seconds. Added 1696 classes and 262 folders.
[2016.01.26-10.29.14:329][  0]LogContentBrowser:Verbose: The content browser source was changed by the sources view to '/Game'
[2016.01.26-10.29.14:341][  0]LogContentBrowser: Native class hierarchy updated for 'SceneOutliner' in 0.0012 seconds. Added 1 classes and 2 folders.
[2016.01.26-10.29.14:459][  0]LogCrashTracker: Crashtracker disabled due to settings.
[2016.01.26-10.29.14:462][  0]LogSlate:Warning: Failed to load font data from 'Veranda'
[2016.01.26-10.29.14:468][  0]LogUObjectGlobals:Warning: Error al encontrar el objeto 'Class Ninguno.'
[2016.01.26-10.29.14:493][  0]LogLoad: Full Startup: 8.27 seconds (BP compile: 0.07 seconds)
[2016.01.26-10.29.14:999][  0]LogRenderer:Warning: Reallocating scene render targets to support 1208x576 (Frame:2).
[2016.01.26-10.29.15:296][  2]LogAssetRegistry: Asset discovery search completed in 3.1191 seconds
[2016.01.26-10.30.10:455][643]LogPlayLevel: PIE:  No blueprints needed recompiling
[2016.01.26-10.30.10:455][643]PIE: New page: Sesión PIE (reproducción en el editor): TAG (26/1/2016 12:30:10)
[2016.01.26-10.30.10:458][643]LogPlayLevel: PIE: StaticDuplicateObject took: (0.002459s)
[2016.01.26-10.30.10:458][643]LogPlayLevel: PIE: World Init took: (0.000352s)
[2016.01.26-10.30.10:459][643]LogPlayLevel: PIE: Created PIE world by copying editor world from /Game/Maps/TAG.TAG to /Game/Maps/UEDPIE_0_TAG.TAG (0.002922s)
[2016.01.26-10.30.10:591][643]LogWorld: Game class is 'GameMode'
[2016.01.26-10.30.10:596][643]LogAIModule: Creating AISystem for world TAG
[2016.01.26-10.30.10:598][643]LogWorld: Bringing World /Game/Maps/UEDPIE_0_TAG.TAG up for play (max tick rate 0) at 2016.01.26-11.30.10
[2016.01.26-10.30.10:598][643]LogWorld: Bringing up level for play took: 0.001458
[2016.01.26-10.30.10:610][643]PIE: Información Tiempo de inicio de la reproducción en el editor para  /Game/Maps/UEDPIE_0_TAG 0,395
[2016.01.26-10.30.10:624][645]LogRenderer:Warning: Reallocating scene render targets to support 1920x1080 (Frame:308).
[2016.01.26-10.30.10:875][658]OCULUS: [From Service] [Sensor2Impl] Lost 13 IMU samples: 14978 2 15
[2016.01.26-10.30.11:144][678]OCULUS: [From Service] [Sensor2Impl] Lost 2 IMU samples: 1997 2 4
[2016.01.26-10.30.11:611][713]OCULUS: [From Service] [Sensor2Impl] Lost 2 IMU samples: 1997 2 4
[2016.01.26-10.30.11:891][734]OCULUS: [From Service] [Sensor2Impl] Lost 2 IMU samples: 2122 2 4
[2016.01.26-10.30.12:819][803]LogHMD:Warning: Vision Tracking Acquired
[2016.01.26-10.30.14:626][939]OCULUS: [From Service] Early Tracking Recovery
[2016.01.26-10.30.14:641][940]OCULUS: [From Service] Early Tracking Recovery
[2016.01.26-10.30.14:659][941]LogHMD:Warning: Lost Vision Tracking
[2016.01.26-10.30.15:596][  8]LogHMD:Warning: HMD Oculus Rift DK2, Monitor , res = 1920 x 1080, windowPos = {0, 0}
[2016.01.26-10.30.15:626][  8]OCULUS: [From Service] [Sensor2Impl] Lost 5 IMU samples: 1997 2 7
[2016.01.26-10.30.15:738][  8]LogParticles: Destroying 0 GPU particle simulations for FXSystem 0x0000009110140B80
[2016.01.26-10.30.17:291][193]LogEditorViewport: Clicking on Actor (LMB): SkeletalMeshActor (Reloj_01)
[2016.01.26-10.30.27:978][289]LogHMD:Warning: HMD Oculus Rift DK2, Monitor , res = 1920 x 1080, windowPos = {0, 0}
[2016.01.26-10.30.27:979][289]LogPlayLevel: PIE:  No blueprints needed recompiling
[2016.01.26-10.30.27:979][289]PIE: New page: Sesión PIE (reproducción en el editor): TAG (26/1/2016 12:30:27)
[2016.01.26-10.30.27:981][289]LogPlayLevel: PIE: StaticDuplicateObject took: (0.002328s)
[2016.01.26-10.30.27:982][289]LogPlayLevel: PIE: World Init took: (0.000312s)
[2016.01.26-10.30.27:982][289]LogPlayLevel: PIE: Created PIE world by copying editor world from /Game/Maps/TAG.TAG to /Game/Maps/UEDPIE_0_TAG.TAG (0.002739s)
[2016.01.26-10.30.28:104][289]LogWorld: Game class is 'GameMode'
[2016.01.26-10.30.28:108][289]LogAIModule: Creating AISystem for world TAG
[2016.01.26-10.30.28:111][289]LogWorld: Bringing World /Game/Maps/UEDPIE_0_TAG.TAG up for play (max tick rate 0) at 2016.01.26-11.30.28
[2016.01.26-10.30.28:112][289]LogWorld: Bringing up level for play took: 0.003596
[2016.01.26-10.30.28:140][289]PIE: Información Tiempo de inicio de la reproducción en el editor para  /Game/Maps/UEDPIE_0_TAG -0,074
[2016.01.26-10.30.28:215][293]OCULUS: [From Service] [Sensor2Impl] Lost 16 IMU samples: 17974 2 18
[2016.01.26-10.30.28:417][306]OCULUS: [From Service] [Sensor2Impl] Lost 13 IMU samples: 14979 2 15
[2016.01.26-10.30.28:687][326]OCULUS: [From Service] [Sensor2Impl] Lost 2 IMU samples: 1997 2 4
[2016.01.26-10.30.29:154][361]OCULUS: [From Service] [Sensor2Impl] Lost 2 IMU samples: 2122 2 4
[2016.01.26-10.30.