Log file open, 01/26/16 10:02:53
LogInit:Display: Running engine for game: TAG_HEUER
LogInit: Version: 4.7.6-0+++depot+UE4-Releases+4.7
LogInit: API Version: 0
LogInit: Compiled (64-bit): Nov 17 2015 19:42:46
LogInit: Compiled with Visual C++: 18.00.40629.00
LogInit: Build Configuration: Development
LogInit: Branch Name: ++depot+UE4-Releases+4.7
LogInit: Command line:  
LogInit: Base directory: C:/UnrealEngine-4.7/Engine/Binaries/Win64/
LogInit: Rocket: 0
[2016.01.26-09.02.53:136][  0]LogTaskGraph: Started task graph with 3 named threads and 6 total threads.
[2016.01.26-09.02.53:196][  0]LogOnline:Warning: No default platform service specified for OnlineSubsystem
[2016.01.26-09.02.53:237][  0]LogInit: Presizing for 0 objects not considered by GC, pre-allocating 0 bytes.
[2016.01.26-09.02.53:253][  0]LogInit: Object subsystem initialized
[2016.01.26-09.02.53:261][  0]LogConsoleResponse:Warning: Skipping Unknown console variable: 'TranslucentSortAxis = (X=0.000000,Y=-1.000000,Z=0.000000)'
[2016.01.26-09.02.53:261][  0]LogConsoleResponse:Warning:   Found in ini file 'C:/Users/XperienciaRender/Documents/Unreal Projects/TAG_HEUER/Saved/Config/Windows/Engine.ini', in section '[/Script/Engine.RendererSettings]'
[2016.01.26-09.02.53:261][  0]LogConsoleResponse:Warning: Skipping Unknown console variable: 'UIScaleRule = ShortestSide'
[2016.01.26-09.02.53:261][  0]LogConsoleResponse:Warning:   Found in ini file 'C:/Users/XperienciaRender/Documents/Unreal Projects/TAG_HEUER/Saved/Config/Windows/Engine.ini', in section '[/Script/Engine.RendererSettings]'
[2016.01.26-09.02.53:261][  0]LogConsoleResponse:Warning: Skipping Unknown console variable: 'UIScaleCurve = (EditorCurveData=(Keys=),ExternalCurve=None)'
[2016.01.26-09.02.53:261][  0]LogConsoleResponse:Warning:   Found in ini file 'C:/Users/XperienciaRender/Documents/Unreal Projects/TAG_HEUER/Saved/Config/Windows/Engine.ini', in section '[/Script/Engine.RendererSettings]'
[2016.01.26-09.02.53:266][  0]LogInit: Selected Device Profile: [Windows]
[2016.01.26-09.02.53:267][  0]LogInit: Applying CVar settings loaded from the selected device profile: [Windows]
[2016.01.26-09.02.53:272][  0]LogInit: Computer: XVIRTUALRENDER
[2016.01.26-09.02.53:272][  0]LogInit: User: XperienciaRender
[2016.01.26-09.02.53:272][  0]LogInit: CPU Page size=4096, Cores=4
[2016.01.26-09.02.53:272][  0]LogInit: High frequency timer resolution =3.914065 MHz
[2016.01.26-09.02.53:273][  0]LogMemory: Memory total: Physical=32.0GB (32GB approx) Virtual=8192.0GB
[2016.01.26-09.02.53:273][  0]LogMemory: Platform Memory Stats for Windows
[2016.01.26-09.02.53:273][  0]LogMemory: Process Physical Memory: 45.24 MB used, 45.24 MB peak
[2016.01.26-09.02.53:273][  0]LogMemory: Process Virtual Memory: 25.34 MB used, 25.34 MB peak
[2016.01.26-09.02.53:273][  0]LogMemory: Physical Memory: 5669.47 MB used, 32720.31 MB total
[2016.01.26-09.02.53:273][  0]LogMemory: Virtual Memory: 287.38 MB used, 8388608.00 MB total
[2016.01.26-09.02.53:289][  0]LogD3D11RHI: Found D3D11 adapter 0: AMD Radeon (TM) R9 Fury Series (Feature Level 11_0)
[2016.01.26-09.02.53:289][  0]LogD3D11RHI: Adapter has 4070MB of dedicated video memory, 0MB of dedicated system memory, and 3840MB of shared system memory, 1 output[s]
[2016.01.26-09.02.53:289][  0]LogD3D11RHI: Found D3D11 adapter 1: Microsoft Basic Render Driver (Feature Level 11_0)
[2016.01.26-09.02.53:289][  0]LogD3D11RHI: Adapter has 0MB of dedicated video memory, 0MB of dedicated system memory, and 256MB of shared system memory, 0 output[s]
[2016.01.26-09.02.53:289][  0]LogD3D11RHI: Chosen D3D11 Adapter Id = 0
[2016.01.26-09.02.53:294][  0]LogRHI: Texture pool is 1361 MB (70% of 1945 MB)
[2016.01.26-09.02.53:299][  0]LogD3D11RHI: Async texture creation disabled: no driver support
[2016.01.26-09.02.53:424][  0]LogTextLocalizationManager: The requested culture ('es_ES') has no localization data; parent culture's ('es') localization data will be used.
[2016.01.26-09.02.53:462][  0]LogTextLocalizationManager:Warning: Loading localization resources contain conflicting entries for (Namespace:ContentBrowser, Key:ImportAssetToolTip):
Resource: (C:/UnrealEngine-4.7/Engine/Content/Localization/Editor/es/Editor.locres) Hash: (-630476809) String: (Importar a {0}...)
Resource: (C:/UnrealEngine-4.7/Engine/Content/Localization/Editor/es/Editor.locres) Hash: (1271782899) String: (Importa un activo desde el archivo a esta carpeta.)
[2016.01.26-09.02.53:498][  0]LogContentStreaming: Texture pool size is 0.000000MB
[2016.01.26-09.02.55:173][  0]LogTargetPlatformManager:Display: Building Assets For Windows
[2016.01.26-09.02.55:499][  0]LogTargetPlatformManager:Display: Building Assets For Windows
[2016.01.26-09.02.55:537][  0]LogDerivedDataCache:Display: Max Cache Size: 512 MB
[2016.01.26-09.02.55:631][  0]LogDerivedDataCache: Loaded boot cache 0.09s 39MB ../../../../Users/XperienciaRender/Documents/Unreal Projects/TAG_HEUER/DerivedDataCache/Boot.ddc.
[2016.01.26-09.02.55:631][  0]LogDerivedDataCache:Display: Loaded Boot cache: ../../../../Users/XperienciaRender/Documents/Unreal Projects/TAG_HEUER/DerivedDataCache/Boot.ddc
[2016.01.26-09.02.55:631][  0]LogDerivedDataCache: FDerivedDataBackendGraph:  Pak pak cache file ../../../../Users/XperienciaRender/Documents/Unreal Projects/TAG_HEUER/DerivedDataCache/DDC.ddp not found, will not use a pak cache.
[2016.01.26-09.02.55:631][  0]LogDerivedDataCache: Unable to find inner node Pak for hierarchical cache Hierarchy.
[2016.01.26-09.02.55:631][  0]LogDerivedDataCache: FDerivedDataBackendGraph:  EnginePak pak cache file ../../../Engine/DerivedDataCache/DDC.ddp not found, will not use a pak cache.
[2016.01.26-09.02.55:631][  0]LogDerivedDataCache: Unable to find inner node EnginePak for hierarchical cache Hierarchy.
[2016.01.26-09.02.55:643][  0]LogDerivedDataCache: Using Local data cache path ../../../Engine/DerivedDataCache: Writable
[2016.01.26-09.02.55:643][  0]LogDerivedDataCache: Shared data cache path not found in *engine.ini, will not use an Shared cache.
[2016.01.26-09.02.55:643][  0]LogDerivedDataCache: Unable to find inner node Shared for hierarchical cache Hierarchy.
[2016.01.26-09.02.56:131][  0]LogMeshUtilities: No automatic mesh reduction module available
[2016.01.26-09.02.56:131][  0]LogMeshUtilities: No automatic mesh merging module available
[2016.01.26-09.02.56:515][  0]LogInit: WinSock: version 1.1 (2.2), MaxSocks=32767, MaxUdp=65467
[2016.01.26-09.02.56:574][  0]LogSlate:Warning: Failed to load font data from '../../../Engine/Content/Slate/Fonts/Roboto-Italic.ttf'
[2016.01.26-09.02.57:491][  0]UdpMessaging: Initializing bridge on interface 0.0.0.0:0 to multicast group 230.0.0.1:6666.
[2016.01.26-09.02.57:698][  0]SourceControl: Información El control de código fuente está desactivado
[2016.01.26-09.02.57:698][  0]SourceControl: Información El control de código fuente está desactivado
[2016.01.26-09.02.57:698][  0]SourceControl: Información El control de código fuente está desactivado
[2016.01.26-09.02.57:698][  0]LogSourceControl: RunCommandInternalRaw: 'git version'
[2016.01.26-09.02.57:698][  0]LogSourceControl: RunCommandInternalRaw: ExecProcess ReturnCode=2 OutResults=''
[2016.01.26-09.02.57:703][  0]SourceControl: Información El control de código fuente está desactivado
[2016.01.26-09.02.57:869][  0]LogObj: 24234 objects as part of root set at end of initial load.
[2016.01.26-09.02.57:869][  0]LogUObjectAllocator: 5137560 out of 0 bytes used by permanent object pool.
[2016.01.26-09.02.57:950][  0]LogEngine: Initializing Engine...
[2016.01.26-09.03.00:189][  0]LogInit: XAudio2 using 'Audio digital (HDMI) (2- Dispositivo de High Definition Audio)' : 2 channels at 44.1 kHz using 16 bits per sample (channel mask 0x3)
[2016.01.26-09.03.00:195][  0]LogInit: FAudioDevice initialized.
[2016.01.26-09.03.00:231][  0]LogAIModule: Creating AISystem for world NewWorld
[2016.01.26-09.03.00:247][  0]LogDerivedDataCache: Saved boot cache 0.01s 39MB ../../../../Users/XperienciaRender/Documents/Unreal Projects/TAG_HEUER/DerivedDataCache/Boot.ddc.
[2016.01.26-09.03.00:248][  0]LogInit: Texture streaming: Enabled
[2016.01.26-09.03.00:329][  0]LogAnalytics: Creating configured Analytics provider AnalyticsET
[2016.01.26-09.03.00:329][  0]LogAnalytics: ET APIKey = UnrealEngine.Release. APIServer = http://etsource.epicgames.com/ET2/. AppVersion = 4.7.6-0+++depot+UE4-Releases+4.7
[2016.01.26-09.03.00:329][  0]LogAnalytics: SetUserId d6168901472bba0ffb3e81af04f59a83|993bd6500af24810ad7ff9f04b6bd5ef|bb511fb2-8347-4713-aceb-f87baa5cc237
[2016.01.26-09.03.00:330][  0]LogAnalytics: AnalyticsET::StartSession [UnrealEngine.Release]
[2016.01.26-09.03.00:345][  0]LogInit: Transaction tracking system initialized
[2016.01.26-09.03.00:473][  0]BlueprintLog: New page: Cargar el editor
[2016.01.26-09.03.00:501][  0]LogAssetRegistry: FAssetRegistry took 0.0119 seconds to start up
[2016.01.26-09.03.00:501][  0]LogDirectoryWatcher:Warning: Failed to begin reading directory changes for ../../../Engine/Plugins/Experimental/CharacterAI/Content/. Error: 0
[2016.01.26-09.03.00:905][  0]LogTargetPlatformManager:Display: Building Assets For Windows
[2016.01.26-09.03.01:196][  0]LogTargetPlatformManager:Display: Building Assets For Windows
[2016.01.26-09.03.01:399][  0]LogSlate:Warning: Failed to load font data from '../../../Engine/Content/Editor/Slate/Fonts/Roboto-Regular.ttf'
[2016.01.26-09.03.01:399][  0]LogSlate:Warning: Failed to load font data from '../../../Engine/Content/Editor/Slate/Fonts/Roboto-Bold.ttf'
[2016.01.26-09.03.01:405][  0]LogConsoleResponse:Display: 
[2016.01.26-09.03.01:557][  0]LogCook:Display: Done creating registry. It took  0.00s.
[2016.01.26-09.03.01:682][  0]SourceControl: Información El control de código fuente está desactivado
[2016.01.26-09.03.01:683][  0]Cmd: MAP LOAD FILE="../../../../Users/XperienciaRender/Documents/Unreal Projects/TAG_HEUER/Content/Maps/TAG.umap" TEMPLATE=0 SHOWPROGRESS=1 FEATURELEVEL=3
[2016.01.26-09.03.01:684][  0]LightingResults: New page: Diseñar la iluminación
[2016.01.26-09.03.01:693][  0]MapCheck: New page: Revisión del mapa
[2016.01.26-09.03.01:693][  0]LightingResults: New page: Diseñar la iluminación
[2016.01.26-09.03.01:703][  0]LogParticles: Destroying 0 GPU particle simulations for FXSystem 0x00000077EFA0A200
[2016.01.26-09.03.02:902][  0]LogLinker:Warning: No puede encontrar el archivo '/Game/textures/stainless-steel_Mat'
[2016.01.26-09.03.02:902][  0]LogLinker:Warning: No puede encontrar el archivo para el activo '/Game/textures/stainless-steel_Mat' mientras carga ../../../../Users/XperienciaRender/Documents/Unreal Projects/TAG_HEUER/Content/Reloj.uasset.
[2016.01.26-09.03.02:902][  0]LoadErrors:Error: Error /Game/Reloj : No puede encontrar el archivo para el activo. /Game/textures/stainless-steel_Mat
[2016.01.26-09.03.02:994][  0]LogLinker:Warning: No puede encontrar el archivo '/Game/textures/stainless-steel_Mat'
[2016.01.26-09.03.02:994][  0]LogLinker:Warning: No puede encontrar el archivo para el activo '/Game/textures/stainless-steel_Mat' mientras carga ../../../../Users/XperienciaRender/Documents/Unreal Projects/TAG_HEUER/Content/Reloj.uasset.
[2016.01.26-09.03.02:994][  0]LoadErrors:Error: Error /Game/Reloj : No puede encontrar el archivo para el activo. /Game/textures/stainless-steel_Mat
[2016.01.26-09.03.03:011][  0]LogLinker:Warning: No puede encontrar el archivo '/Game/textures/stainless-steel_Mat'
[2016.01.26-09.03.03:011][  0]LoadErrors: Información Error al cargar /Game/textures/stainless-steel_Mat.stainless-steel_Mat Referenciado por Reloj
[2016.01.26-09.03.03:011][  0]LogLinker:Warning: No puede encontrar el archivo para el activo '/Game/textures/stainless-steel_Mat' mientras carga NULL.
[2016.01.26-09.03.03:011][  0]LoadErrors: Información Error al cargar /Game/textures/stainless-steel_Mat.stainless-steel_Mat Referenciado por Reloj
[2016.01.26-09.03.05:275][  0]LogEditorServer: Finished looking for orphan Actors (0.000 secs)
[2016.01.26-09.03.05:298][  0]LogAIModule: Creating AISystem for world TAG
[2016.01.26-09.03.05:299][  0]Cmd: MAP CHECKDEP
[2016.01.26-09.03.05:299][  0]MapCheck: New page: TAG - 26/1/2016 11:03:05
[2016.01.26-09.03.05:493][  0]MapCheck: Información Map check complete: 0 Error(s), 0 Warning(s), took 194,338ms to complete.
[2016.01.26-09.03.05:493][  0]LogFileHelpers: Loading map 'TAG' took 3.810
[2016.01.26-09.03.05:631][  0]LogCollectionManager: Loaded 0 collections in 0.000895 seconds
[2016.01.26-09.03.05:638][  0]LogContentBrowser: Native class hierarchy populated in 0.0071 seconds. Added 1696 classes and 262 folders.
[2016.01.26-09.03.05:654][  0]LogContentBrowser:Verbose: The content browser source was changed by the sources view to '/Game'
[2016.01.26-09.03.05:666][  0]LogContentBrowser: Native class hierarchy updated for 'SceneOutliner' in 0.0012 seconds. Added 1 classes and 2 folders.
[2016.01.26-09.03.05:792][  0]LogCrashTracker: Crashtracker disabled due to settings.
[2016.01.26-09.03.05:796][  0]LogSlate:Warning: Failed to load font data from 'Veranda'
[2016.01.26-09.03.05:802][  0]LogUObjectGlobals:Warning: Error al encontrar el objeto 'Class Ninguno.'
[2016.01.26-09.03.05:831][  0]LogLoad: Full Startup: 14.53 seconds (BP compile: 0.07 seconds)
[2016.01.26-09.03.06:325][  0]LogRenderer:Warning: Reallocating scene render targets to support 32x32 (Frame:2).
[2016.01.26-09.03.06:498][  0]LogRenderer:Warning: Reallocating scene render targets to support 1208x576 (Frame:3).
[2016.01.26-09.03.07:299][  3]LogAssetRegistry: Asset discovery search completed in 6.8093 seconds
[2016.01.26-09.03.16:601][563]LogEditorViewport: Clicking on Actor (LMB): SkeletalMeshActor (Reloj)
[2016.01.26-09.03.18:605][574]Cmd: DELETE
[2016.01.26-09.03.18:605][574]Cmd: ACTOR DELETE
[2016.01.26-09.03.18:607][574]LogEditorActor: Deleted Actor: SkeletalMeshActor
[2016.01.26-09.03.18:631][574]LogEditorActor: Deleted 1 Actors (0.025 secs)
[2016.01.26-09.05.24:861][603]LogContentBrowser:Verbose: The content browser source was changed by the sources view to '/Game/Blueprints'
[2016.01.26-09.05.26:068][743]LogContentBrowser:Verbose: The content browser source was changed by the sources view to '/Game/Maps'
[2016.01.26-09.05.29:124][908]Cmd: OBJ SAVEPACKAGE PACKAGE="/Game/Maps/TAG" FILE="../../../../Users/XperienciaRender/Documents/Unreal Projects/TAG_HEUER/Content/Maps/TAG.umap" SILENT=true AUTOSAVING=false KEEPDIRTY=false
[2016.01.26-09.05.29:171][908]LogSavePackage: Save=34.699219ms
[2016.01.26-09.05.29:171][908]LogSavePackage: Moving '../../../../Users/XperienciaRender/Documents/Unreal Projects/TAG_HEUER/Saved/TAGDE77B30C4F885D5C4F036994C4187C47.tmp' to '../../../../Users/XperienciaRender/Documents/Unreal Projects/TAG_HEUER/Content/Maps/TAG.umap'
[2016.01.26-09.05.29:188][908]LogFileHelpers: Saving map 'TAG' took 0.106
[2016.01.26-09.05.29:189][908]Cmd: MAP LOAD FILE="../../../../Users/XperienciaRender/Documents/Unreal Projects/TAG_HEUER/Content/Maps/TAG.umap" TEMPLATE=0 SHOWPROGRESS=1 FEATURELEVEL=3
[2016.01.26-09.05.29:189][908]LightingResults: New page: Diseñar la iluminación
[2016.01.26-09.05.29:207][908]LoadErrors: New page: Cargando mapa: TAG.umap
[2016.01.26-09.05.29:207][908]MapCheck: New page: Revisión del mapa
[2016.01.26-09.05.29:207][908]LightingResults: New page: Diseñar la iluminación
[2016.01.26-09.05.29:213][908]LogParticles: Destroying 0 GPU particle simulations for FXSystem 0x00000077F9737E20
[2016.01.26-09.05.29:245][908]LogEditorServer: Finished looking for orphan Actors (0.000 secs)
[2016.01.26-09.05.29:247][908]LogAIModule: Creating AISystem for world TAG
[2016.01.26-09.05.29:293][908]Cmd: MAP CHECKDEP
[2016.01.26-09.05.29:293][908]MapCheck: New page: TAG - 26/1/2016 11:05:29
[2016.01.26-09.05.29:335][908]MapCheck: Información Map check complete: 0 Error(s), 0 Warning(s), took 41,35ms to complete.
[2016.01.26-09.05.29:336][908]LogFileHelpers: Loading map 'TAG' took 0.147
[2016.01.26-09.05.30:754][ 78]LogContentBrowser:Verbose: The content browser source was changed by the sources view to '/Game'
[2016.01.26-09.05.40:063][320]LogFactory: FactoryCreateBinary: StaticMesh with FbxFactory (0 0 ../../../../Users/XperienciaRender/Downloads/Reloj_01/Reloj_01.FBX)
[2016.01.26-09.05.40:092][320]LogFbx: ItemName: GlobalSettings, ItemCount : 1
[2016.01.26-09.05.40:092][320]LogFbx: ItemName: AnimationStack, ItemCount : 1
[2016.01.26-09.05.40:092][320]LogFbx: ItemName: AnimationLayer, ItemCount : 1
[2016.01.26-09.05.40:092][320]LogFbx: ItemName: Model, ItemCount : 1
[2016.01.26-09.05.40:092][320]LogFbx: ItemName: Material, ItemCount : 8
[2016.01.26-09.05.40:092][320]LogFbx: ItemName: Geometry, ItemCount : 1
[2016.01.26-09.06.04:258][320]LogFbx: Loading FBX Scene from ../../../../Users/XperienciaRender/Downloads/Reloj_01/Reloj_01.FBX
[2016.01.26-09.06.04:496][320]LogFbx: FBX Scene Loaded Succesfully
[2016.01.26-09.06.04:516][320]LogLinker:Warning: No puede encontrar el archivo '/Game/WHite'
[2016.01.26-09.06.04:516][320]LogLinker:Warning: No puede encontrar el archivo '/Game/WHite'
[2016.01.26-09.06.04:516][320]LogUObjectGlobals:Warning: Error al encontrar el objeto 'MaterialInterface /Game/WHite.WHite'
[2016.01.26-09.06.04:520][320]LogMaterial: Missing cached shader map for material WHite, compiling. 
[2016.01.26-09.06.04:538][320]LogLinker:Warning: No puede encontrar el archivo '/Game/Gray_Metal'
[2016.01.26-09.06.04:538][320]LogLinker:Warning: No puede encontrar el archivo '/Game/Gray_Metal'
[2016.01.26-09.06.04:538][320]LogUObjectGlobals:Warning: Error al encontrar el objeto 'MaterialInterface /Game/Gray_Metal.Gray_Metal'
[2016.01.26-09.06.04:540][320]LogMaterial: Missing cached shader map for material Gray_Metal, compiling. 
[2016.01.26-09.06.04:544][320]LogLinker:Warning: No puede encontrar el archivo '/Game/Black_Matte'
[2016.01.26-09.06.04:545][320]LogLinker:Warning: No puede encontrar el archivo '/Game/Black_Matte'
[2016.01.26-09.06.04:545][320]LogUObjectGlobals:Warning: Error al encontrar el objeto 'MaterialInterface /Game/Black_Matte.Black_Matte'
[2016.01.26-09.06.04:547][320]LogMaterial: Missing cached shader map for material Black_Matte, compiling. 
[2016.01.26-09.06.04:551][320]LogLinker:Warning: No puede encontrar el archivo '/Game/Belt'
[2016.01.26-09.06.04:551][320]LogLinker:Warning: No puede encontrar el archivo '/Game/Belt'
[2016.01.26-09.06.04:551][320]LogUObjectGlobals:Warning: Error al encontrar el objeto 'MaterialInterface /Game/Belt.Belt'
[2016.01.26-09.06.04:554][320]LogMaterial: Missing cached shader map for material Belt, compiling. 
[2016.01.26-09.06.04:559][320]LogLinker:Warning: No puede encontrar el archivo '/Game/Black_In'
[2016.01.26-09.06.04:559][320]LogLinker:Warning: No puede encontrar el archivo '/Game/Black_In'
[2016.01.26-09.06.04:559][320]LogUObjectGlobals:Warning: Error al encontrar el objeto 'MaterialInterface /Game/Black_In.Black_In'
[2016.01.26-09.06.04:562][320]LogMaterial: Missing cached shader map for material Black_In, compiling. 
[2016.01.26-09.06.04:567][320]LogLinker:Warning: No puede encontrar el archivo '/Game/Glass'
[2016.01.26-09.06.04:567][320]LogLinker:Warning: No puede encontrar el archivo '/Game/Glass'
[2016.01.26-09.06.04:568][320]LogUObjectGlobals:Warning: Error al encontrar el objeto 'MaterialInterface /Game/Glass.Glass'
[2016.01.26-09.06.04:570][320]LogMaterial: Missing cached shader map for material Glass, compiling. 
[2016.01.26-09.06.04:575][320]LogLinker:Warning: No puede encontrar el archivo '/Game/GrayIn'
[2016.01.26-09.06.04:575][320]LogLinker:Warning: No puede encontrar el archivo '/Game/GrayIn'
[2016.01.26-09.06.04:575][320]LogUObjectGlobals:Warning: Error al encontrar el objeto 'MaterialInterface /Game/GrayIn.GrayIn'
[2016.01.26-09.06.04:578][320]LogMaterial: Missing cached shader map for material GrayIn, compiling. 
[2016.01.26-09.06.04:582][320]LogLinker:Warning: No puede encontrar el archivo '/Game/Red'
[2016.01.26-09.06.04:582][320]LogLinker:Warning: No puede encontrar el archivo '/Game/Red'
[2016.01.26-09.06.04:582][320]LogUObjectGlobals:Warning: Error al encontrar el objeto 'MaterialInterface /Game/Red.Red'
[2016.01.26-09.06.04:585][320]LogMaterial: Missing cached shader map for material Red, compiling. 
[2016.01.26-09.06.04:898][320]LogFbx: == Initial material list:
[2016.01.26-09.06.04:898][320]LogFbx: 0: WHite
[2016.01.26-09.06.04:898][320]LogFbx: 1: Gray Metal
[2016.01.26-09.06.04:898][320]LogFbx: 2: Black Matte
[2016.01.26-09.06.04:898][320]LogFbx: 3: Belt
[2016.01.26-09.06.04:898][320]LogFbx: 4: Black In
[2016.01.26-09.06.04:898][320]LogFbx: 5: Glass
[2016.01.26-09.06.04:898][320]LogFbx: 6: GrayIn
[2016.01.26-09.06.04:898][320]LogFbx: 7: Red
[2016.01.26-09.06.04:898][320]LogFbx: == After sorting:
[2016.01.26-09.06.04:898][320]LogFbx: 0: WHite
[2016.01.26-09.06.04:898][320]LogFbx: 1: Gray Metal
[2016.01.26-09.06.04:898][320]LogFbx: 2: Black Matte
[2016.01.26-09.06.04:898][320]LogFbx: 3: Belt
[2016.01.26-09.06.04:898][320]LogFbx: 4: Black In
[2016.01.26-09.06.04:898][320]LogFbx: 5: Glass
[2016.01.26-09.06.04:898][320]LogFbx: 6: GrayIn
[2016.01.26-09.06.04:898][320]LogFbx: 7: Red
[2016.01.26-09.06.04:898][320]LogFbx: == Mapping table:
[2016.01.26-09.06.04:898][320]LogFbx:   sort 0 -> 0
[2016.01.26-09.06.04:898][320]LogFbx:   sort 1 -> 1
[2016.01.26-09.06.04:898][320]LogFbx:   sort 2 -> 2
[2016.01.26-09.06.04:898][320]LogFbx:   sort 3 -> 3
[2016.01.26-09.06.04:898][320]LogFbx:   sort 4 -> 4
[2016.01.26-09.06.04:898][320]LogFbx:   sort 5 -> 5
[2016.01.26-09.06.04:898][320]LogFbx:   sort 6 -> 6
[2016.01.26-09.06.04:898][320]LogFbx:   sort 7 -> 7
[2016.01.26-09.06.05:108][320]LogStaticMesh: Generando la malla estática Reloj_01...
[2016.01.26-09.06.34:989][320]LogStaticMesh: Built static mesh [29880.115234ms] /Game/Reloj_01.Reloj_01
[2016.01.26-09.06.35:639][320]LogStaticMesh:Warning: Reloj_01 ha degenerado bases de tangente, lo que provocará un sombreado incorrecto. 
[2016.01.26-09.06.53:182][320]LogContentBrowser:Verbose: The content browser source was changed by the sources view to 'None'
[2016.01.26-09.06.53:182][320]LogContentBrowser:Verbose: The content browser source was changed by the sources view to '/Game'
[2016.01.26-09.06.56:613][617]LogRenderer:Warning: Reallocating scene render targets to support 1432x928 (Frame:6412).
[2016.01.26-09.07.07:223][839]LogActorFactory: Actor Factory created Reloj_01
[2016.01.26-09.07.07:876][917]LogActorFactory: Actor Factory created Reloj_01
[2016.01.26-09.07.18:428][155]LogParticles: Destroying 0 GPU particle simulations for FXSystem 0x00000077F90889A0
[2016.01.26-09.07.18:517][155]Cmd: OBJ SAVEPACKAGE PACKAGE="/Game/Maps/TAG" FILE="../../../../Users/XperienciaRender/Documents/Unreal Projects/TAG_HEUER/Content/Maps/TAG.umap" SILENT=true AUTOSAVING=false KEEPDIRTY=false
[2016.01.26-09.07.18:560][155]LogSavePackage: Save=34.675457ms
[2016.01.26-09.07.18:560][155]LogSavePackage: Moving '../../../../Users/XperienciaRender/Documents/Unreal Projects/TAG_HEUER/Saved/TAGFEB6361C472F50D74654B5832F7A31D0.tmp' to '../../../../Users/XperienciaRender/Documents/Unreal Projects/TAG_HEUER/Content/Maps/TAG.umap'
[2016.01.26-09.07.18:578][155]LogFileHelpers: Saving map 'TAG' took 0.103
[2016.01.26-09.07.18:591][155]Cmd: OBJ SAVEPACKAGE PACKAGE="/Game/Red" FILE="../../../../Users/XperienciaRender/Documents/Unreal Projects/TAG_HEUER/Content/Red.uasset" SILENT=true
[2016.01.26-09.07.18:788][155]LogSavePackage: Save=197.089218ms
[2016.01.26-09.07.18:788][155]LogSavePackage: Moving '../../../../Users/XperienciaRender/Documents/Unreal Projects/TAG_HEUER/Saved/RedD693219A41D49E0D6A5C4CAFCCFCCA95.tmp' to '../../../../Users/XperienciaRender/Documents/Unreal Projects/TAG_HEUER/Content/Red.uasset'
[2016.01.26-09.07.18:802][155]Cmd: OBJ SAVEPACKAGE PACKAGE="/Game/GrayIn" FILE="../../../../Users/XperienciaRender/Documents/Unreal Projects/TAG_HEUER/Content/GrayIn.uasset" SILENT=true
[2016.01.26-09.07.19:155][155]LogSavePackage: Save=352.357452ms
[2016.01.26-09.07.19:155][155]LogSavePackage: Moving '../../../../Users/XperienciaRender/Documents/Unreal Projects/TAG_HEUER/Saved/GrayInDA50624D4818AA82796F468C29B0EFDB.tmp' to '../../../../Users/XperienciaRender/Documents/Unreal Projects/TAG_HEUER/Content/GrayIn.uasset'
[2016.01.26-09.07.19:169][155]Cmd: OBJ SAVEPACKAGE PACKAGE="/Game/Glass" FILE="../../../../Users/XperienciaRender/Documents/Unreal Projects/TAG_HEUER/Content/Glass.uasset" SILENT=true
[2016.01.26-09.07.19:516][155]LogSavePackage: Save=346.377502ms
[2016.01.26-09.07.19:516][155]LogSavePackage: Moving '../../../../Users/XperienciaRender/Documents/Unreal Projects/TAG_HEUER/Saved/Glass51661EDD4073F86691D81DB7EFCA5CF0.tmp' to '../../../../Users/XperienciaRender/Documents/Unreal Projects/TAG_HEUER/Content/Glass.uasset'
[2016.01.26-09.07.19:531][155]Cmd: OBJ SAVEPACKAGE PACKAGE="/Game/Black_In" FILE="../../../../Users/XperienciaRender/Documents/Unreal Projects/TAG_HEUER/Content/Black_In.uasset" SILENT=true
[2016.01.26-09.07.19:810][155]LogSavePackage: Save=279.094482ms
[2016.01.26-09.07.19:810][155]LogSavePackage: Moving '../../../../Users/XperienciaRender/Documents/Unreal Projects/TAG_HEUER/Saved/Black_In1B55AB834E5161D7B4778FB00C651432.tmp' to '../../../../Users/XperienciaRender/Documents/Unreal Projects/TAG_HEUER/Content/Black_In.uasset'
[2016.01.26-09.07.19:824][155]Cmd: OBJ SAVEPACKAGE PACKAGE="/Game/Belt" FILE="../../../../Users/XperienciaRender/Documents/Unreal Projects/TAG_HEUER/Content/Belt.uasset" SILENT=true
[2016.01.26-09.07.20:178][155]LogSavePackage: Save=353.834961ms
[2016.01.26-09.07.20:178][155]LogSavePackage: Moving '../../../../Users/XperienciaRender/Documents/Unreal Projects/TAG_HEUER/Saved/BeltCA0A18A64D44138DCF2B559F39C736FA.tmp' to '../../../../Users/XperienciaRender/Documents/Unreal Projects/TAG_HEUER/Content/Belt.uasset'
[2016.01.26-09.07.20:192][155]Cmd: OBJ SAVEPACKAGE PACKAGE="/Game/Black_Matte" FILE="../../../../Users/XperienciaRender/Documents/Unreal Projects/TAG_HEUER/Content/Black_Matte.uasset" SILENT=true
[2016.01.26-09.07.20:477][155]LogSavePackage: Save=283.927338ms
[2016.01.26-09.07.20:477][155]LogSavePackage: Moving '../../../../Users/XperienciaRender/Documents/Unreal Projects/TAG_HEUER/Saved/Black_MatteE4651491466BDED58F5C7BA64AFAFCCE.tmp' to '../../../../Users/XperienciaRender/Documents/Unreal Projects/TAG_HEUER/Content/Black_Matte.uasset'
[2016.01.26-09.07.20:490][155]Cmd: OBJ SAVEPACKAGE PACKAGE="/Game/Gray_Metal" FILE="../../../../Users/XperienciaRender/Documents/Unreal Projects/TAG_HEUER/Content/Gray_Metal.uasset" SILENT=true
[2016.01.26-09.07.20:845][155]LogSavePackage: Save=354.017883ms
[2016.01.26-09.07.20:845][155]LogSavePackage: Moving '../../../../Users/XperienciaRender/Documents/Unreal Projects/TAG_HEUER/Saved/Gray_Metal8A5679F047FBA666712CBB93C7B7F20B.tmp' to '../../../../Users/XperienciaRender/Documents/Unreal Projects/TAG_HEUER/Content/Gray_Metal.uasset'
[2016.01.26-09.07.20:859][155]Cmd: OBJ SAVEPACKAGE PACKAGE="/Game/WHite" FILE="../../../../Users/XperienciaRender/Documents/Unreal Projects/TAG_HEUER/Content/WHite.uasset" SILENT=true
[2016.01.26-09.07.21:199][155]LogSavePackage: Save=339.491302ms
[2016.01.26-09.07.21:199][155]LogSavePackage: Moving '../../../../Users/XperienciaRender/Documents/Unreal Projects/TAG_HEUER/Saved/WHiteFB57E18F4F7361CC6D00BA9B27866AF4.tmp' to '../../../../Users/XperienciaRender/Documents/Unreal Projects/TAG_HEUER/Content/WHite.uasset'
[2016.01.26-09.07.21:213][155]Cmd: OBJ SAVEPACKAGE PACKAGE="/Game/Reloj_01" FILE="../../../../Users/XperienciaRender/Documents/Unreal Projects/TAG_HEUER/Content/Reloj_01.uasset" SILENT=true
[2016.01.26-09.07.21:488][155]LogSavePackage: Save=274.751953ms
[2016.01.26-09.07.21:488][155]LogSavePackage: Moving '../../../../Users/XperienciaRender/Documents/Unreal Projects/TAG_HEUER/Saved/Reloj_01982814B7461FC88D9770AD825684234C.tmp' to '../../../../Users/XperienciaRender/Documents/Unreal Projects/TAG_HEUER/Content/Reloj_01.uasset'
[2016.01.26-09.07.28:176][956]LogEditorViewport: Clicking on Actor (LMB): BP_Sky_Sphere_C (Sky Sphere)
[2016.01.26-09.07.50:993][528]Cmd: QUIT_EDITOR
[2016.01.26-09.07.51:153][528]LogExit: Preparing to exit.
[2016.01.26-09.07.51:781][528]LogExit: Editor shut down
[2016.01.26-09.07.51:781][528]LogExit: Transaction tracking system shut down
[2016.01.26-09.07.51:782][528]LogParticles: Destroying 0 GPU particle simulations for FXSystem 0x00000077E5184860
[2016.01.26-09.07.51:782][528]LogParticles: Destroying 0 GPU particle simulations for FXSystem 0x00000077E85A0680
[2016.01.26-09.07.51:782][528]LogParticles: Destroying 0 GPU particle simulations for FXSystem 0x00000077E7D7CA40
[2016.01.26-09.07.51:782][528]LogParticles: Destroying 0 GPU particle simulations for FXSystem 0x00000077FE349940
[2016.01.26-09.07.51:782][528]LogParticles: Destroying 0 GPU particle simulations for FXSystem 0x00000077818F6340
[2016.01.26-09.07.51:817][528]LogExit: Object subsystem successfully closed.
[2016.01.26-09.07.51:853][528]LogModuleManager: Shutting down and abandoning module StaticMeshEditor (174)
[2016.01.26-09.07.51:853][528]LogModuleManager: Shutting down and abandoning module CrashTracker (173)
[2016.01.26-09.07.51:853][528]LogModuleManager: Shutting down and abandoning module SuperSearch (172)
[2016.01.26-09.07.51:853][528]LogModuleManager: Shutting down and abandoning module SceneOutliner (171)
[2016.01.26-09.07.51:853][528]LogModuleManager: Shutting down and abandoning module EditorWidgets (170)
[2016.01.26-09.07.51:853][528]LogModuleManager: Shutting down and abandoning module CollectionManager (169)
[2016.01.26-09.07.51:853][528]LogModuleManager: Shutting down and abandoning module StatsViewer (168)
[2016.01.26-09.07.51:853][528]LogModuleManager: Shutting down and abandoning module FoliageEdit (167)
[2016.01.26-09.07.51:853][528]LogModuleManager: Shutting down and abandoning module LandscapeEditor (166)
[2016.01.26-09.07.51:854][528]LogModuleManager: Shutting down and abandoning module MeshPaint (165)
[2016.01.26-09.07.51:854][528]LogModuleManager: Shutting down and abandoning module ActorPickerMode (164)
[2016.01.26-09.07.51:854][528]LogModuleManager: Shutting down and abandoning module GeometryMode (163)
[2016.01.26-09.07.51:854][528]LogModuleManager: Shutting down and abandoning module TextureAlignMode (162)
[2016.01.26-09.07.51:854][528]LogModuleManager: Shutting down and abandoning module BspMode (161)
[2016.01.26-09.07.51:854][528]LogModuleManager: Shutting down and abandoning module PlacementMode (160)
[2016.01.26-09.07.51:854][528]LogModuleManager: Shutting down and abandoning module AutomationWorker (159)
[2016.01.26-09.07.51:854][528]LogModuleManager: Shutting down and abandoning module CharacterAI (158)
[2016.01.26-09.07.51:854][528]LogModuleManager: Shutting down and abandoning module SmartSnapping (157)
[2016.01.26-09.07.51:854][528]LogModuleManager: Shutting down and abandoning module ViewportSnapping (156)
[2016.01.26-09.07.51:854][528]LogModuleManager: Shutting down and abandoning module LogVisualizer (155)
[2016.01.26-09.07.51:854][528]LogModuleManager: Shutting down and abandoning module GameProjectGeneration (154)
[2016.01.26-09.07.51:855][528]LogModuleManager: Shutting down and abandoning module IntroTutorials (153)
[2016.01.26-09.07.51:855][528]LogModuleManager: Shutting down and abandoning module EditorLiveStreaming (152)
[2016.01.26-09.07.51:855][528]LogModuleManager: Shutting down and abandoning module HardwareTargeting (151)
[2016.01.26-09.07.51:855][528]LogModuleManager: Shutting down and abandoning module DeviceProfileEditor (150)
[2016.01.26-09.07.51:855][528]LogModuleManager: Shutting down and abandoning module UndoHistory (149)
[2016.01.26-09.07.51:855][528]LogModuleManager: Shutting down and abandoning module GameplayTagsEditor (148)
[2016.01.26-09.07.51:855][528]LogModuleManager: Shutting down and abandoning module UserFeedback (147)
[2016.01.26-09.07.51:855][528]LogModuleManager: Shutting down and abandoning module XmlParser (146)
[2016.01.26-09.07.51:855][528]LogModuleManager: Shutting down and abandoning module Blutility (145)
[2016.01.26-09.07.51:855][528]LogModuleManager: Shutting down and abandoning module IOSPlatformEditor (144)
[2016.01.26-09.07.51:855][528]LogModuleManager: Shutting down and abandoning module IOSRuntimeSettings (143)
[2016.01.26-09.07.51:855][528]LogModuleManager: Shutting down and abandoning module AndroidDeviceDetection (142)
[2016.01.26-09.07.52:425][528]LogModuleManager: Shutting down and abandoning module AndroidPlatformEditor (141)
[2016.01.26-09.07.52:425][528]LogModuleManager: Shutting down and abandoning module AndroidRuntimeSettings (140)
[2016.01.26-09.07.52:425][528]LogModuleManager: Shutting down and abandoning module ProjectTargetPlatformEditor (139)
[2016.01.26-09.07.52:425][528]LogModuleManager: Shutting down and abandoning module ProjectSettingsViewer (138)
[2016.01.26-09.07.52:425][528]LogModuleManager: Shutting down and abandoning module InputBindingEditor (137)
[2016.01.26-09.07.52:425][528]LogModuleManager: Shutting down and abandoning module EditorSettingsViewer (136)
[2016.01.26-09.07.52:425][528]LogModuleManager: Shutting down and abandoning module SettingsEditor (135)
[2016.01.26-09.07.52:425][528]LogModuleManager: Shutting down and abandoning module ProjectLauncher (134)
[2016.01.26-09.07.52:425][528]LogModuleManager: Shutting down and abandoning module SessionFrontend (133)
[2016.01.26-09.07.52:425][528]LogModuleManager: Shutting down and abandoning module ProfilerClient (132)
[2016.01.26-09.07.52:426][528]LogModuleManager: Shutting down and abandoning module TargetDeviceServices (131)
[2016.01.26-09.07.52:426][528]LogModuleManager: Shutting down and abandoning module DeviceManager (130)
[2016.01.26-09.07.52:426][528]LogModuleManager: Shutting down and abandoning module AutomationController (129)
[2016.01.26-09.07.52:426][528]LogModuleManager: Shutting down and abandoning module AutomationWindow (128)
[2016.01.26-09.07.52:426][528]LogModuleManager: Shutting down and abandoning module Layers (127)
[2016.01.26-09.07.52:427][528]LogModuleManager: Shutting down and abandoning module ComponentVisualizers (126)
[2016.01.26-09.07.52:427][528]LogModuleManager: Shutting down and abandoning module DetailCustomizations (125)
[2016.01.26-09.07.52:427][528]LogModuleManager: Shutting down and abandoning module PackagesDialog (124)
[2016.01.26-09.07.52:427][528]LogModuleManager: Shutting down and abandoning module AssetRegistry (123)
[2016.01.26-09.07.52:465][528]LogModuleManager: Shutting down and abandoning module Persona (122)
[2016.01.26-09.07.52:465][528]LogModuleManager: Shutting down and abandoning module SlateReflector (121)
[2016.01.26-09.07.52:465][528]LogModuleManager: Shutting down and abandoning module LevelEditor (120)
[2016.01.26-09.07.52:466][528]LogModuleManager: Shutting down and abandoning module Kismet (119)
[2016.01.26-09.07.52:466][528]LogModuleManager: Shutting down and abandoning module GraphEditor (118)
[2016.01.26-09.07.52:467][528]LogModuleManager: Shutting down and abandoning module ClassViewer (117)
[2016.01.26-09.07.52:467][528]LogModuleManager: Shutting down and abandoning module Toolbox (116)
[2016.01.26-09.07.52:467][528]LogModuleManager: Shutting down and abandoning module ModuleUI (115)
[2016.01.26-09.07.52:468][528]LogModuleManager: Shutting down and abandoning module MovieSceneTools (114)
[2016.01.26-09.07.52:469][528]LogModuleManager: Shutting down and abandoning module OutputLog (113)
[2016.01.26-09.07.52:469][528]LogModuleManager: Shutting down and abandoning module GammaUI (112)
[2016.01.26-09.07.52:469][528]LogModuleManager: Shutting down and abandoning module Documentation (111)
[2016.01.26-09.07.52:469][528]LogModuleManager: Shutting down and abandoning module GameLiveStreaming (110)
[2016.01.26-09.07.52:469][528]LogModuleManager: Shutting down and abandoning module StreamingPauseRendering (109)
[2016.01.26-09.07.52:469][528]LogModuleManager: Shutting down and abandoning module HTTP (108)
[2016.01.26-09.07.52:469][528]LogModuleManager: Shutting down and abandoning module AnalyticsET (107)
[2016.01.26-09.07.52:469][528]LogModuleManager: Shutting down and abandoning module Analytics (106)
[2016.01.26-09.07.52:469][528]LogModuleManager: Shutting down and abandoning module AITestSuite (105)
[2016.01.26-09.07.52:469][528]LogModuleManager: Shutting down and abandoning module GameplayDebugger (104)
[2016.01.26-09.07.52:469][528]LogModuleManager: Shutting down and abandoning module AIModule (103)
[2016.01.26-09.07.52:469][528]LogModuleManager: Shutting down and abandoning module ProfilerService (102)
[2016.01.26-09.07.52:630][528]LogModuleManager: Shutting down and abandoning module TaskGraph (101)
[2016.01.26-09.07.52:630][528]LogModuleManager: Shutting down and abandoning module SlateRemote (100)
[2016.01.26-09.07.52:630][528]LogModuleManager: Shutting down and abandoning module ScriptEditorPlugin (99)
[2016.01.26-09.07.52:630][528]LogModuleManager: Shutting down and abandoning module CustomMeshComponent (98)
[2016.01.26-09.07.52:630][528]LogModuleManager: Shutting down and abandoning module CableComponent (97)
[2016.01.26-09.07.52:630][528]LogModuleManager: Shutting down and abandoning module MessagingDebugger (96)
[2016.01.26-09.07.52:631][528]LogModuleManager: Shutting down and abandoning module MediaPlayerEditor (95)
[2016.01.26-09.07.52:631][528]LogModuleManager: Shutting down and abandoning module SpeedTreeImporter (94)
[2016.01.26-09.07.52:631][528]LogModuleManager: Shutting down and abandoning module PluginsEditor (93)
[2016.01.26-09.07.52:631][528]LogModuleManager: Shutting down and abandoning module MainFrame (92)
[2016.01.26-09.07.52:631][528]LogModuleManager: Shutting down and abandoning module EpicSurvey (91)
[2016.01.26-09.07.52:631][528]LogModuleManager: Shutting down and abandoning module DesktopPlatform (90)
[2016.01.26-09.07.52:632][528]LogModuleManager: Shutting down and abandoning module DirectoryWatcher (89)
[2016.01.26-09.07.52:632][528]LogModuleManager: Shutting down and abandoning module HotReload (88)
[2016.01.26-09.07.52:632][528]LogModuleManager: Shutting down and abandoning module VisualStudioSourceCodeAccess (87)
[2016.01.26-09.07.52:632][528]LogModuleManager: Shutting down and abandoning module UObjectPlugin (86)
[2016.01.26-09.07.52:632][528]LogModuleManager: Shutting down and abandoning module SubversionSourceControl (85)
[2016.01.26-09.07.52:632][528]LogModuleManager: Shutting down and abandoning module PerforceSourceControl (84)
[2016.01.26-09.07.52:632][528]LogModuleManager: Shutting down and abandoning module SourceControl (83)
[2016.01.26-09.07.52:632][528]LogModuleManager: Shutting down and abandoning module GitSourceControl (82)
[2016.01.26-09.07.52:632][528]LogModuleManager: Shutting down and abandoning module ExportObjectPlugin (81)
[2016.01.26-09.07.52:632][528]LogModuleManager: Shutting down and abandoning module BlankPlugin (80)
[2016.01.26-09.07.52:632][528]LogModuleManager: Shutting down and abandoning module PaperTiledImporter (79)
[2016.01.26-09.07.52:632][528]LogModuleManager: Shutting down and abandoning module PaperJsonImporter (78)
[2016.01.26-09.07.52:632][528]LogModuleManager: Shutting down and abandoning module ContentBrowser (77)
[2016.01.26-09.07.52:632][528]LogModuleManager: Shutting down and abandoning module Paper2DEditor (76)
[2016.01.26-09.07.52:632][528]LogModuleManager: Shutting down and abandoning module ScriptPlugin (75)
[2016.01.26-09.07.52:633][528]LogModuleManager: Shutting down and abandoning module UdpMessaging (74)
[2016.01.26-09.07.52:733][528]LogModuleManager: Shutting down and abandoning module Paper2D (73)
[2016.01.26-09.07.52:733][528]LogModuleManager: Shutting down and abandoning module WindowsMoviePlayer (72)
[2016.01.26-09.07.52:734][528]LogModuleManager: Shutting down and abandoning module Media (71)
[2016.01.26-09.07.52:734][528]LogModuleManager: Shutting down and abandoning module WmfMedia (70)
[2016.01.26-09.07.52:734][528]LogModuleManager: Shutting down and abandoning module OnlineBlueprintSupport (69)
[2016.01.26-09.07.52:734][528]LogModuleManager: Shutting down and abandoning module PropertyEditor (68)
[2016.01.26-09.07.52:734][528]LogModuleManager: Shutting down and abandoning module BehaviorTreeEditor (67)
[2016.01.26-09.07.52:736][528]LogModuleManager: Shutting down and abandoning module FunctionalTesting (66)
[2016.01.26-09.07.52:736][528]LogModuleManager: Shutting down and abandoning module CollisionAnalyzer (65)
[2016.01.26-09.07.52:736][528]LogModuleManager: Shutting down and abandoning module WorkspaceMenuStructure (64)
[2016.01.26-09.07.52:736][528]LogModuleManager: Shutting down and abandoning module MessageLog (63)
[2016.01.26-09.07.52:736][528]LogModuleManager: Shutting down and abandoning module Sequencer (62)
[2016.01.26-09.07.52:738][528]LogModuleManager: Shutting down and abandoning module AssetTools (61)
[2016.01.26-09.07.52:738][528]LogModuleManager: Shutting down and abandoning module UMGEditor (60)
[2016.01.26-09.07.52:738][528]LogModuleManager: Shutting down and abandoning module UMG (59)
[2016.01.26-09.07.52:738][528]LogModuleManager: Shutting down and abandoning module Slate (58)
[2016.01.26-09.07.52:738][528]LogModuleManager: Shutting down and abandoning module EditorStyle (57)
[2016.01.26-09.07.52:740][528]LogModuleManager: Shutting down and abandoning module SessionServices (56)
[2016.01.26-09.07.52:740][528]LogModuleManager: Shutting down and abandoning module SourceCodeAccess (55)
[2016.01.26-09.07.52:740][528]LogModuleManager: Shutting down and abandoning module HeadMountedDisplay (54)
[2016.01.26-09.07.52:740][528]LogModuleManager: Shutting down and abandoning module XAudio2 (53)
[2016.01.26-09.07.52:740][528]LogModuleManager: Shutting down and abandoning module Networking (51)
[2016.01.26-09.07.52:740][528]LogModuleManager: Shutting down and abandoning module Core (50)
[2016.01.26-09.07.52:740][528]LogModuleManager: Shutting down and abandoning module KismetCompiler (49)
[2016.01.26-09.07.52:740][528]LogModuleManager: Shutting down and abandoning module PhysXFormats (48)
[2016.01.26-09.07.52:740][528]LogModuleManager: Shutting down and abandoning module MeshUtilities (47)
[2016.01.26-09.07.52:740][528]LogModuleManager: Shutting down and abandoning module DerivedDataCache (46)
[2016.01.26-09.07.52:769][528]LogDerivedDataCache: Shutdown
[2016.01.26-09.07.52:769][528]LogModuleManager: Shutting down and abandoning module ShaderFormatOpenGL (45)
[2016.01.26-09.07.52:769][528]LogModuleManager: Shutting down and abandoning module ShaderFormatD3D (44)
[2016.01.26-09.07.52:769][528]LogModuleManager: Shutting down and abandoning module MetalShaderFormat (43)
[2016.01.26-09.07.52:770][528]LogModuleManager: Shutting down and abandoning module TextureFormatUncompressed (42)
[2016.01.26-09.07.52:770][528]LogModuleManager: Shutting down and abandoning module TextureFormatPVR (41)
[2016.01.26-09.07.52:770][528]LogModuleManager: Shutting down and abandoning module TextureFormatIntelISPCTexComp (40)
[2016.01.26-09.07.52:770][528]LogModuleManager: Shutting down and abandoning module TextureFormatDXT (39)
[2016.01.26-09.07.52:770][528]LogModuleManager: Shutting down and abandoning module ImageWrapper (38)
[2016.01.26-09.07.52:770][528]LogModuleManager: Shutting down and abandoning module TextureFormatASTC (37)
[2016.01.26-09.07.52:770][528]LogModuleManager: Shutting down and abandoning module AudioFormatOpus (36)
[2016.01.26-09.07.52:770][528]LogModuleManager: Shutting down and abandoning module AudioFormatOgg (35)
[2016.01.26-09.07.52:770][528]LogModuleManager: Shutting down and abandoning module AudioFormatADPCM (34)
[2016.01.26-09.07.52:770][528]LogModuleManager: Shutting down and abandoning module Messaging (33)
[2016.01.26-09.07.52:770][528]LogModuleManager: Shutting down and abandoning module IOSTargetPlatform (32)
[2016.01.26-09.07.52:770][528]LogModuleManager: Shutting down and abandoning module HTML5TargetPlatform (31)
[2016.01.26-09.07.52:770][528]LogModuleManager: Shutting down and abandoning module Android_PVRTCTargetPlatform (30)
[2016.01.26-09.07.52:770][528]LogModuleManager: Shutting down and abandoning module Android_ETC2TargetPlatform (29)
[2016.01.26-09.07.52:770][528]LogModuleManager: Shutting down and abandoning module Android_ETC1TargetPlatform (28)
[2016.01.26-09.07.52:770][528]LogModuleManager: Shutting down and abandoning module Android_DXTTargetPlatform (27)
[2016.01.26-09.07.52:770][528]LogModuleManager: Shutting down and abandoning module Android_ATCTargetPlatform (26)
[2016.01.26-09.07.52:770][528]LogModuleManager: Shutting down and abandoning module AndroidTargetPlatform (25)
[2016.01.26-09.07.52:770][528]LogModuleManager: Shutting down and abandoning module WindowsTargetPlatform (24)
[2016.01.26-09.07.52:770][528]LogModuleManager: Shutting down and abandoning module WindowsServerTargetPlatform (23)
[2016.01.26-09.07.52:770][528]LogModuleManager: Shutting down and abandoning module WindowsNoEditorTargetPlatform (22)
[2016.01.26-09.07.52:770][528]LogModuleManager: Shutting down and abandoning module WindowsClientTargetPlatform (21)
[2016.01.26-09.07.52:770][528]LogModuleManager: Shutting down and abandoning module TargetPlatform (20)
[2016.01.26-09.07.52:770][528]LogModuleManager: Shutting down and abandoning module InputCore (19)
[2016.01.26-09.07.52:770][528]LogModuleManager: Shutting down and abandoning module Settings (18)
[2016.01.26-09.07.52:770][528]LogModuleManager: Shutting down and abandoning module OnlineSubsystem (16)
[2016.01.26-09.07.52:770][528]LogModuleManager: Shutting down and abandoning module OculusRift (15)
[2016.01.26-09.07.52:770][528]LogModuleManager: Shutting down and abandoning module ExampleDeviceProfileSelector (14)
[2016.01.26-09.07.52:770][528]LogModuleManager: Shutting down and abandoning module TextureCompressor (13)
[2016.01.26-09.07.52:770][528]LogModuleManager: Shutting down and abandoning module ShaderCore (12)
[2016.01.26-09.07.52:770][528]LogModuleManager: Shutting down and abandoning module Landscape (11)
[2016.01.26-09.07.52:770][528]LogModuleManager: Shutting down and abandoning module SlateRHIRenderer (10)
[2016.01.26-09.07.52:771][528]LogModuleManager: Shutting down and abandoning module OpenGLDrv (9)
[2016.01.26-09.07.52:771][528]LogModuleManager: Shutting down and abandoning module D3D11RHI (8)
[2016.01.26-09.07.52:771][528]LogModuleManager: Shutting down and abandoning module Renderer (7)
[2016.01.26-09.07.52:771][528]LogModuleManager: Shutting down and abandoning module Engine (6)
[2016.01.26-09.07.52:771][528]LogModuleManager: Shutting down and abandoning module CoreUObject (5)
[2016.01.26-09.07.52:771][528]LogModuleManager: Shutting down and abandoning module NetworkFile (4)
[2016.01.26-09.07.52:771][528]LogModuleManager: Shutting down and abandoning module StreamingFile (3)
[2016.01.26-09.07.52:771][528]LogModuleManager: Shutting down and abandoning module SandboxFile (2)
[2016.01.26-09.07.52:771][528]LogModuleManager: Shutting down and abandoning module PakFile (1)
[2016.01.26-09.07.52:772][528]LogExit: Exiting.
[2016.01.26-09.07.52:782][528]Log file closed, 01/26/16 10:07:52
