Log file open, 01/25/16 18:54:19
LogInit:Display: Running engine for game: TAG_HEUER
LogInit: Version: 4.7.6-0+++depot+UE4-Releases+4.7
LogInit: API Version: 0
LogInit: Compiled (64-bit): Nov 17 2015 19:42:46
LogInit: Compiled with Visual C++: 18.00.40629.00
LogInit: Build Configuration: Development
LogInit: Branch Name: ++depot+UE4-Releases+4.7
LogInit: Command line:  
LogInit: Base directory: C:/UnrealEngine-4.7/Engine/Binaries/Win64/
LogInit: Rocket: 0
[2016.01.25-17.54.19:727][  0]LogTaskGraph: Started task graph with 3 named threads and 6 total threads.
[2016.01.25-17.54.19:775][  0]LogOnline:Warning: No default platform service specified for OnlineSubsystem
[2016.01.25-17.54.19:781][  0]LogInit: Presizing for 0 objects not considered by GC, pre-allocating 0 bytes.
[2016.01.25-17.54.19:787][  0]LogInit: Object subsystem initialized
[2016.01.25-17.54.19:788][  0]LogConsoleResponse:Warning: Skipping Unknown console variable: 'TranslucentSortAxis = (X=0.000000,Y=-1.000000,Z=0.000000)'
[2016.01.25-17.54.19:788][  0]LogConsoleResponse:Warning:   Found in ini file 'C:/Users/XperienciaRender/Documents/Unreal Projects/TAG_HEUER/Saved/Config/Windows/Engine.ini', in section '[/Script/Engine.RendererSettings]'
[2016.01.25-17.54.19:788][  0]LogConsoleResponse:Warning: Skipping Unknown console variable: 'UIScaleRule = ShortestSide'
[2016.01.25-17.54.19:788][  0]LogConsoleResponse:Warning:   Found in ini file 'C:/Users/XperienciaRender/Documents/Unreal Projects/TAG_HEUER/Saved/Config/Windows/Engine.ini', in section '[/Script/Engine.RendererSettings]'
[2016.01.25-17.54.19:788][  0]LogConsoleResponse:Warning: Skipping Unknown console variable: 'UIScaleCurve = (EditorCurveData=(Keys=),ExternalCurve=None)'
[2016.01.25-17.54.19:788][  0]LogConsoleResponse:Warning:   Found in ini file 'C:/Users/XperienciaRender/Documents/Unreal Projects/TAG_HEUER/Saved/Config/Windows/Engine.ini', in section '[/Script/Engine.RendererSettings]'
[2016.01.25-17.54.19:788][  0]LogInit: Selected Device Profile: [Windows]
[2016.01.25-17.54.19:788][  0]LogInit: Applying CVar settings loaded from the selected device profile: [Windows]
[2016.01.25-17.54.19:792][  0]LogInit: Computer: XVIRTUALRENDER
[2016.01.25-17.54.19:792][  0]LogInit: User: XperienciaRender
[2016.01.25-17.54.19:792][  0]LogInit: CPU Page size=4096, Cores=4
[2016.01.25-17.54.19:792][  0]LogInit: High frequency timer resolution =3.914064 MHz
[2016.01.25-17.54.19:792][  0]LogMemory: Memory total: Physical=32.0GB (32GB approx) Virtual=8192.0GB
[2016.01.25-17.54.19:792][  0]LogMemory: Platform Memory Stats for Windows
[2016.01.25-17.54.19:792][  0]LogMemory: Process Physical Memory: 45.48 MB used, 45.48 MB peak
[2016.01.25-17.54.19:792][  0]LogMemory: Process Virtual Memory: 25.48 MB used, 25.48 MB peak
[2016.01.25-17.54.19:792][  0]LogMemory: Physical Memory: 1757.63 MB used, 32720.31 MB total
[2016.01.25-17.54.19:792][  0]LogMemory: Virtual Memory: 289.16 MB used, 8388608.00 MB total
[2016.01.25-17.54.19:810][  0]LogD3D11RHI: Found D3D11 adapter 0: AMD Radeon (TM) R9 Fury Series (Feature Level 11_0)
[2016.01.25-17.54.19:810][  0]LogD3D11RHI: Adapter has 4070MB of dedicated video memory, 0MB of dedicated system memory, and 3840MB of shared system memory, 1 output[s]
[2016.01.25-17.54.19:811][  0]LogD3D11RHI: Found D3D11 adapter 1: Microsoft Basic Render Driver (Feature Level 11_0)
[2016.01.25-17.54.19:811][  0]LogD3D11RHI: Adapter has 0MB of dedicated video memory, 0MB of dedicated system memory, and 256MB of shared system memory, 0 output[s]
[2016.01.25-17.54.19:811][  0]LogD3D11RHI: Chosen D3D11 Adapter Id = 0
[2016.01.25-17.54.19:817][  0]LogRHI: Texture pool is 1361 MB (70% of 1945 MB)
[2016.01.25-17.54.19:824][  0]LogD3D11RHI: Async texture creation disabled: no driver support
[2016.01.25-17.54.19:864][  0]LogTextLocalizationManager: The requested culture ('es_ES') has no localization data; parent culture's ('es') localization data will be used.
[2016.01.25-17.54.19:890][  0]LogTextLocalizationManager:Warning: Loading localization resources contain conflicting entries for (Namespace:ContentBrowser, Key:ImportAssetToolTip):
Resource: (C:/UnrealEngine-4.7/Engine/Content/Localization/Editor/es/Editor.locres) Hash: (-630476809) String: (Importar a {0}...)
Resource: (C:/UnrealEngine-4.7/Engine/Content/Localization/Editor/es/Editor.locres) Hash: (1271782899) String: (Importa un activo desde el archivo a esta carpeta.)
[2016.01.25-17.54.19:926][  0]LogContentStreaming: Texture pool size is 0.000000MB
[2016.01.25-17.54.21:335][  0]LogTargetPlatformManager:Display: Building Assets For Windows
[2016.01.25-17.54.21:641][  0]LogTargetPlatformManager:Display: Building Assets For Windows
[2016.01.25-17.54.21:675][  0]LogDerivedDataCache:Display: Max Cache Size: 512 MB
[2016.01.25-17.54.21:703][  0]LogDerivedDataCache: Loaded boot cache 0.03s 39MB ../../../../Users/XperienciaRender/Documents/Unreal Projects/TAG_HEUER/DerivedDataCache/Boot.ddc.
[2016.01.25-17.54.21:703][  0]LogDerivedDataCache:Display: Loaded Boot cache: ../../../../Users/XperienciaRender/Documents/Unreal Projects/TAG_HEUER/DerivedDataCache/Boot.ddc
[2016.01.25-17.54.21:703][  0]LogDerivedDataCache: FDerivedDataBackendGraph:  Pak pak cache file ../../../../Users/XperienciaRender/Documents/Unreal Projects/TAG_HEUER/DerivedDataCache/DDC.ddp not found, will not use a pak cache.
[2016.01.25-17.54.21:703][  0]LogDerivedDataCache: Unable to find inner node Pak for hierarchical cache Hierarchy.
[2016.01.25-17.54.21:703][  0]LogDerivedDataCache: FDerivedDataBackendGraph:  EnginePak pak cache file ../../../Engine/DerivedDataCache/DDC.ddp not found, will not use a pak cache.
[2016.01.25-17.54.21:703][  0]LogDerivedDataCache: Unable to find inner node EnginePak for hierarchical cache Hierarchy.
[2016.01.25-17.54.21:715][  0]LogDerivedDataCache: Using Local data cache path ../../../Engine/DerivedDataCache: Writable
[2016.01.25-17.54.21:715][  0]LogDerivedDataCache: Shared data cache path not found in *engine.ini, will not use an Shared cache.
[2016.01.25-17.54.21:715][  0]LogDerivedDataCache: Unable to find inner node Shared for hierarchical cache Hierarchy.
[2016.01.25-17.54.21:890][  0]LogMeshUtilities: No automatic mesh reduction module available
[2016.01.25-17.54.21:890][  0]LogMeshUtilities: No automatic mesh merging module available
[2016.01.25-17.54.22:140][  0]LogInit: WinSock: version 1.1 (2.2), MaxSocks=32767, MaxUdp=65467
[2016.01.25-17.54.22:178][  0]LogSlate:Warning: Failed to load font data from '../../../Engine/Content/Slate/Fonts/Roboto-Italic.ttf'
[2016.01.25-17.54.22:620][  0]UdpMessaging: Initializing bridge on interface 0.0.0.0:0 to multicast group 230.0.0.1:6666.
[2016.01.25-17.54.22:751][  0]SourceControl: Información El control de código fuente está desactivado
[2016.01.25-17.54.22:751][  0]SourceControl: Información El control de código fuente está desactivado
[2016.01.25-17.54.22:751][  0]SourceControl: Información El control de código fuente está desactivado
[2016.01.25-17.54.22:751][  0]LogSourceControl: RunCommandInternalRaw: 'git version'
[2016.01.25-17.54.22:751][  0]LogSourceControl: RunCommandInternalRaw: ExecProcess ReturnCode=2 OutResults=''
[2016.01.25-17.54.22:756][  0]SourceControl: Información El control de código fuente está desactivado
[2016.01.25-17.54.22:848][  0]LogObj: 24234 objects as part of root set at end of initial load.
[2016.01.25-17.54.22:848][  0]LogUObjectAllocator: 5137560 out of 0 bytes used by permanent object pool.
[2016.01.25-17.54.22:902][  0]LogEngine: Initializing Engine...
[2016.01.25-17.54.22:902][  0]LogHMD:Warning: HMD Oculus Rift DK2, Monitor , res = 1920 x 1080, windowPos = {0, 0}
[2016.01.25-17.54.22:904][  0]LogHMD: Oculus plugin initialized. Version: 4.7.6-0+++depot+UE4-Releases+4.7, LibOVR: 0.4.4, built Nov 17 2015, 19:45:18
[2016.01.25-17.54.22:998][  0]LogInit: XAudio2 using 'Audio digital (HDMI) (2- Dispositivo de High Definition Audio)' : 2 channels at 44.1 kHz using 16 bits per sample (channel mask 0x3)
[2016.01.25-17.54.23:004][  0]LogInit: FAudioDevice initialized.
[2016.01.25-17.54.23:023][  0]LogAIModule: Creating AISystem for world NewWorld
[2016.01.25-17.54.23:037][  0]LogDerivedDataCache: Saved boot cache 0.01s 39MB ../../../../Users/XperienciaRender/Documents/Unreal Projects/TAG_HEUER/DerivedDataCache/Boot.ddc.
[2016.01.25-17.54.23:039][  0]LogInit: Texture streaming: Enabled
[2016.01.25-17.54.23:091][  0]LogAnalytics: Creating configured Analytics provider AnalyticsET
[2016.01.25-17.54.23:091][  0]LogAnalytics: ET APIKey = UnrealEngine.Release. APIServer = http://etsource.epicgames.com/ET2/. AppVersion = 4.7.6-0+++depot+UE4-Releases+4.7
[2016.01.25-17.54.23:091][  0]LogAnalytics: SetUserId d6168901472bba0ffb3e81af04f59a83|993bd6500af24810ad7ff9f04b6bd5ef|bb511fb2-8347-4713-aceb-f87baa5cc237
[2016.01.25-17.54.23:091][  0]LogAnalytics: AnalyticsET::StartSession [UnrealEngine.Release]
[2016.01.25-17.54.23:102][  0]LogInit: Transaction tracking system initialized
[2016.01.25-17.54.23:186][  0]BlueprintLog: New page: Cargar el editor
[2016.01.25-17.54.23:209][  0]LogAssetRegistry: FAssetRegistry took 0.0106 seconds to start up
[2016.01.25-17.54.23:209][  0]LogDirectoryWatcher:Warning: Failed to begin reading directory changes for ../../../Engine/Plugins/Experimental/CharacterAI/Content/. Error: 0
[2016.01.25-17.54.23:547][  0]OCULUS: [From Service] [Sensor2Impl] Lost 20 IMU samples: 21971 2 22
[2016.01.25-17.54.23:555][  0]LogTargetPlatformManager:Display: Building Assets For Windows
[2016.01.25-17.54.23:813][  0]LogTargetPlatformManager:Display: Building Assets For Windows
[2016.01.25-17.54.23:967][  0]LogSlate:Warning: Failed to load font data from '../../../Engine/Content/Editor/Slate/Fonts/Roboto-Regular.ttf'
[2016.01.25-17.54.23:968][  0]LogSlate:Warning: Failed to load font data from '../../../Engine/Content/Editor/Slate/Fonts/Roboto-Bold.ttf'
[2016.01.25-17.54.23:972][  0]LogConsoleResponse:Display: 
[2016.01.25-17.54.24:063][  0]LogCook:Display: Done creating registry. It took  0.00s.
[2016.01.25-17.54.24:135][  0]SourceControl: Información El control de código fuente está desactivado
[2016.01.25-17.54.24:135][  0]Cmd: MAP LOAD FILE="../../../../Users/XperienciaRender/Documents/Unreal Projects/TAG_HEUER/Content/Maps/TAG.umap" TEMPLATE=0 SHOWPROGRESS=1 FEATURELEVEL=3
[2016.01.25-17.54.24:136][  0]LightingResults: New page: Diseñar la iluminación
[2016.01.25-17.54.24:142][  0]MapCheck: New page: Revisión del mapa
[2016.01.25-17.54.24:142][  0]LightingResults: New page: Diseñar la iluminación
[2016.01.25-17.54.24:149][  0]LogParticles: Destroying 0 GPU particle simulations for FXSystem 0x000000EE78E6A200
[2016.01.25-17.54.24:950][  0]LogLinker:Warning: No puede encontrar el archivo '/Game/textures/stainless-steel_Mat'
[2016.01.25-17.54.24:950][  0]LogLinker:Warning: No puede encontrar el archivo para el activo '/Game/textures/stainless-steel_Mat' mientras carga ../../../../Users/XperienciaRender/Documents/Unreal Projects/TAG_HEUER/Content/Reloj.uasset.
[2016.01.25-17.54.24:950][  0]LoadErrors:Error: Error /Game/Reloj : No puede encontrar el archivo para el activo. /Game/textures/stainless-steel_Mat
[2016.01.25-17.54.25:041][  0]LogLinker:Warning: No puede encontrar el archivo '/Game/textures/stainless-steel_Mat'
[2016.01.25-17.54.25:041][  0]LogLinker:Warning: No puede encontrar el archivo para el activo '/Game/textures/stainless-steel_Mat' mientras carga ../../../../Users/XperienciaRender/Documents/Unreal Projects/TAG_HEUER/Content/Reloj.uasset.
[2016.01.25-17.54.25:041][  0]LoadErrors:Error: Error /Game/Reloj : No puede encontrar el archivo para el activo. /Game/textures/stainless-steel_Mat
[2016.01.25-17.54.25:057][  0]LogLinker:Warning: No puede encontrar el archivo '/Game/textures/stainless-steel_Mat'
[2016.01.25-17.54.25:057][  0]LoadErrors: Información Error al cargar /Game/textures/stainless-steel_Mat.stainless-steel_Mat Referenciado por Reloj
[2016.01.25-17.54.25:058][  0]LogLinker:Warning: No puede encontrar el archivo para el activo '/Game/textures/stainless-steel_Mat' mientras carga NULL.
[2016.01.25-17.54.25:058][  0]LoadErrors: Información Error al cargar /Game/textures/stainless-steel_Mat.stainless-steel_Mat Referenciado por Reloj
[2016.01.25-17.54.26:610][  0]LogEditorServer: Finished looking for orphan Actors (0.000 secs)
[2016.01.25-17.54.26:645][  0]LogAIModule: Creating AISystem for world TAG
[2016.01.25-17.54.26:645][  0]Cmd: MAP CHECKDEP
[2016.01.25-17.54.26:645][  0]MapCheck: New page: TAG - 25/1/2016 19:54:26
[2016.01.25-17.54.26:837][  0]MapCheck: Información Map check complete: 0 Error(s), 0 Warning(s), took 192,932ms to complete.
[2016.01.25-17.54.26:837][  0]LogFileHelpers: Loading map 'TAG' took 2.703
[2016.01.25-17.54.26:930][  0]LogCollectionManager: Loaded 0 collections in 0.000843 seconds
[2016.01.25-17.54.26:937][  0]LogContentBrowser: Native class hierarchy populated in 0.0063 seconds. Added 1696 classes and 262 folders.
[2016.01.25-17.54.26:946][  0]LogContentBrowser:Verbose: The content browser source was changed by the sources view to '/Game'
[2016.01.25-17.54.26:954][  0]LogContentBrowser: Native class hierarchy updated for 'SceneOutliner' in 0.0012 seconds. Added 1 classes and 2 folders.
[2016.01.25-17.54.27:021][  0]LogCrashTracker: Crashtracker disabled due to settings.
[2016.01.25-17.54.27:022][  0]LogSlate:Warning: Failed to load font data from 'Veranda'
[2016.01.25-17.54.27:026][  0]LogUObjectGlobals:Warning: Error al encontrar el objeto 'Class Ninguno.'
[2016.01.25-17.54.27:049][  0]LogLoad: Full Startup: 7.79 seconds (BP compile: 0.05 seconds)
[2016.01.25-17.54.27:177][  0]LogRenderer:Warning: Reallocating scene render targets to support 32x32 (Frame:2).
[2016.01.25-17.54.27:337][  0]LogRenderer:Warning: Reallocating scene render targets to support 1208x576 (Frame:3).
[2016.01.25-17.54.27:886][  3]LogAssetRegistry: Asset discovery search completed in 4.6878 seconds
[2016.01.25-17.54.33:475][648]LogEditorViewport: Clicking on Actor (LMB): SkeletalMeshActor (Reloj)
[2016.01.25-17.55.07:750][427]LogMaterial:Warning: Material /Game/Material__9285.Material__9285 needed to have new flag set bUsedWithSkeletalMesh !
[2016.01.25-17.55.07:751][427]LogMaterial: Missing cached shader map for material Material__9285, compiling. 
[2016.01.25-17.55.07:775][427]LogMaterial: 0.000108 seconds spent updating 1 materials, 1 interfaces, 0 instances, 0 with static permutations.
[2016.01.25-17.55.15:159][775]Cmd: OBJ SAVEPACKAGE PACKAGE="/Game/Maps/TAG" FILE="../../../../Users/XperienciaRender/Documents/Unreal Projects/TAG_HEUER/Content/Maps/TAG.umap" SILENT=true AUTOSAVING=false KEEPDIRTY=false
[2016.01.25-17.55.15:229][775]LogSavePackage: Save=57.258133ms
[2016.01.25-17.55.15:229][775]LogSavePackage: Moving '../../../../Users/XperienciaRender/Documents/Unreal Projects/TAG_HEUER/Saved/TAGD1F147354066AA854457AD86798A9CF8.tmp' to '../../../../Users/XperienciaRender/Documents/Unreal Projects/TAG_HEUER/Content/Maps/TAG.umap'
[2016.01.25-17.55.15:246][775]LogFileHelpers: Saving map 'TAG' took 0.283
[2016.01.25-17.55.15:261][775]Cmd: OBJ SAVEPACKAGE PACKAGE="/Game/Material__9285" FILE="../../../../Users/XperienciaRender/Documents/Unreal Projects/TAG_HEUER/Content/Material__9285.uasset" SILENT=true
[2016.01.25-17.55.15:605][775]LogSavePackage: Save=342.675293ms
[2016.01.25-17.55.15:605][775]LogSavePackage: Moving '../../../../Users/XperienciaRender/Documents/Unreal Projects/TAG_HEUER/Saved/Material__92851CA4F71041A98DE8112DC7915D52AEEF.tmp' to '../../../../Users/XperienciaRender/Documents/Unreal Projects/TAG_HEUER/Content/Material__9285.uasset'
[2016.01.25-17.55.16:333][851]LogPlayLevel: PIE:  No blueprints needed recompiling
[2016.01.25-17.55.16:334][851]PIE: New page: Sesión PIE (reproducción en el editor): TAG (25/1/2016 19:55:16)
[2016.01.25-17.55.16:336][851]LogPlayLevel: PIE: StaticDuplicateObject took: (0.001998s)
[2016.01.25-17.55.16:336][851]LogPlayLevel: PIE: World Init took: (0.000360s)
[2016.01.25-17.55.16:336][851]LogPlayLevel: PIE: Created PIE world by copying editor world from /Game/Maps/TAG.TAG to /Game/Maps/UEDPIE_0_TAG.TAG (0.002477s)
[2016.01.25-17.55.16:469][851]LogWorld: Game class is 'GameMode'
[2016.01.25-17.55.16:470][851]LogAIModule: Creating AISystem for world TAG
[2016.01.25-17.55.16:472][851]LogWorld: Bringing World /Game/Maps/UEDPIE_0_TAG.TAG up for play (max tick rate 0) at 2016.01.25-18.55.16
[2016.01.25-17.55.16:473][851]LogWorld: Bringing up level for play took: 0.002224
[2016.01.25-17.55.16:491][851]PIE: Información Tiempo de inicio de la reproducción en el editor para  /Game/Maps/UEDPIE_0_TAG 0,275
[2016.01.25-17.55.16:506][853]LogRenderer:Warning: Reallocating scene render targets to support 1920x1080 (Frame:6923).
[2016.01.25-17.55.16:758][866]OCULUS: [From Service] [Sensor2Impl] Lost 13 IMU samples: 14980 2 15
[2016.01.25-17.55.17:027][886]OCULUS: [From Service] [Sensor2Impl] Lost 2 IMU samples: 1997 2 4
[2016.01.25-17.55.17:494][921]OCULUS: [From Service] [Sensor2Impl] Lost 2 IMU samples: 2122 2 4
[2016.01.25-17.55.17:773][942]OCULUS: [From Service] [Sensor2Impl] Lost 2 IMU samples: 3995 2 4
[2016.01.25-17.55.18:461][993]LogHMD:Warning: Vision Tracking Acquired
[2016.01.25-17.55.21:282][205]OCULUS: [From Service] Early Tracking Recovery
[2016.01.25-17.55.21:300][206]OCULUS: [From Service] Early Tracking Recovery
[2016.01.25-17.55.21:314][207]LogHMD:Warning: Lost Vision Tracking
[2016.01.25-17.55.22:048][259]LogHMD:Warning: HMD Oculus Rift DK2, Monitor , res = 1920 x 1080, windowPos = {0, 0}
[2016.01.25-17.55.22:126][259]OCULUS: [From Service] [Sensor2Impl] Lost 3 IMU samples: 1997 2 5
[2016.01.25-17.55.22:205][259]LogParticles: Destroying 0 GPU particle simulations for FXSystem 0x000000EE6E4F9BC0
[2016.01.25-17.56.42:453][161]Cmd: QUIT_EDITOR
[2016.01.25-17.56.42:553][161]LogHMD: Oculus shutdown.
[2016.01.25-17.56.42:631][161]LogExit: Preparing to exit.
[2016.01.25-17.56.43:745][161]LogExit: Editor shut down
[2016.01.25-17.56.43:746][161]LogExit: Transaction tracking system shut down
[2016.01.25-17.56.43:749][161]LogParticles: Destroying 0 GPU particle simulations for FXSystem 0x000000EE02F4FE20
[2016.01.25-17.56.43:749][161]LogParticles: Destroying 0 GPU particle simulations for FXSystem 0x000000EE07554E00
[2016.01.25-17.56.43:749][161]LogParticles: Destroying 0 GPU particle simulations for FXSystem 0x000000EE079DDE40
[2016.01.25-17.56.43:749][161]LogParticles: Destroying 0 GPU particle simulations for FXSystem 0x000000EE0B3B63E0
[2016.01.25-17.56.43:785][161]LogExit: Object subsystem successfully closed.
[2016.01.25-17.56.43:836][161]LogModuleManager: Shutting down and abandoning module CrashTracker (173)
[2016.01.25-17.56.43:836][161]LogModuleManager: Shutting down and abandoning module SuperSearch (172)
[2016.01.25-17.56.43:836][161]LogModuleManager: Shutting down and abandoning module SceneOutliner (171)
[2016.01.25-17.56.43:836][161]LogModuleManager: Shutting down and abandoning module EditorWidgets (170)
[2016.01.25-17.56.43:836][161]LogModuleManager: Shutting down and abandoning module CollectionManager (169)
[2016.01.25-17.56.43:836][161]LogModuleManager: Shutting down and abandoning module StatsViewer (168)
[2016.01.25-17.56.43:836][161]LogModuleManager: Shutting down and abandoning module FoliageEdit (167)
[2016.01.25-17.56.43:836][161]LogModuleManager: Shutting down and abandoning module LandscapeEditor (166)
[2016.01.25-17.56.43:836][161]LogModuleManager: Shutting down and abandoning module MeshPaint (165)
[2016.01.25-17.56.43:836][161]LogModuleManager: Shutting down and abandoning module ActorPickerMode (164)
[2016.01.25-17.56.43:836][161]LogModuleManager: Shutting down and abandoning module GeometryMode (163)
[2016.01.25-17.56.43:836][161]LogModuleManager: Shutting down and abandoning module TextureAlignMode (162)
[2016.01.25-17.56.43:836][161]LogModuleManager: Shutting down and abandoning module BspMode (161)
[2016.01.25-17.56.43:836][161]LogModuleManager: Shutting down and abandoning module PlacementMode (160)
[2016.01.25-17.56.43:836][161]LogModuleManager: Shutting down and abandoning module AutomationWorker (159)
[2016.01.25-17.56.43:836][161]LogModuleManager: Shutting down and abandoning module CharacterAI (158)
[2016.01.25-17.56.43:836][161]LogModuleManager: Shutting down and abandoning module SmartSnapping (157)
[2016.01.25-17.56.43:836][161]LogModuleManager: Shutting down and abandoning module ViewportSnapping (156)
[2016.01.25-17.56.43:836][161]LogModuleManager: Shutting down and abandoning module LogVisualizer (155)
[2016.01.25-17.56.43:836][161]LogModuleManager: Shutting down and abandoning module GameProjectGeneration (154)
[2016.01.25-17.56.43:836][161]LogModuleManager: Shutting down and abandoning module IntroTutorials (153)
[2016.01.25-17.56.43:836][161]LogModuleManager: Shutting down and abandoning module EditorLiveStreaming (152)
[2016.01.25-17.56.43:836][161]LogModuleManager: Shutting down and abandoning module HardwareTargeting (151)
[2016.01.25-17.56.43:836][161]LogModuleManager: Shutting down and abandoning module DeviceProfileEditor (150)
[2016.01.25-17.56.43:836][161]LogModuleManager: Shutting down and abandoning module UndoHistory (149)
[2016.01.25-17.56.43:836][161]LogModuleManager: Shutting down and abandoning module GameplayTagsEditor (148)
[2016.01.25-17.56.43:836][161]LogModuleManager: Shutting down and abandoning module UserFeedback (147)
[2016.01.25-17.56.43:836][161]LogModuleManager: Shutting down and abandoning module XmlParser (146)
[2016.01.25-17.56.43:836][161]LogModuleManager: Shutting down and abandoning module Blutility (145)
[2016.01.25-17.56.43:836][161]LogModuleManager: Shutting down and abandoning module IOSPlatformEditor (144)
[2016.01.25-17.56.43:836][161]LogModuleManager: Shutting down and abandoning module IOSRuntimeSettings (143)
[2016.01.25-17.56.43:836][161]LogModuleManager: Shutting down and abandoning module AndroidDeviceDetection (142)
[2016.01.25-17.56.43:938][161]LogModuleManager: Shutting down and abandoning module AndroidPlatformEditor (141)
[2016.01.25-17.56.43:938][161]LogModuleManager: Shutting down and abandoning module AndroidRuntimeSettings (140)
[2016.01.25-17.56.43:938][161]LogModuleManager: Shutting down and abandoning module ProjectTargetPlatformEditor (139)
[2016.01.25-17.56.43:938][161]LogModuleManager: Shutting down and abandoning module ProjectSettingsViewer (138)
[2016.01.25-17.56.43:938][161]LogModuleManager: Shutting down and abandoning module InputBindingEditor (137)
[2016.01.25-17.56.43:938][161]LogModuleManager: Shutting down and abandoning module EditorSettingsViewer (136)
[2016.01.25-17.56.43:938][161]LogModuleManager: Shutting down and abandoning module SettingsEditor (135)
[2016.01.25-17.56.43:938][161]LogModuleManager: Shutting down and abandoning module ProjectLauncher (134)
[2016.01.25-17.56.43:938][161]LogModuleManager: Shutting down and abandoning module SessionFrontend (133)
[2016.01.25-17.56.43:938][161]LogModuleManager: Shutting down and abandoning module ProfilerClient (132)
[2016.01.25-17.56.43:938][161]LogModuleManager: Shutting down and abandoning module TargetDeviceServices (131)
[2016.01.25-17.56.43:938][161]LogModuleManager: Shutting down and abandoning module DeviceManager (130)
[2016.01.25-17.56.43:938][161]LogModuleManager: Shutting down and abandoning module AutomationController (129)
[2016.01.25-17.56.43:938][161]LogModuleManager: Shutting down and abandoning module AutomationWindow (128)
[2016.01.25-17.56.43:938][161]LogModuleManager: Shutting down and abandoning module Layers (127)
[2016.01.25-17.56.43:938][161]LogModuleManager: Shutting down and abandoning module ComponentVisualizers (126)
[2016.01.25-17.56.43:938][161]LogModuleManager: Shutting down and abandoning module DetailCustomizations (125)
[2016.01.25-17.56.43:938][161]LogModuleManager: Shutting down and abandoning module PackagesDialog (124)
[2016.01.25-17.56.43:938][161]LogModuleManager: Shutting down and abandoning module AssetRegistry (123)
[2016.01.25-17.56.43:961][161]LogModuleManager: Shutting down and abandoning module Persona (122)
[2016.01.25-17.56.43:961][161]LogModuleManager: Shutting down and abandoning module SlateReflector (121)
[2016.01.25-17.56.43:961][161]LogModuleManager: Shutting down and abandoning module LevelEditor (120)
[2016.01.25-17.56.43:962][161]LogModuleManager: Shutting down and abandoning module Kismet (119)
[2016.01.25-17.56.43:962][161]LogModuleManager: Shutting down and abandoning module GraphEditor (118)
[2016.01.25-17.56.43:962][161]LogModuleManager: Shutting down and abandoning module ClassViewer (117)
[2016.01.25-17.56.43:962][161]LogModuleManager: Shutting down and abandoning module Toolbox (116)
[2016.01.25-17.56.43:962][161]LogModuleManager: Shutting down and abandoning module ModuleUI (115)
[2016.01.25-17.56.43:962][161]LogModuleManager: Shutting down and abandoning module MovieSceneTools (114)
[2016.01.25-17.56.43:962][161]LogModuleManager: Shutting down and abandoning module OutputLog (113)
[2016.01.25-17.56.43:962][161]LogModuleManager: Shutting down and abandoning module GammaUI (112)
[2016.01.25-17.56.43:962][161]LogModuleManager: Shutting down and abandoning module Documentation (111)
[2016.01.25-17.56.43:962][161]LogModuleManager: Shutting down and abandoning module GameLiveStreaming (110)
[2016.01.25-17.56.43:962][161]LogModuleManager: Shutting down and abandoning module StreamingPauseRendering (109)
[2016.01.25-17.56.43:962][161]LogModuleManager: Shutting down and abandoning module HTTP (108)
[2016.01.25-17.56.43:962][161]LogModuleManager: Shutting down and abandoning module AnalyticsET (107)
[2016.01.25-17.56.43:962][161]LogModuleManager: Shutting down and abandoning module Analytics (106)
[2016.01.25-17.56.43:962][161]LogModuleManager: Shutting down and abandoning module AITestSuite (105)
[2016.01.25-17.56.43:962][161]LogModuleManager: Shutting down and abandoning module GameplayDebugger (104)
[2016.01.25-17.56.43:962][161]LogModuleManager: Shutting down and abandoning module AIModule (103)
[2016.01.25-17.56.43:962][161]LogModuleManager: Shutting down and abandoning module ProfilerService (102)
[2016.01.25-17.56.43:978][161]LogModuleManager: Shutting down and abandoning module TaskGraph (101)
[2016.01.25-17.56.43:978][161]LogModuleManager: Shutting down and abandoning module SlateRemote (100)
[2016.01.25-17.56.43:978][161]LogModuleManager: Shutting down and abandoning module ScriptEditorPlugin (99)
[2016.01.25-17.56.43:978][161]LogModuleManager: Shutting down and abandoning module CustomMeshComponent (98)
[2016.01.25-17.56.43:978][161]LogModuleManager: Shutting down and abandoning module CableComponent (97)
[2016.01.25-17.56.43:978][161]LogModuleManager: Shutting down and abandoning module MessagingDebugger (96)
[2016.01.25-17.56.43:978][161]LogModuleManager: Shutting down and abandoning module MediaPlayerEditor (95)
[2016.01.25-17.56.43:978][161]LogModuleManager: Shutting down and abandoning module SpeedTreeImporter (94)
[2016.01.25-17.56.43:978][161]LogModuleManager: Shutting down and abandoning module PluginsEditor (93)
[2016.01.25-17.56.43:978][161]LogModuleManager: Shutting down and abandoning module MainFrame (92)
[2016.01.25-17.56.43:978][161]LogModuleManager: Shutting down and abandoning module EpicSurvey (91)
[2016.01.25-17.56.43:978][161]LogModuleManager: Shutting down and abandoning module DesktopPlatform (90)
[2016.01.25-17.56.43:978][161]LogModuleManager: Shutting down and abandoning module DirectoryWatcher (89)
[2016.01.25-17.56.43:978][161]LogModuleManager: Shutting down and abandoning module HotReload (88)
[2016.01.25-17.56.43:978][161]LogModuleManager: Shutting down and abandoning module VisualStudioSourceCodeAccess (87)
[2016.01.25-17.56.43:978][161]LogModuleManager: Shutting down and abandoning module UObjectPlugin (86)
[2016.01.25-17.56.43:978][161]LogModuleManager: Shutting down and abandoning module SubversionSourceControl (85)
[2016.01.25-17.56.43:978][161]LogModuleManager: Shutting down and abandoning module PerforceSourceControl (84)
[2016.01.25-17.56.43:978][161]LogModuleManager: Shutting down and abandoning module SourceControl (83)
[2016.01.25-17.56.43:978][161]LogModuleManager: Shutting down and abandoning module GitSourceControl (82)
[2016.01.25-17.56.43:978][161]LogModuleManager: Shutting down and abandoning module ExportObjectPlugin (81)
[2016.01.25-17.56.43:978][161]LogModuleManager: Shutting down and abandoning module BlankPlugin (80)
[2016.01.25-17.56.43:978][161]LogModuleManager: Shutting down and abandoning module PaperTiledImporter (79)
[2016.01.25-17.56.43:978][161]LogModuleManager: Shutting down and abandoning module PaperJsonImporter (78)
[2016.01.25-17.56.43:978][161]LogModuleManager: Shutting down and abandoning module ContentBrowser (77)
[2016.01.25-17.56.43:979][161]LogModuleManager: Shutting down and abandoning module Paper2DEditor (76)
[2016.01.25-17.56.43:979][161]LogModuleManager: Shutting down and abandoning module ScriptPlugin (75)
[2016.01.25-17.56.43:979][161]LogModuleManager: Shutting down and abandoning module UdpMessaging (74)
[2016.01.25-17.56.44:080][161]LogModuleManager: Shutting down and abandoning module Paper2D (73)
[2016.01.25-17.56.44:080][161]LogModuleManager: Shutting down and abandoning module WindowsMoviePlayer (72)
[2016.01.25-17.56.44:091][161]LogModuleManager: Shutting down and abandoning module Media (71)
[2016.01.25-17.56.44:092][161]LogModuleManager: Shutting down and abandoning module WmfMedia (70)
[2016.01.25-17.56.44:092][161]LogModuleManager: Shutting down and abandoning module OnlineBlueprintSupport (69)
[2016.01.25-17.56.44:092][161]LogModuleManager: Shutting down and abandoning module PropertyEditor (68)
[2016.01.25-17.56.44:092][161]LogModuleManager: Shutting down and abandoning module BehaviorTreeEditor (67)
[2016.01.25-17.56.44:092][161]LogModuleManager: Shutting down and abandoning module FunctionalTesting (66)
[2016.01.25-17.56.44:092][161]LogModuleManager: Shutting down and abandoning module CollisionAnalyzer (65)
[2016.01.25-17.56.44:092][161]LogModuleManager: Shutting down and abandoning module WorkspaceMenuStructure (64)
[2016.01.25-17.56.44:092][161]LogModuleManager: Shutting down and abandoning module MessageLog (63)
[2016.01.25-17.56.44:092][161]LogModuleManager: Shutting down and abandoning module Sequencer (62)
[2016.01.25-17.56.44:092][161]LogModuleManager: Shutting down and abandoning module AssetTools (61)
[2016.01.25-17.56.44:092][161]LogModuleManager: Shutting down and abandoning module UMGEditor (60)
[2016.01.25-17.56.44:092][161]LogModuleManager: Shutting down and abandoning module UMG (59)
[2016.01.25-17.56.44:092][161]LogModuleManager: Shutting down and abandoning module Slate (58)
[2016.01.25-17.56.44:092][161]LogModuleManager: Shutting down and abandoning module EditorStyle (57)
[2016.01.25-17.56.44:094][161]LogModuleManager: Shutting down and abandoning module SessionServices (56)
[2016.01.25-17.56.44:094][161]LogModuleManager: Shutting down and abandoning module SourceCodeAccess (55)
[2016.01.25-17.56.44:094][161]LogModuleManager: Shutting down and abandoning module HeadMountedDisplay (54)
[2016.01.25-17.56.44:094][161]LogModuleManager: Shutting down and abandoning module XAudio2 (53)
[2016.01.25-17.56.44:094][161]LogModuleManager: Shutting down and abandoning module Networking (51)
[2016.01.25-17.56.44:094][161]LogModuleManager: Shutting down and abandoning module Core (50)
[2016.01.25-17.56.44:094][161]LogModuleManager: Shutting down and abandoning module KismetCompiler (49)
[2016.01.25-17.56.44:094][161]LogModuleManager: Shutting down and abandoning module PhysXFormats (48)
[2016.01.25-17.56.44:094][161]LogModuleManager: Shutting down and abandoning module MeshUtilities (47)
[2016.01.25-17.56.44:094][161]LogModuleManager: Shutting down and abandoning module DerivedDataCache (46)
[2016.01.25-17.56.44:171][161]LogDerivedDataCache: Shutdown
[2016.01.25-17.56.44:171][161]LogModuleManager: Shutting down and abandoning module ShaderFormatOpenGL (45)
[2016.01.25-17.56.44:171][161]LogModuleManager: Shutting down and abandoning module ShaderFormatD3D (44)
[2016.01.25-17.56.44:171][161]LogModuleManager: Shutting down and abandoning module MetalShaderFormat (43)
[2016.01.25-17.56.44:171][161]LogModuleManager: Shutting down and abandoning module TextureFormatUncompressed (42)
[2016.01.25-17.56.44:171][161]LogModuleManager: Shutting down and abandoning module TextureFormatPVR (41)
[2016.01.25-17.56.44:171][161]LogModuleManager: Shutting down and abandoning module TextureFormatIntelISPCTexComp (40)
[2016.01.25-17.56.44:171][161]LogModuleManager: Shutting down and abandoning module TextureFormatDXT (39)
[2016.01.25-17.56.44:171][161]LogModuleManager: Shutting down and abandoning module ImageWrapper (38)
[2016.01.25-17.56.44:171][161]LogModuleManager: Shutting down and abandoning module TextureFormatASTC (37)
[2016.01.25-17.56.44:171][161]LogModuleManager: Shutting down and abandoning module AudioFormatOpus (36)
[2016.01.25-17.56.44:171][161]LogModuleManager: Shutting down and abandoning module AudioFormatOgg (35)
[2016.01.25-17.56.44:171][161]LogModuleManager: Shutting down and abandoning module AudioFormatADPCM (34)
[2016.01.25-17.56.44:171][161]LogModuleManager: Shutting down and abandoning module Messaging (33)
[2016.01.25-17.56.44:171][161]LogModuleManager: Shutting down and abandoning module IOSTargetPlatform (32)
[2016.01.25-17.56.44:171][161]LogModuleManager: Shutting down and abandoning module HTML5TargetPlatform (31)
[2016.01.25-17.56.44:171][161]LogModuleManager: Shutting down and abandoning module Android_PVRTCTargetPlatform (30)
[2016.01.25-17.56.44:171][161]LogModuleManager: Shutting down and abandoning module Android_ETC2TargetPlatform (29)
[2016.01.25-17.56.44:171][161]LogModuleManager: Shutting down and abandoning module Android_ETC1TargetPlatform (28)
[2016.01.25-17.56.44:171][161]LogModuleManager: Shutting down and abandoning module Android_DXTTargetPlatform (27)
[2016.01.25-17.56.44:171][161]LogModuleManager: Shutting down and abandoning module Android_ATCTargetPlatform (26)
[2016.01.25-17.56.44:171][161]LogModuleManager: Shutting down and abandoning module AndroidTargetPlatform (25)
[2016.01.25-17.56.44:171][161]LogModuleManager: Shutting down and abandoning module WindowsTargetPlatform (24)
[2016.01.25-17.56.44:171][161]LogModuleManager: Shutting down and abandoning module WindowsServerTargetPlatform (23)
[2016.01.25-17.56.44:171][161]LogModuleManager: Shutting down and abandoning module WindowsNoEditorTargetPlatform (22)
[2016.01.25-17.56.44:171][161]LogModuleManager: Shutting down and abandoning module WindowsClientTargetPlatform (21)
[2016.01.25-17.56.44:171][161]LogModuleManager: Shutting down and abandoning module TargetPlatform (20)
[2016.01.25-17.56.44:171][161]LogModuleManager: Shutting down and abandoning module InputCore (19)
[2016.01.25-17.56.44:171][161]LogModuleManager: Shutting down and abandoning module Settings (18)
[2016.01.25-17.56.44:171][161]LogModuleManager: Shutting down and abandoning module OnlineSubsystem (16)
[2016.01.25-17.56.44:171][161]LogModuleManager: Shutting down and abandoning module OculusRift (15)
[2016.01.25-17.56.44:171][161]LogModuleManager: Shutting down and abandoning module ExampleDeviceProfileSelector (14)
[2016.01.25-17.56.44:171][161]LogModuleManager: Shutting down and abandoning module TextureCompressor (13)
[2016.01.25-17.56.44:171][161]LogModuleManager: Shutting down and abandoning module ShaderCore (12)
[2016.01.25-17.56.44:171][161]LogModuleManager: Shutting down and abandoning module Landscape (11)
[2016.01.25-17.56.44:171][161]LogModuleManager: Shutting down and abandoning module SlateRHIRenderer (10)
[2016.01.25-17.56.44:172][161]LogModuleManager: Shutting down and abandoning module OpenGLDrv (9)
[2016.01.25-17.56.44:172][161]LogModuleManager: Shutting down and abandoning module D3D11RHI (8)
[2016.01.25-17.56.44:172][161]LogModuleManager: Shutting down and abandoning module Renderer (7)
[2016.01.25-17.56.44:172][161]LogModuleManager: Shutting down and abandoning module Engine (6)
[2016.01.25-17.56.44:172][161]LogModuleManager: Shutting down and abandoning module CoreUObject (5)
[2016.01.25-17.56.44:172][161]LogModuleManager: Shutting down and abandoning module NetworkFile (4)
[2016.01.25-17.56.44:172][161]LogModuleManager: Shutting down and abandoning module StreamingFile (3)
[2016.01.25-17.56.44:172][161]LogModuleManager: Shutting down and abandoning module SandboxFile (2)
[2016.01.25-17.56.44:172][161]LogModuleManager: Shutting down and abandoning module PakFile (1)
[2016.01.25-17.56.44:173][161]LogExit: Exiting.
[2016.01.25-17.56.44:182][161]Log file closed, 01/25/16 18:56:44
