Log file open, 01/26/16 11:29:07
LogInit:Display: Running engine for game: TAG_HEUER
LogInit: Version: 4.7.6-0+++depot+UE4-Releases+4.7
LogInit: API Version: 0
LogInit: Compiled (64-bit): Nov 17 2015 19:42:46
LogInit: Compiled with Visual C++: 18.00.40629.00
LogInit: Build Configuration: Development
LogInit: Branch Name: ++depot+UE4-Releases+4.7
LogInit: Command line:  
LogInit: Base directory: C:/UnrealEngine-4.7/Engine/Binaries/Win64/
LogInit: Rocket: 0
[2016.01.26-10.29.07:046][  0]LogTaskGraph: Started task graph with 3 named threads and 6 total threads.
[2016.01.26-10.29.07:094][  0]LogOnline:Warning: No default platform service specified for OnlineSubsystem
[2016.01.26-10.29.07:109][  0]LogInit: Presizing for 0 objects not considered by GC, pre-allocating 0 bytes.
[2016.01.26-10.29.07:117][  0]LogInit: Object subsystem initialized
[2016.01.26-10.29.07:126][  0]LogConsoleResponse:Warning: Skipping Unknown console variable: 'TranslucentSortAxis = (X=0.000000,Y=-1.000000,Z=0.000000)'
[2016.01.26-10.29.07:126][  0]LogConsoleResponse:Warning:   Found in ini file 'C:/Users/XperienciaRender/Documents/Unreal Projects/TAG_HEUER/Saved/Config/Windows/Engine.ini', in section '[/Script/Engine.RendererSettings]'
[2016.01.26-10.29.07:126][  0]LogConsoleResponse:Warning: Skipping Unknown console variable: 'UIScaleRule = ShortestSide'
[2016.01.26-10.29.07:126][  0]LogConsoleResponse:Warning:   Found in ini file 'C:/Users/XperienciaRender/Documents/Unreal Projects/TAG_HEUER/Saved/Config/Windows/Engine.ini', in section '[/Script/Engine.RendererSettings]'
[2016.01.26-10.29.07:126][  0]LogConsoleResponse:Warning: Skipping Unknown console variable: 'UIScaleCurve = (EditorCurveData=(Keys=),ExternalCurve=None)'
[2016.01.26-10.29.07:126][  0]LogConsoleResponse:Warning:   Found in ini file 'C:/Users/XperienciaRender/Documents/Unreal Projects/TAG_HEUER/Saved/Config/Windows/Engine.ini', in section '[/Script/Engine.RendererSettings]'
[2016.01.26-10.29.07:132][  0]LogInit: Selected Device Profile: [Windows]
[2016.01.26-10.29.07:132][  0]LogInit: Applying CVar settings loaded from the selected device profile: [Windows]
[2016.01.26-10.29.07:136][  0]LogInit: Computer: XVIRTUALRENDER
[2016.01.26-10.29.07:137][  0]LogInit: User: XperienciaRender
[2016.01.26-10.29.07:137][  0]LogInit: CPU Page size=4096, Cores=4
[2016.01.26-10.29.07:137][  0]LogInit: High frequency timer resolution =3.914055 MHz
[2016.01.26-10.29.07:137][  0]LogMemory: Memory total: Physical=32.0GB (32GB approx) Virtual=8192.0GB
[2016.01.26-10.29.07:137][  0]LogMemory: Platform Memory Stats for Windows
[2016.01.26-10.29.07:137][  0]LogMemory: Process Physical Memory: 45.39 MB used, 45.39 MB peak
[2016.01.26-10.29.07:137][  0]LogMemory: Process Virtual Memory: 25.44 MB used, 25.44 MB peak
[2016.01.26-10.29.07:137][  0]LogMemory: Physical Memory: 2914.57 MB used, 32720.31 MB total
[2016.01.26-10.29.07:137][  0]LogMemory: Virtual Memory: 289.16 MB used, 8388608.00 MB total
[2016.01.26-10.29.07:154][  0]LogD3D11RHI: Found D3D11 adapter 0: AMD Radeon (TM) R9 Fury Series (Feature Level 11_0)
[2016.01.26-10.29.07:154][  0]LogD3D11RHI: Adapter has 4070MB of dedicated video memory, 0MB of dedicated system memory, and 3840MB of shared system memory, 1 output[s]
[2016.01.26-10.29.07:155][  0]LogD3D11RHI: Found D3D11 adapter 1: Microsoft Basic Render Driver (Feature Level 11_0)
[2016.01.26-10.29.07:155][  0]LogD3D11RHI: Adapter has 0MB of dedicated video memory, 0MB of dedicated system memory, and 256MB of shared system memory, 0 output[s]
[2016.01.26-10.29.07:155][  0]LogD3D11RHI: Chosen D3D11 Adapter Id = 0
[2016.01.26-10.29.07:159][  0]LogRHI: Texture pool is 1361 MB (70% of 1945 MB)
[2016.01.26-10.29.07:167][  0]LogD3D11RHI: Async texture creation disabled: no driver support
[2016.01.26-10.29.07:279][  0]LogTextLocalizationManager: The requested culture ('es_ES') has no localization data; parent culture's ('es') localization data will be used.
[2016.01.26-10.29.07:309][  0]LogTextLocalizationManager:Warning: Loading localization resources contain conflicting entries for (Namespace:ContentBrowser, Key:ImportAssetToolTip):
Resource: (C:/UnrealEngine-4.7/Engine/Content/Localization/Editor/es/Editor.locres) Hash: (-630476809) String: (Importar a {0}...)
Resource: (C:/UnrealEngine-4.7/Engine/Content/Localization/Editor/es/Editor.locres) Hash: (1271782899) String: (Importa un activo desde el archivo a esta carpeta.)
[2016.01.26-10.29.07:345][  0]LogContentStreaming: Texture pool size is 0.000000MB
[2016.01.26-10.29.08:929][  0]LogTargetPlatformManager:Display: Building Assets For Windows
[2016.01.26-10.29.09:264][  0]LogTargetPlatformManager:Display: Building Assets For Windows
[2016.01.26-10.29.09:304][  0]LogDerivedDataCache:Display: Max Cache Size: 512 MB
[2016.01.26-10.29.09:416][  0]LogDerivedDataCache: Loaded boot cache 0.11s 39MB ../../../../Users/XperienciaRender/Documents/Unreal Projects/TAG_HEUER/DerivedDataCache/Boot.ddc.
[2016.01.26-10.29.09:416][  0]LogDerivedDataCache:Display: Loaded Boot cache: ../../../../Users/XperienciaRender/Documents/Unreal Projects/TAG_HEUER/DerivedDataCache/Boot.ddc
[2016.01.26-10.29.09:416][  0]LogDerivedDataCache: FDerivedDataBackendGraph:  Pak pak cache file ../../../../Users/XperienciaRender/Documents/Unreal Projects/TAG_HEUER/DerivedDataCache/DDC.ddp not found, will not use a pak cache.
[2016.01.26-10.29.09:416][  0]LogDerivedDataCache: Unable to find inner node Pak for hierarchical cache Hierarchy.
[2016.01.26-10.29.09:416][  0]LogDerivedDataCache: FDerivedDataBackendGraph:  EnginePak pak cache file ../../../Engine/DerivedDataCache/DDC.ddp not found, will not use a pak cache.
[2016.01.26-10.29.09:416][  0]LogDerivedDataCache: Unable to find inner node EnginePak for hierarchical cache Hierarchy.
[2016.01.26-10.29.09:428][  0]LogDerivedDataCache: Using Local data cache path ../../../Engine/DerivedDataCache: Writable
[2016.01.26-10.29.09:428][  0]LogDerivedDataCache: Shared data cache path not found in *engine.ini, will not use an Shared cache.
[2016.01.26-10.29.09:428][  0]LogDerivedDataCache: Unable to find inner node Shared for hierarchical cache Hierarchy.
[2016.01.26-10.29.09:951][  0]LogMeshUtilities: No automatic mesh reduction module available
[2016.01.26-10.29.09:951][  0]LogMeshUtilities: No automatic mesh merging module available
[2016.01.26-10.29.10:333][  0]LogInit: WinSock: version 1.1 (2.2), MaxSocks=32767, MaxUdp=65467
[2016.01.26-10.29.10:386][  0]LogSlate:Warning: Failed to load font data from '../../../Engine/Content/Slate/Fonts/Roboto-Italic.ttf'
[2016.01.26-10.29.11:279][  0]UdpMessaging: Initializing bridge on interface 0.0.0.0:0 to multicast group 230.0.0.1:6666.
[2016.01.26-10.29.11:548][  0]SourceControl: Información El control de código fuente está desactivado
[2016.01.26-10.29.11:548][  0]SourceControl: Información El control de código fuente está desactivado
[2016.01.26-10.29.11:548][  0]SourceControl: Información El control de código fuente está desactivado
[2016.01.26-10.29.11:548][  0]LogSourceControl: RunCommandInternalRaw: 'git version'
[2016.01.26-10.29.11:548][  0]LogSourceControl: RunCommandInternalRaw: ExecProcess ReturnCode=2 OutResults=''
[2016.01.26-10.29.11:553][  0]SourceControl: Información El control de código fuente está desactivado
[2016.01.26-10.29.11:686][  0]LogObj: 24234 objects as part of root set at end of initial load.
[2016.01.26-10.29.11:686][  0]LogUObjectAllocator: 5137560 out of 0 bytes used by permanent object pool.
[2016.01.26-10.29.11:762][  0]LogEngine: Initializing Engine...
[2016.01.26-10.29.11:763][  0]LogHMD:Warning: HMD Oculus Rift DK2, Monitor , res = 1920 x 1080, windowPos = {0, 0}
[2016.01.26-10.29.11:764][  0]LogHMD: Oculus plugin initialized. Version: 4.7.6-0+++depot+UE4-Releases+4.7, LibOVR: 0.4.4, built Nov 17 2015, 19:45:18
[2016.01.26-10.29.11:876][  0]LogInit: XAudio2 using 'Audio digital (HDMI) (2- Dispositivo de High Definition Audio)' : 2 channels at 44.1 kHz using 16 bits per sample (channel mask 0x3)
[2016.01.26-10.29.11:892][  0]LogInit: FAudioDevice initialized.
[2016.01.26-10.29.11:927][  0]LogAIModule: Creating AISystem for world NewWorld
[2016.01.26-10.29.11:942][  0]LogDerivedDataCache: Saved boot cache 0.01s 39MB ../../../../Users/XperienciaRender/Documents/Unreal Projects/TAG_HEUER/DerivedDataCache/Boot.ddc.
[2016.01.26-10.29.11:944][  0]LogInit: Texture streaming: Enabled
[2016.01.26-10.29.12:025][  0]LogAnalytics: Creating configured Analytics provider AnalyticsET
[2016.01.26-10.29.12:025][  0]LogAnalytics: ET APIKey = UnrealEngine.Release. APIServer = http://etsource.epicgames.com/ET2/. AppVersion = 4.7.6-0+++depot+UE4-Releases+4.7
[2016.01.26-10.29.12:025][  0]LogAnalytics: SetUserId d6168901472bba0ffb3e81af04f59a83|993bd6500af24810ad7ff9f04b6bd5ef|bb511fb2-8347-4713-aceb-f87baa5cc237
[2016.01.26-10.29.12:026][  0]LogAnalytics: AnalyticsET::StartSession [UnrealEngine.Release]
[2016.01.26-10.29.12:040][  0]LogInit: Transaction tracking system initialized
[2016.01.26-10.29.12:161][  0]OCULUS: [From Service] [Sensor2Impl] Lost 3 IMU samples: 4993 2 5
[2016.01.26-10.29.12:161][  0]BlueprintLog: New page: Cargar el editor
[2016.01.26-10.29.12:189][  0]LogAssetRegistry: FAssetRegistry took 0.0121 seconds to start up
[2016.01.26-10.29.12:189][  0]LogDirectoryWatcher:Warning: Failed to begin reading directory changes for ../../../Engine/Plugins/Experimental/CharacterAI/Content/. Error: 0
[2016.01.26-10.29.12:576][  0]LogTargetPlatformManager:Display: Building Assets For Windows
[2016.01.26-10.29.12:839][  0]LogTargetPlatformManager:Display: Building Assets For Windows
[2016.01.26-10.29.13:041][  0]LogSlate:Warning: Failed to load font data from '../../../Engine/Content/Editor/Slate/Fonts/Roboto-Regular.ttf'
[2016.01.26-10.29.13:042][  0]LogSlate:Warning: Failed to load font data from '../../../Engine/Content/Editor/Slate/Fonts/Roboto-Bold.ttf'
[2016.01.26-10.29.13:047][  0]LogConsoleResponse:Display: 
[2016.01.26-10.29.13:194][  0]LogCook:Display: Done creating registry. It took  0.00s.
[2016.01.26-10.29.13:322][  0]SourceControl: Información El control de código fuente está desactivado
[2016.01.26-10.29.13:323][  0]Cmd: MAP LOAD FILE="../../../../Users/XperienciaRender/Documents/Unreal Projects/TAG_HEUER/Content/Maps/TAG.umap" TEMPLATE=0 SHOWPROGRESS=1 FEATURELEVEL=3
[2016.01.26-10.29.13:324][  0]LightingResults: New page: Diseñar la iluminación
[2016.01.26-10.29.13:334][  0]MapCheck: New page: Revisión del mapa
[2016.01.26-10.29.13:334][  0]LightingResults: New page: Diseñar la iluminación
[2016.01.26-10.29.13:342][  0]LogParticles: Destroying 0 GPU particle simulations for FXSystem 0x00000091046A6200
[2016.01.26-10.29.14:078][  0]LogTexture:Display: Generando texturas: HQ_Lightmap0_2 (AutoDXT)
[2016.01.26-10.29.14:079][  0]LogTexture:Display: Generando texturas: HQ_Lightmap1_1 (AutoDXT)
[2016.01.26-10.29.14:099][  0]LogEditorServer: Finished looking for orphan Actors (0.000 secs)
[2016.01.26-10.29.14:120][  0]LogAIModule: Creating AISystem for world TAG
[2016.01.26-10.29.14:121][  0]Cmd: MAP CHECKDEP
[2016.01.26-10.29.14:121][  0]MapCheck: New page: TAG - 26/1/2016 12:29:14
[2016.01.26-10.29.14:166][  0]MapCheck: Información Map check complete: 0 Error(s), 0 Warning(s), took 44,019ms to complete.
[2016.01.26-10.29.14:166][  0]LogFileHelpers: Loading map 'TAG' took 0.843
[2016.01.26-10.29.14:305][  0]LogCollectionManager: Loaded 0 collections in 0.000815 seconds
[2016.01.26-10.29.14:312][  0]LogContentBrowser: Native class hierarchy populated in 0.0075 seconds. Added 1696 classes and 262 folders.
[2016.01.26-10.29.14:329][  0]LogContentBrowser:Verbose: The content browser source was changed by the sources view to '/Game'
[2016.01.26-10.29.14:341][  0]LogContentBrowser: Native class hierarchy updated for 'SceneOutliner' in 0.0012 seconds. Added 1 classes and 2 folders.
[2016.01.26-10.29.14:459][  0]LogCrashTracker: Crashtracker disabled due to settings.
[2016.01.26-10.29.14:462][  0]LogSlate:Warning: Failed to load font data from 'Veranda'
[2016.01.26-10.29.14:468][  0]LogUObjectGlobals:Warning: Error al encontrar el objeto 'Class Ninguno.'
[2016.01.26-10.29.14:493][  0]LogLoad: Full Startup: 8.27 seconds (BP compile: 0.07 seconds)
[2016.01.26-10.29.14:999][  0]LogRenderer:Warning: Reallocating scene render targets to support 1208x576 (Frame:2).
[2016.01.26-10.29.15:296][  2]LogAssetRegistry: Asset discovery search completed in 3.1191 seconds
[2016.01.26-10.30.10:455][643]LogPlayLevel: PIE:  No blueprints needed recompiling
[2016.01.26-10.30.10:455][643]PIE: New page: Sesión PIE (reproducción en el editor): TAG (26/1/2016 12:30:10)
[2016.01.26-10.30.10:458][643]LogPlayLevel: PIE: StaticDuplicateObject took: (0.002459s)
[2016.01.26-10.30.10:458][643]LogPlayLevel: PIE: World Init took: (0.000352s)
[2016.01.26-10.30.10:459][643]LogPlayLevel: PIE: Created PIE world by copying editor world from /Game/Maps/TAG.TAG to /Game/Maps/UEDPIE_0_TAG.TAG (0.002922s)
[2016.01.26-10.30.10:591][643]LogWorld: Game class is 'GameMode'
[2016.01.26-10.30.10:596][643]LogAIModule: Creating AISystem for world TAG
[2016.01.26-10.30.10:598][643]LogWorld: Bringing World /Game/Maps/UEDPIE_0_TAG.TAG up for play (max tick rate 0) at 2016.01.26-11.30.10
[2016.01.26-10.30.10:598][643]LogWorld: Bringing up level for play took: 0.001458
[2016.01.26-10.30.10:610][643]PIE: Información Tiempo de inicio de la reproducción en el editor para  /Game/Maps/UEDPIE_0_TAG 0,395
[2016.01.26-10.30.10:624][645]LogRenderer:Warning: Reallocating scene render targets to support 1920x1080 (Frame:308).
[2016.01.26-10.30.10:875][658]OCULUS: [From Service] [Sensor2Impl] Lost 13 IMU samples: 14978 2 15
[2016.01.26-10.30.11:144][678]OCULUS: [From Service] [Sensor2Impl] Lost 2 IMU samples: 1997 2 4
[2016.01.26-10.30.11:611][713]OCULUS: [From Service] [Sensor2Impl] Lost 2 IMU samples: 1997 2 4
[2016.01.26-10.30.11:891][734]OCULUS: [From Service] [Sensor2Impl] Lost 2 IMU samples: 2122 2 4
[2016.01.26-10.30.12:819][803]LogHMD:Warning: Vision Tracking Acquired
[2016.01.26-10.30.14:626][939]OCULUS: [From Service] Early Tracking Recovery
[2016.01.26-10.30.14:641][940]OCULUS: [From Service] Early Tracking Recovery
[2016.01.26-10.30.14:659][941]LogHMD:Warning: Lost Vision Tracking
[2016.01.26-10.30.15:596][  8]LogHMD:Warning: HMD Oculus Rift DK2, Monitor , res = 1920 x 1080, windowPos = {0, 0}
[2016.01.26-10.30.15:626][  8]OCULUS: [From Service] [Sensor2Impl] Lost 5 IMU samples: 1997 2 7
[2016.01.26-10.30.15:738][  8]LogParticles: Destroying 0 GPU particle simulations for FXSystem 0x0000009110140B80
[2016.01.26-10.30.17:291][193]LogEditorViewport: Clicking on Actor (LMB): SkeletalMeshActor (Reloj_01)
[2016.01.26-10.30.27:978][289]LogHMD:Warning: HMD Oculus Rift DK2, Monitor , res = 1920 x 1080, windowPos = {0, 0}
[2016.01.26-10.30.27:979][289]LogPlayLevel: PIE:  No blueprints needed recompiling
[2016.01.26-10.30.27:979][289]PIE: New page: Sesión PIE (reproducción en el editor): TAG (26/1/2016 12:30:27)
[2016.01.26-10.30.27:981][289]LogPlayLevel: PIE: StaticDuplicateObject took: (0.002328s)
[2016.01.26-10.30.27:982][289]LogPlayLevel: PIE: World Init took: (0.000312s)
[2016.01.26-10.30.27:982][289]LogPlayLevel: PIE: Created PIE world by copying editor world from /Game/Maps/TAG.TAG to /Game/Maps/UEDPIE_0_TAG.TAG (0.002739s)
[2016.01.26-10.30.28:104][289]LogWorld: Game class is 'GameMode'
[2016.01.26-10.30.28:108][289]LogAIModule: Creating AISystem for world TAG
[2016.01.26-10.30.28:111][289]LogWorld: Bringing World /Game/Maps/UEDPIE_0_TAG.TAG up for play (max tick rate 0) at 2016.01.26-11.30.28
[2016.01.26-10.30.28:112][289]LogWorld: Bringing up level for play took: 0.003596
[2016.01.26-10.30.28:140][289]PIE: Información Tiempo de inicio de la reproducción en el editor para  /Game/Maps/UEDPIE_0_TAG -0,074
[2016.01.26-10.30.28:215][293]OCULUS: [From Service] [Sensor2Impl] Lost 16 IMU samples: 17974 2 18
[2016.01.26-10.30.28:417][306]OCULUS: [From Service] [Sensor2Impl] Lost 13 IMU samples: 14979 2 15
[2016.01.26-10.30.28:687][326]OCULUS: [From Service] [Sensor2Impl] Lost 2 IMU samples: 1997 2 4
[2016.01.26-10.30.29:154][361]OCULUS: [From Service] [Sensor2Impl] Lost 2 IMU samples: 2122 2 4
[2016.01.26-10.30.29:433][382]OCULUS: [From Service] [Sensor2Impl] Lost 2 IMU samples: 3995 2 4
[2016.01.26-10.30.29:788][408]LogHMD:Warning: Vision Tracking Acquired
[2016.01.26-10.30.37:207][965]OCULUS: [From Service] 
Camera Aligned with Gravity: change 1.5 deg, 5 mm, conf 0.75
[2016.01.26-10.30.37:207][965]OCULUS: [From Service]   Camera Position (53.0, -5.5, -7.3)
[2016.01.26-10.30.37:207][965]OCULUS: [From Service]   Up in Camera Frame (-0.015, 0.998, -0.069)

[2016.01.26-10.30.51:940][ 67]OCULUS: [From Service] 
Camera Aligned with Gravity: change 1.6 deg, 4 mm, conf 0.753
[2016.01.26-10.30.51:940][ 67]OCULUS: [From Service]   Camera Position (53.7, -9.0, -7.5)
[2016.01.26-10.30.51:940][ 67]OCULUS: [From Service]   Up in Camera Frame (0.014, 0.998, -0.067)

[2016.01.26-10.31.11:397][523]LogHMD:Warning: HMD Oculus Rift DK2, Monitor , res = 1920 x 1080, windowPos = {0, 0}
[2016.01.26-10.31.11:430][523]OCULUS: [From Service] [Sensor2Impl] Lost 3 IMU samples: 1997 2 5
[2016.01.26-10.31.11:625][524]LogParticles: Destroying 0 GPU particle simulations for FXSystem 0x000000917B0A2020
[2016.01.26-10.33.21:152][533]LogEditorViewport: Clicking on Actor (LMB): SkeletalMeshActor (Reloj_01)
[2016.01.26-10.33.36:667][ 56]LogHMD:Warning: HMD Oculus Rift DK2, Monitor , res = 1920 x 1080, windowPos = {0, 0}
[2016.01.26-10.33.36:668][ 56]LogPlayLevel: PIE:  No blueprints needed recompiling
[2016.01.26-10.33.36:668][ 56]PIE: New page: Sesión PIE (reproducción en el editor): TAG (26/1/2016 12:33:36)
[2016.01.26-10.33.36:671][ 56]LogPlayLevel: PIE: StaticDuplicateObject took: (0.002663s)
[2016.01.26-10.33.36:672][ 56]LogPlayLevel: PIE: World Init took: (0.000425s)
[2016.01.26-10.33.36:672][ 56]LogPlayLevel: PIE: Created PIE world by copying editor world from /Game/Maps/TAG.TAG to /Game/Maps/UEDPIE_0_TAG.TAG (0.003207s)
[2016.01.26-10.33.36:793][ 56]LogWorld: Game class is 'GameMode'
[2016.01.26-10.33.36:794][ 56]LogAIModule: Creating AISystem for world TAG
[2016.01.26-10.33.36:795][ 56]LogWorld: Bringing World /Game/Maps/UEDPIE_0_TAG.TAG up for play (max tick rate 0) at 2016.01.26-11.33.36
[2016.01.26-10.33.36:796][ 56]LogWorld: Bringing up level for play took: 0.001468
[2016.01.26-10.33.36:806][ 56]PIE: Información Tiempo de inicio de la reproducción en el editor para  /Game/Maps/UEDPIE_0_TAG 0,591
[2016.01.26-10.33.36:807][ 56]LogHMD:Warning: Lost Vision Tracking
[2016.01.26-10.33.37:096][ 74]OCULUS: [From Service] [Sensor2Impl] Lost 14 IMU samples: 19972 20 34
[2016.01.26-10.33.37:171][ 79]OCULUS: [From Service] {ERR-017} [HMD] WARNING: LED state change unverified!
[2016.01.26-10.33.37:175][ 80]OCULUS: [From Service] {ERR-017} [HMD] WARNING: LED state change unverified!
[2016.01.26-10.33.37:183][ 80]OCULUS: [From Service] {ERR-017} [HMD] WARNING: LED state change unverified!
[2016.01.26-10.33.37:211][ 82]OCULUS: [From Service] {ERR-017} [HMD] WARNING: LED state change unverified!
[2016.01.26-10.33.37:240][ 85]OCULUS: [From Service] {ERR-017} [HMD] WARNING: LED state change unverified!
[2016.01.26-10.33.37:266][ 87]OCULUS: [From Service] {ERR-017} [HMD] WARNING: LED state change unverified!
[2016.01.26-10.33.37:295][ 89]OCULUS: [From Service] {ERR-017} [HMD] WARNING: LED state change unverified!
[2016.01.26-10.33.37:324][ 91]OCULUS: [From Service] {ERR-017} [HMD] WARNING: LED state change unverified!
[2016.01.26-10.33.37:352][ 93]OCULUS: [From Service] {ERR-017} [HMD] WARNING: LED state change unverified!
[2016.01.26-10.33.37:380][ 95]OCULUS: [From Service] {ERR-017} [HMD] WARNING: LED state change unverified!
[2016.01.26-10.33.37:402][ 97]OCULUS: [From Service] [Sensor2Impl] Lost 2 IMU samples: 19971 20 22
[2016.01.26-10.33.37:408][ 97]OCULUS: [From Service] {ERR-017} [HMD] WARNING: LED state change unverified!
[2016.01.26-10.33.37:435][ 99]OCULUS: [From Service] {ERR-017} [HMD] WARNING: LED state change unverified!
[2016.01.26-10.33.37:463][101]OCULUS: [From Service] {ERR-017} [HMD] WARNING: LED state change unverified!
[2016.01.26-10.33.37:489][103]OCULUS: [From Service] {ERR-017} [HMD] WARNING: LED state change unverified!
[2016.01.26-10.33.37:516][105]OCULUS: [From Service] {ERR-017} [HMD] WARNING: LED state change unverified!
[2016.01.26-10.33.37:543][107]OCULUS: [From Service] {ERR-017} [HMD] WARNING: LED state change unverified!
[2016.01.26-10.33.37:571][109]OCULUS: [From Service] {ERR-017} [HMD] WARNING: LED state change unverified!
[2016.01.26-10.33.37:598][111]OCULUS: [From Service] {ERR-017} [HMD] WARNING: LED state change unverified!
[2016.01.26-10.33.37:627][114]OCULUS: [From Service] {ERR-017} [HMD] WARNING: LED state change unverified!
[2016.01.26-10.33.37:654][116]OCULUS: [From Service] {ERR-017} [HMD] WARNING: LED state change unverified!
[2016.01.26-10.33.37:684][118]OCULUS: [From Service] {ERR-017} [HMD] WARNING: LED state change unverified!
[2016.01.26-10.33.37:714][120]OCULUS: [From Service] {ERR-017} [HMD] WARNING: LED state change unverified!
[2016.01.26-10.33.37:729][121]OCULUS: [From Service] [Sensor2Impl] Lost 2 IMU samples: 19971 20 22
[2016.01.26-10.33.37:742][122]OCULUS: [From Service] {ERR-017} [HMD] WARNING: LED state change unverified!
[2016.01.26-10.33.37:771][124]OCULUS: [From Service] {ERR-017} [HMD] WARNING: LED state change unverified!
[2016.01.26-10.33.37:773][125]OCULUS: [From Service] [Sensor2Impl] Lost 2 IMU samples: 20970 20 22
[2016.01.26-10.33.37:801][127]OCULUS: [From Service] {ERR-017} [HMD] WARNING: LED state change unverified!
[2016.01.26-10.33.37:815][128]OCULUS: [From Service] [Sensor2Impl] Lost 2 IMU samples: 19971 20 22
[2016.01.26-10.33.37:828][129]OCULUS: [From Service] {ERR-017} [HMD] WARNING: LED state change unverified!
[2016.01.26-10.33.37:856][131]OCULUS: [From Service] {ERR-017} [HMD] WARNING: LED state change unverified!
[2016.01.26-10.33.37:884][133]OCULUS: [From Service] {ERR-017} [HMD] WARNING: LED state change unverified!
[2016.01.26-10.33.37:912][135]OCULUS: [From Service] {ERR-017} [HMD] WARNING: LED state change unverified!
[2016.01.26-10.33.37:939][137]OCULUS: [From Service] [Sensor2Impl] Lost 2 IMU samples: 20970 20 22
[2016.01.26-10.33.37:941][137]OCULUS: [From Service] {ERR-017} [HMD] WARNING: LED state change unverified!
[2016.01.26-10.33.37:949][138]OCULUS: [From Service] [Sensor2Impl] Lost 9 IMU samples: 9985 2 11
[2016.01.26-10.33.37:970][139]OCULUS: [From Service] {ERR-017} [HMD] WARNING: LED state change unverified!
[2016.01.26-10.33.37:984][140]OCULUS: [From Service] {ERR-017} [HMD] WARNING: LED state change unverified!
[2016.01.26-10.33.38:003][142]OCULUS: [From Service] {ERR-017} [HMD] WARNING: LED state change unverified!
[2016.01.26-10.33.38:018][143]OCULUS: [From Service] {ERR-017} [HMD] WARNING: LED state change unverified!
[2016.01.26-10.33.38:037][144]OCULUS: [From Service] {ERR-017} [HMD] WARNING: LED state change unverified!
[2016.01.26-10.33.38:051][145]OCULUS: [From Service] {ERR-017} [HMD] WARNING: LED state change unverified!
[2016.01.26-10.33.38:069][147]OCULUS: [From Service] [Sensor2Impl] Lost 2 IMU samples: 3994 2 4
[2016.01.26-10.33.38:070][147]OCULUS: [From Service] {ERR-017} [HMD] WARNING: LED state change unverified!
[2016.01.26-10.33.38:085][148]OCULUS: [From Service] {ERR-017} [HMD] WARNING: LED state change unverified!
[2016.01.26-10.33.38:102][149]OCULUS: [From Service] {ERR-017} [HMD] WARNING: LED state change unverified!
[2016.01.26-10.33.38:119][151]OCULUS: [From Service] {ERR-017} [HMD] WARNING: LED state change unverified!
[2016.01.26-10.33.38:135][152]OCULUS: [From Service] {ERR-017} [HMD] WARNING: LED state change unverified!
[2016.01.26-10.33.41:425][398]LogHMD:Warning: Vision Tracking Acquired
[2016.01.26-10.33.45:580][710]OCULUS: [From Service] Early Tracking Recovery
[2016.01.26-10.33.45:598][711]LogHMD:Warning: Lost Vision Tracking
[2016.01.26-10.34.02:329][966]OCULUS: [From Service] [ModulationModel] Modulation sequence decoding failed
[2016.01.26-10.34.02:504][979]LogHMD:Warning: Vision Tracking Acquired
[2016.01.26-10.34.02:764][999]OCULUS: [From Service] Early Tracking Recovery
[2016.01.26-10.34.02:779][  0]OCULUS: [From Service] Early Tracking Recovery
[2016.01.26-10.34.02:798][  1]LogHMD:Warning: Lost Vision Tracking
[2016.01.26-10.34.12:309][712]LogHMD:Warning: HMD Oculus Rift DK2, Monitor , res = 1920 x 1080, windowPos = {0, 0}
[2016.01.26-10.34.12:353][712]OCULUS: [From Service] [Sensor2Impl] Lost 3 IMU samples: 1997 2 5
[2016.01.26-10.34.12:516][713]LogParticles: Destroying 0 GPU particle simulations for FXSystem 0x000000917B470900
[2016.01.26-10.34.16:112][142]LogContentBrowser:Verbose: The content browser source was changed by the sources view to '/Game/watch'
[2016.01.26-10.34.27:500][349]LogEditorViewport: Clicking on Actor (LMB): SkeletalMeshActor (Reloj_2)
[2016.01.26-10.34.36:918][469]LogEditorViewport: Clicking on Actor (LMB): SkeletalMeshActor (Reloj_3)
[2016.01.26-10.34.40:010][836]LogHMD:Warning: HMD Oculus Rift DK2, Monitor , res = 1920 x 1080, windowPos = {0, 0}
[2016.01.26-10.34.40:011][836]LogPlayLevel: PIE:  No blueprints needed recompiling
[2016.01.26-10.34.40:011][836]PIE: New page: Sesión PIE (reproducción en el editor): TAG (26/1/2016 12:34:40)
[2016.01.26-10.34.40:013][836]LogPlayLevel: PIE: StaticDuplicateObject took: (0.002457s)
[2016.01.26-10.34.40:014][836]LogPlayLevel: PIE: World Init took: (0.000336s)
[2016.01.26-10.34.40:014][836]LogPlayLevel: PIE: Created PIE world by copying editor world from /Game/Maps/TAG.TAG to /Game/Maps/UEDPIE_0_TAG.TAG (0.002899s)
[2016.01.26-10.34.40:136][836]LogWorld: Game class is 'GameMode'
[2016.01.26-10.34.40:143][836]LogAIModule: Creating AISystem for world TAG
[2016.01.26-10.34.40:151][836]LogWorld: Bringing World /Game/Maps/UEDPIE_0_TAG.TAG up for play (max tick rate 0) at 2016.01.26-11.34.40
[2016.01.26-10.34.40:153][836]LogWorld: Bringing up level for play took: 0.008545
[2016.01.26-10.34.40:192][836]PIE: Información Tiempo de inicio de la reproducción en el editor para  /Game/Maps/UEDPIE_0_TAG -0,023
[2016.01.26-10.34.40:439][845]OCULUS: [From Service] {ERR-017} [HMD] WARNING: LED state change unverified!
[2016.01.26-10.34.40:443][845]OCULUS: [From Service] {ERR-017} [HMD] WARNING: LED state change unverified!
[2016.01.26-10.34.40:450][846]OCULUS: [From Service] {ERR-017} [HMD] WARNING: LED state change unverified!
[2016.01.26-10.34.40:479][848]OCULUS: [From Service] {ERR-017} [HMD] WARNING: LED state change unverified!
[2016.01.26-10.34.40:497][849]OCULUS: [From Service] [Sensor2Impl] Lost 15 IMU samples: 19971 20 35
[2016.01.26-10.34.40:508][850]OCULUS: [From Service] {ERR-017} [HMD] WARNING: LED state change unverified!
[2016.01.26-10.34.40:535][852]OCULUS: [From Service] {ERR-017} [HMD] WARNING: LED state change unverified!
[2016.01.26-10.34.40:562][854]OCULUS: [From Service] {ERR-017} [HMD] WARNING: LED state change unverified!
[2016.01.26-10.34.40:589][856]OCULUS: [From Service] {ERR-017} [HMD] WARNING: LED state change unverified!
[2016.01.26-10.34.40:616][858]OCULUS: [From Service] {ERR-017} [HMD] WARNING: LED state change unverified!
[2016.01.26-10.34.40:643][860]OCULUS: [From Service] {ERR-017} [HMD] WARNING: LED state change unverified!
[2016.01.26-10.34.40:671][863]OCULUS: [From Service] {ERR-017} [HMD] WARNING: LED state change unverified!
[2016.01.26-10.34.40:700][865]OCULUS: [From Service] {ERR-017} [HMD] WARNING: LED state change unverified!
[2016.01.26-10.34.40:727][867]OCULUS: [From Service] {ERR-017} [HMD] WARNING: LED state change unverified!
[2016.01.26-10.34.40:755][869]OCULUS: [From Service] {ERR-017} [HMD] WARNING: LED state change unverified!
[2016.01.26-10.34.40:761][869]OCULUS: [From Service] [Sensor2Impl] Lost 2 IMU samples: 19971 20 22
[2016.01.26-10.34.40:784][871]OCULUS: [From Service] {ERR-017} [HMD] WARNING: LED state change unverified!
[2016.01.26-10.34.40:811][873]OCULUS: [From Service] {ERR-017} [HMD] WARNING: LED state change unverified!
[2016.01.26-10.34.40:839][875]OCULUS: [From Service] {ERR-017} [HMD] WARNING: LED state change unverified!
[2016.01.26-10.34.40:866][877]OCULUS: [From Service] {ERR-017} [HMD] WARNING: LED state change unverified!
[2016.01.26-10.34.40:894][879]OCULUS: [From Service] {ERR-017} [HMD] WARNING: LED state change unverified!
[2016.01.26-10.34.40:922][881]OCULUS: [From Service] {ERR-017} [HMD] WARNING: LED state change unverified!
[2016.01.26-10.34.40:949][883]OCULUS: [From Service] {ERR-017} [HMD] WARNING: LED state change unverified!
[2016.01.26-10.34.40:976][885]OCULUS: [From Service] {ERR-017} [HMD] WARNING: LED state change unverified!
[2016.01.26-10.34.41:003][887]OCULUS: [From Service] {ERR-017} [HMD] WARNING: LED state change unverified!
[2016.01.26-10.34.41:030][889]OCULUS: [From Service] {ERR-017} [HMD] WARNING: LED state change unverified!
[2016.01.26-10.34.41:058][892]OCULUS: [From Service] {ERR-017} [HMD] WARNING: LED state change unverified!
[2016.01.26-10.34.41:084][894]OCULUS: [From Service] {ERR-017} [HMD] WARNING: LED state change unverified!
[2016.01.26-10.34.41:113][896]OCULUS: [From Service] {ERR-017} [HMD] WARNING: LED state change unverified!
[2016.01.26-10.34.41:141][898]OCULUS: [From Service] {ERR-017} [HMD] WARNING: LED state change unverified!
[2016.01.26-10.34.41:171][900]OCULUS: [From Service] {ERR-017} [HMD] WARNING: LED state change unverified!
[2016.01.26-10.34.41:199][902]OCULUS: [From Service] {ERR-017} [HMD] WARNING: LED state change unverified!
[2016.01.26-10.34.41:227][904]OCULUS: [From Service] {ERR-017} [HMD] WARNING: LED state change unverified!
[2016.01.26-10.34.41:233][905]OCULUS: [From Service] [Sensor2Impl] Lost 3 IMU samples: 19972 20 23
[2016.01.26-10.34.41:256][906]OCULUS: [From Service] {ERR-017} [HMD] WARNING: LED state change unverified!
[2016.01.26-10.34.41:283][908]OCULUS: [From Service] {ERR-017} [HMD] WARNING: LED state change unverified!
[2016.01.26-10.34.41:314][911]OCULUS: [From Service] {ERR-017} [HMD] WARNING: LED state change unverified!
[2016.01.26-10.34.41:315][911]OCULUS: [From Service] [Sensor2Impl] Lost 2 IMU samples: 20970 20 22
[2016.01.26-10.34.41:343][913]OCULUS: [From Service] {ERR-017} [HMD] WARNING: LED state change unverified!
[2016.01.26-10.34.41:355][914]OCULUS: [From Service] [Sensor2Impl] Lost 17 IMU samples: 18973 2 19
[2016.01.26-10.34.41:475][923]OCULUS: [From Service] [Sensor2Impl] Lost 2 IMU samples: 1997 2 4
[2016.01.26-10.34.41:545][928]OCULUS: [From Service] [TrackedHMD] cameraToHMDoffset: 25977, was 25976
[2016.01.26-10.34.41:550][928]LogHMD:Warning: Vision Tracking Acquired
[2016.01.26-10.34.41:560][929]OCULUS: [From Service] [FrameCounterSync] Unable to find time for frame 55115, last was 55114
[2016.01.26-10.34.41:617][933]LogHMD:Warning: Lost Vision Tracking
[2016.01.26-10.34.41:747][943]OCULUS: [From Service] [TrackedHMD] cameraToHMDoffset: 25976, was 25977
[2016.01.26-10.34.41:950][958]LogHMD:Warning: Vision Tracking Acquired
[2016.01.26-10.34.48:661][459]OCULUS: [From Service] Early Tracking Recovery
[2016.01.26-10.34.48:679][460]OCULUS: [From Service] Early Tracking Recovery
[2016.01.26-10.34.48:697][461]LogHMD:Warning: Lost Vision Tracking
[2016.01.26-10.34.51:242][644]LogHMD:Warning: HMD Oculus Rift DK2, Monitor , res = 1920 x 1080, windowPos = {0, 0}
[2016.01.26-10.34.51:272][644]OCULUS: [From Service] [Sensor2Impl] Lost 3 IMU samples: 1997 2 5
[2016.01.26-10.34.51:420][644]LogParticles: Destroying 0 GPU particle simulations for FXSystem 0x000000910C69CA40
[2016.01.26-10.34.56:312][227]Cmd: DELETE
[2016.01.26-10.34.56:312][227]Cmd: ACTOR DELETE
[2016.01.26-10.34.56:313][227]LogEditorActor: Deleted Actor: SkeletalMeshActor
[2016.01.26-10.34.56:320][227]LogEditorActor: Deleted 1 Actors (0.007 secs)
[2016.01.26-10.34.57:045][312]LogEditorActor: Deleted Actor: SkeletalMeshActor
[2016.01.26-10.34.57:052][312]LogEditorActor: Deleted 1 Actors (0.007 secs)
[2016.01.26-10.35.00:245][681]Cmd: OBJ SAVEPACKAGE PACKAGE="/Game/Maps/TAG" FILE="../../../../Users/XperienciaRender/Documents/Unreal Projects/TAG_HEUER/Content/Maps/TAG.umap" SILENT=true AUTOSAVING=false KEEPDIRTY=false
[2016.01.26-10.35.00:317][681]LogSavePackage: Save=60.948811ms
[2016.01.26-10.35.00:317][681]LogSavePackage: Moving '../../../../Users/XperienciaRender/Documents/Unreal Projects/TAG_HEUER/Saved/TAGD884B17B45DF8050893502BAB360E84B.tmp' to '../../../../Users/XperienciaRender/Documents/Unreal Projects/TAG_HEUER/Content/Maps/TAG.umap'
[2016.01.26-10.35.00:334][681]LogFileHelpers: Saving map 'TAG' took 0.134
[2016.01.26-10.38.05:150][426]LogEditorViewport: Clicking on Actor (LMB): SkeletalMeshActor (Reloj_01)
[2016.01.26-10.38.48:996][335]Cmd: TRANSACTION UNDO
[2016.01.26-10.38.48:996][335]LogEditorTransaction: Undo Reemplazar material 
[2016.01.26-10.39.27:673][914]Cmd: OBJ SAVEPACKAGE PACKAGE="/Game/Maps/TAG" FILE="../../../../Users/XperienciaRender/Documents/Unreal Projects/TAG_HEUER/Content/Maps/TAG.umap" SILENT=true AUTOSAVING=false KEEPDIRTY=false
[2016.01.26-10.39.27:740][914]LogSavePackage: Save=59.283276ms
[2016.01.26-10.39.27:740][914]LogSavePackage: Moving '../../../../Users/XperienciaRender/Documents/Unreal Projects/TAG_HEUER/Saved/TAG239705FC4A1CAE9B5607748EFAA01132.tmp' to '../../../../Users/XperienciaRender/Documents/Unreal Projects/TAG_HEUER/Content/Maps/TAG.umap'
[2016.01.26-10.39.27:757][914]LogFileHelpers: Saving map 'TAG' took 0.129
[2016.01.26-10.47.04:126][796]LogEditorViewport: Clicking on Actor (LMB): SkeletalMeshActor (Reloj_01)
[2016.01.26-10.47.33:553][115]Cmd: OBJ SAVEPACKAGE PACKAGE="/Game/Maps/TAG" FILE="../../../../Users/XperienciaRender/Documents/Unreal Projects/TAG_HEUER/Content/Maps/TAG.umap" SILENT=true AUTOSAVING=false KEEPDIRTY=false
[2016.01.26-10.47.33:623][115]LogSavePackage: Save=58.930443ms
[2016.01.26-10.47.33:623][115]LogSavePackage: Moving '../../../../Users/XperienciaRender/Documents/Unreal Projects/TAG_HEUER/Saved/TAGBCCAAA8F4ADEC3E3BD1B2DA7554C4238.tmp' to '../../../../Users/XperienciaRender/Documents/Unreal Projects/TAG_HEUER/Content/Maps/TAG.umap'
[2016.01.26-10.47.33:640][115]LogFileHelpers: Saving map 'TAG' took 0.131
[2016.01.26-10.47.34:060][116]Cmd: QUIT_EDITOR
[2016.01.26-10.47.34:181][116]LogHMD: Oculus shutdown.
[2016.01.26-10.47.34:255][116]LogExit: Preparing to exit.
[2016.01.26-10.47.34:871][116]LogExit: Editor shut down
[2016.01.26-10.47.34:871][116]LogExit: Transaction tracking system shut down
[2016.01.26-10.47.34:872][116]LogParticles: Destroying 0 GPU particle simulations for FXSystem 0x000000917A2AD440
[2016.01.26-10.47.34:872][116]LogParticles: Destroying 0 GPU particle simulations for FXSystem 0x000000910E91C860
[2016.01.26-10.47.34:872][116]LogParticles: Destroying 0 GPU particle simulations for FXSystem 0x0000009103ED0900
[2016.01.26-10.47.34:914][116]LogParticles: Destroying 0 GPU particle simulations for FXSystem 0x0000009103ED1F80
[2016.01.26-10.47.34:914][116]LogExit: Object subsystem successfully closed.
[2016.01.26-10.47.34:954][116]LogModuleManager: Shutting down and abandoning module CrashTracker (173)
[2016.01.26-10.47.34:954][116]LogModuleManager: Shutting down and abandoning module SuperSearch (172)
[2016.01.26-10.47.34:954][116]LogModuleManager: Shutting down and abandoning module SceneOutliner (171)
[2016.01.26-10.47.34:954][116]LogModuleManager: Shutting down and abandoning module EditorWidgets (170)
[2016.01.26-10.47.34:954][116]LogModuleManager: Shutting down and abandoning module CollectionManager (169)
[2016.01.26-10.47.34:954][116]LogModuleManager: Shutting down and abandoning module StatsViewer (168)
[2016.01.26-10.47.34:954][116]LogModuleManager: Shutting down and abandoning module FoliageEdit (167)
[2016.01.26-10.47.34:954][116]LogModuleManager: Shutting down and abandoning module LandscapeEditor (166)
[2016.01.26-10.47.34:955][116]LogModuleManager: Shutting down and abandoning module MeshPaint (165)
[2016.01.26-10.47.34:955][116]LogModuleManager: Shutting down and abandoning module ActorPickerMode (164)
[2016.01.26-10.47.34:955][116]LogModuleManager: Shutting down and abandoning module GeometryMode (163)
[2016.01.26-10.47.34:955][116]LogModuleManager: Shutting down and abandoning module TextureAlignMode (162)
[2016.01.26-10.47.34:955][116]LogModuleManager: Shutting down and abandoning module BspMode (161)
[2016.01.26-10.47.34:955][116]LogModuleManager: Shutting down and abandoning module PlacementMode (160)
[2016.01.26-10.47.34:955][116]LogModuleManager: Shutting down and abandoning module AutomationWorker (159)
[2016.01.26-10.47.34:955][116]LogModuleManager: Shutting down and abandoning module CharacterAI (158)
[2016.01.26-10.47.34:955][116]LogModuleManager: Shutting down and abandoning module SmartSnapping (157)
[2016.01.26-10.47.34:955][116]LogModuleManager: Shutting down and abandoning module ViewportSnapping (156)
[2016.01.26-10.47.34:955][116]LogModuleManager: Shutting down and abandoning module LogVisualizer (155)
[2016.01.26-10.47.34:955][116]LogModuleManager: Shutting down and abandoning module GameProjectGeneration (154)
[2016.01.26-10.47.34:956][116]LogModuleManager: Shutting down and abandoning module IntroTutorials (153)
[2016.01.26-10.47.34:956][116]LogModuleManager: Shutting down and abandoning module EditorLiveStreaming (152)
[2016.01.26-10.47.34:956][116]LogModuleManager: Shutting down and abandoning module HardwareTargeting (151)
[2016.01.26-10.47.34:956][116]LogModuleManager: Shutting down and abandoning module DeviceProfileEditor (150)
[2016.01.26-10.47.34:956][116]LogModuleManager: Shutting down and abandoning module UndoHistory (149)
[2016.01.26-10.47.34:956][116]LogModuleManager: Shutting down and abandoning module GameplayTagsEditor (148)
[2016.01.26-10.47.34:956][116]LogModuleManager: Shutting down and abandoning module UserFeedback (147)
[2016.01.26-10.47.34:956][116]LogModuleManager: Shutting down and abandoning module XmlParser (146)
[2016.01.26-10.47.34:956][116]LogModuleManager: Shutting down and abandoning module Blutility (145)
[2016.01.26-10.47.34:956][116]LogModuleManager: Shutting down and abandoning module IOSPlatformEditor (144)
[2016.01.26-10.47.34:956][116]LogModuleManager: Shutting down and abandoning module IOSRuntimeSettings (143)
[2016.01.26-10.47.34:956][116]LogModuleManager: Shutting down and abandoning module AndroidDeviceDetection (142)
[2016.01.26-10.47.35:481][116]LogModuleManager: Shutting down and abandoning module AndroidPlatformEditor (141)
[2016.01.26-10.47.35:481][116]LogModuleManager: Shutting down and abandoning module AndroidRuntimeSettings (140)
[2016.01.26-10.47.35:481][116]LogModuleManager: Shutting down and abandoning module ProjectTargetPlatformEditor (139)
[2016.01.26-10.47.35:481][116]LogModuleManager: Shutting down and abandoning module ProjectSettingsViewer (138)
[2016.01.26-10.47.35:481][116]LogModuleManager: Shutting down and abandoning module InputBindingEditor (137)
[2016.01.26-10.47.35:481][116]LogModuleManager: Shutting down and abandoning module EditorSettingsViewer (136)
[2016.01.26-10.47.35:482][116]LogModuleManager: Shutting down and abandoning module SettingsEditor (135)
[2016.01.26-10.47.35:482][116]LogModuleManager: Shutting down and abandoning module ProjectLauncher (134)
[2016.01.26-10.47.35:482][116]LogModuleManager: Shutting down and abandoning module SessionFrontend (133)
[2016.01.26-10.47.35:482][116]LogModuleManager: Shutting down and abandoning module ProfilerClient (132)
[2016.01.26-10.47.35:483][116]LogModuleManager: Shutting down and abandoning module TargetDeviceServices (131)
[2016.01.26-10.47.35:483][116]LogModuleManager: Shutting down and abandoning module DeviceManager (130)
[2016.01.26-10.47.35:483][116]LogModuleManager: Shutting down and abandoning module AutomationController (129)
[2016.01.26-10.47.35:483][116]LogModuleManager: Shutting down and abandoning module AutomationWindow (128)
[2016.01.26-10.47.35:483][116]LogModuleManager: Shutting down and abandoning module Layers (127)
[2016.01.26-10.47.35:484][116]LogModuleManager: Shutting down and abandoning module ComponentVisualizers (126)
[2016.01.26-10.47.35:485][116]LogModuleManager: Shutting down and abandoning module DetailCustomizations (125)
[2016.01.26-10.47.35:485][116]LogModuleManager: Shutting down and abandoning module PackagesDialog (124)
[2016.01.26-10.47.35:485][116]LogModuleManager: Shutting down and abandoning module AssetRegistry (123)
[2016.01.26-10.47.35:566][116]LogModuleManager: Shutting down and abandoning module Persona (122)
[2016.01.26-10.47.35:566][116]LogModuleManager: Shutting down and abandoning module SlateReflector (121)
[2016.01.26-10.47.35:567][116]LogModuleManager: Shutting down and abandoning module LevelEditor (120)
[2016.01.26-10.47.35:567][116]LogModuleManager: Shutting down and abandoning module Kismet (119)
[2016.01.26-10.47.35:568][116]LogModuleManager: Shutting down and abandoning module GraphEditor (118)
[2016.01.26-10.47.35:569][116]LogModuleManager: Shutting down and abandoning module ClassViewer (117)
[2016.01.26-10.47.35:569][116]LogModuleManager: Shutting down and abandoning module Toolbox (116)
[2016.01.26-10.47.35:569][116]LogModuleManager: Shutting down and abandoning module ModuleUI (115)
[2016.01.26-10.47.35:569][116]LogModuleManager: Shutting down and abandoning module MovieSceneTools (114)
[2016.01.26-10.47.35:569][116]LogModuleManager: Shutting down and abandoning module OutputLog (113)
[2016.01.26-10.47.35:569][116]LogModuleManager: Shutting down and abandoning module GammaUI (112)
[2016.01.26-10.47.35:570][116]LogModuleManager: Shutting down and abandoning module Documentation (111)
[2016.01.26-10.47.35:570][116]LogModuleManager: Shutting down and abandoning module GameLiveStreaming (110)
[2016.01.26-10.47.35:570][116]LogModuleManager: Shutting down and abandoning module StreamingPauseRendering (109)
[2016.01.26-10.47.35:570][116]LogModuleManager: Shutting down and abandoning module HTTP (108)
[2016.01.26-10.47.35:570][116]LogModuleManager: Shutting down and abandoning module AnalyticsET (107)
[2016.01.26-10.47.35:570][116]LogModuleManager: Shutting down and abandoning module Analytics (106)
[2016.01.26-10.47.35:570][116]LogModuleManager: Shutting down and abandoning module AITestSuite (105)
[2016.01.26-10.47.35:570][116]LogModuleManager: Shutting down and abandoning module GameplayDebugger (104)
[2016.01.26-10.47.35:570][116]LogModuleManager: Shutting down and abandoning module AIModule (103)
[2016.01.26-10.47.35:570][116]LogModuleManager: Shutting down and abandoning module ProfilerService (102)
[2016.01.26-10.47.35:791][116]LogModuleManager: Shutting down and abandoning module TaskGraph (101)
[2016.01.26-10.47.35:792][116]LogModuleManager: Shutting down and abandoning module SlateRemote (100)
[2016.01.26-10.47.35:792][116]LogModuleManager: Shutting down and abandoning module ScriptEditorPlugin (99)
[2016.01.26-10.47.35:792][116]LogModuleManager: Shutting down and abandoning module CustomMeshComponent (98)
[2016.01.26-10.47.35:792][116]LogModuleManager: Shutting down and abandoning module CableComponent (97)
[2016.01.26-10.47.35:792][116]LogModuleManager: Shutting down and abandoning module MessagingDebugger (96)
[2016.01.26-10.47.35:793][116]LogModuleManager: Shutting down and abandoning module MediaPlayerEditor (95)
[2016.01.26-10.47.35:794][116]LogModuleManager: Shutting down and abandoning module SpeedTreeImporter (94)
[2016.01.26-10.47.35:794][116]LogModuleManager: Shutting down and abandoning module PluginsEditor (93)
[2016.01.26-10.47.35:794][116]LogModuleManager: Shutting down and abandoning module MainFrame (92)
[2016.01.26-10.47.35:794][116]LogModuleManager: Shutting down and abandoning module EpicSurvey (91)
[2016.01.26-10.47.35:794][116]LogModuleManager: Shutting down and abandoning module DesktopPlatform (90)
[2016.01.26-10.47.35:794][116]LogModuleManager: Shutting down and abandoning module DirectoryWatcher (89)
[2016.01.26-10.47.35:794][116]LogModuleManager: Shutting down and abandoning module HotReload (88)
[2016.01.26-10.47.35:794][116]LogModuleManager: Shutting down and abandoning module VisualStudioSourceCodeAccess (87)
[2016.01.26-10.47.35:794][116]LogModuleManager: Shutting down and abandoning module UObjectPlugin (86)
[2016.01.26-10.47.35:794][116]LogModuleManager: Shutting down and abandoning module SubversionSourceControl (85)
[2016.01.26-10.47.35:794][116]LogModuleManager: Shutting down and abandoning module PerforceSourceControl (84)
[2016.01.26-10.47.35:795][116]LogModuleManager: Shutting down and abandoning module SourceControl (83)
[2016.01.26-10.47.35:795][116]LogModuleManager: Shutting down and abandoning module GitSourceControl (82)
[2016.01.26-10.47.35:795][116]LogModuleManager: Shutting down and abandoning module ExportObjectPlugin (81)
[2016.01.26-10.47.35:795][116]LogModuleManager: Shutting down and abandoning module BlankPlugin (80)
[2016.01.26-10.47.35:795][116]LogModuleManager: Shutting down and abandoning module PaperTiledImporter (79)
[2016.01.26-10.47.35:795][116]LogModuleManager: Shutting down and abandoning module PaperJsonImporter (78)
[2016.01.26-10.47.35:795][116]LogModuleManager: Shutting down and abandoning module ContentBrowser (77)
[2016.01.26-10.47.35:796][116]LogModuleManager: Shutting down and abandoning module Paper2DEditor (76)
[2016.01.26-10.47.35:797][116]LogModuleManager: Shutting down and abandoning module ScriptPlugin (75)
[2016.01.26-10.47.35:797][116]LogModuleManager: Shutting down and abandoning module UdpMessaging (74)
[2016.01.26-10.47.35:898][116]LogModuleManager: Shutting down and abandoning module Paper2D (73)
[2016.01.26-10.47.35:898][116]LogModuleManager: Shutting down and abandoning module WindowsMoviePlayer (72)
[2016.01.26-10.47.35:904][116]LogModuleManager: Shutting down and abandoning module Media (71)
[2016.01.26-10.47.35:904][116]LogModuleManager: Shutting down and abandoning module WmfMedia (70)
[2016.01.26-10.47.35:905][116]LogModuleManager: Shutting down and abandoning module OnlineBlueprintSupport (69)
[2016.01.26-10.47.35:905][116]LogModuleManager: Shutting down and abandoning module PropertyEditor (68)
[2016.01.26-10.47.35:905][116]LogModuleManager: Shutting down and abandoning module BehaviorTreeEditor (67)
[2016.01.26-10.47.35:906][116]LogModuleManager: Shutting down and abandoning module FunctionalTesting (66)
[2016.01.26-10.47.35:906][116]LogModuleManager: Shutting down and abandoning module CollisionAnalyzer (65)
[2016.01.26-10.47.35:906][116]LogModuleManager: Shutting down and abandoning module WorkspaceMenuStructure (64)
[2016.01.26-10.47.35:907][116]LogModuleManager: Shutting down and abandoning module MessageLog (63)
[2016.01.26-10.47.35:907][116]LogModuleManager: Shutting down and abandoning module Sequencer (62)
[2016.01.26-10.47.35:908][116]LogModuleManager: Shutting down and abandoning module AssetTools (61)
[2016.01.26-10.47.35:909][116]LogModuleManager: Shutting down and abandoning module UMGEditor (60)
[2016.01.26-10.47.35:909][116]LogModuleManager: Shutting down and abandoning module UMG (59)
[2016.01.26-10.47.35:910][116]LogModuleManager: Shutting down and abandoning module Slate (58)
[2016.01.26-10.47.35:910][116]LogModuleManager: Shutting down and abandoning module EditorStyle (57)
[2016.01.26-10.47.35:919][116]LogModuleManager: Shutting down and abandoning module SessionServices (56)
[2016.01.26-10.47.35:919][116]LogModuleManager: Shutting down and abandoning module SourceCodeAccess (55)
[2016.01.26-10.47.35:919][116]LogModuleManager: Shutting down and abandoning module HeadMountedDisplay (54)
[2016.01.26-10.47.35:919][116]LogModuleManager: Shutting down and abandoning module XAudio2 (53)
[2016.01.26-10.47.35:919][116]LogModuleManager: Shutting down and abandoning module Networking (51)
[2016.01.26-10.47.35:919][116]LogModuleManager: Shutting down and abandoning module Core (50)
[2016.01.26-10.47.35:919][116]LogModuleManager: Shutting down and abandoning module KismetCompiler (49)
[2016.01.26-10.47.35:919][116]LogModuleManager: Shutting down and abandoning module PhysXFormats (48)
[2016.01.26-10.47.35:919][116]LogModuleManager: Shutting down and abandoning module MeshUtilities (47)
[2016.01.26-10.47.35:920][116]LogModuleManager: Shutting down and abandoning module DerivedDataCache (46)
[2016.01.26-10.47.35:978][116]LogDerivedDataCache: Shutdown
[2016.01.26-10.47.35:978][116]LogModuleManager: Shutting down and abandoning module ShaderFormatOpenGL (45)
[2016.01.26-10.47.35:978][116]LogModuleManager: Shutting down and abandoning module ShaderFormatD3D (44)
[2016.01.26-10.47.35:979][116]LogModuleManager: Shutting down and abandoning module MetalShaderFormat (43)
[2016.01.26-10.47.35:979][116]LogModuleManager: Shutting down and abandoning module TextureFormatUncompressed (42)
[2016.01.26-10.47.35:979][116]LogModuleManager: Shutting down and abandoning module TextureFormatPVR (41)
[2016.01.26-10.47.35:979][116]LogModuleManager: Shutting down and abandoning module TextureFormatIntelISPCTexComp (40)
[2016.01.26-10.47.35:979][116]LogModuleManager: Shutting down and abandoning module TextureFormatDXT (39)
[2016.01.26-10.47.35:979][116]LogModuleManager: Shutting down and abandoning module ImageWrapper (38)
[2016.01.26-10.47.35:979][116]LogModuleManager: Shutting down and abandoning module TextureFormatASTC (37)
[2016.01.26-10.47.35:979][116]LogModuleManager: Shutting down and abandoning module AudioFormatOpus (36)
[2016.01.26-10.47.35:979][116]LogModuleManager: Shutting down and abandoning module AudioFormatOgg (35)
[2016.01.26-10.47.35:979][116]LogModuleManager: Shutting down and abandoning module AudioFormatADPCM (34)
[2016.01.26-10.47.35:979][116]LogModuleManager: Shutting down and abandoning module Messaging (33)
[2016.01.26-10.47.35:979][116]LogModuleManager: Shutting down and abandoning module IOSTargetPlatform (32)
[2016.01.26-10.47.35:979][116]LogModuleManager: Shutting down and abandoning module HTML5TargetPlatform (31)
[2016.01.26-10.47.35:980][116]LogModuleManager: Shutting down and abandoning module Android_PVRTCTargetPlatform (30)
[2016.01.26-10.47.35:980][116]LogModuleManager: Shutting down and abandoning module Android_ETC2TargetPlatform (29)
[2016.01.26-10.47.35:980][116]LogModuleManager: Shutting down and abandoning module Android_ETC1TargetPlatform (28)
[2016.01.26-10.47.35:980][116]LogModuleManager: Shutting down and abandoning module Android_DXTTargetPlatform (27)
[2016.01.26-10.47.35:980][116]LogModuleManager: Shutting down and abandoning module Android_ATCTargetPlatform (26)
[2016.01.26-10.47.35:980][116]LogModuleManager: Shutting down and abandoning module AndroidTargetPlatform (25)
[2016.01.26-10.47.35:980][116]LogModuleManager: Shutting down and abandoning module WindowsTargetPlatform (24)
[2016.01.26-10.47.35:980][116]LogModuleManager: Shutting down and abandoning module WindowsServerTargetPlatform (23)
[2016.01.26-10.47.35:980][116]LogModuleManager: Shutting down and abandoning module WindowsNoEditorTargetPlatform (22)
[2016.01.26-10.47.35:980][116]LogModuleManager: Shutting down and abandoning module WindowsClientTargetPlatform (21)
[2016.01.26-10.47.35:980][116]LogModuleManager: Shutting down and abandoning module TargetPlatform (20)
[2016.01.26-10.47.35:980][116]LogModuleManager: Shutting down and abandoning module InputCore (19)
[2016.01.26-10.47.35:980][116]LogModuleManager: Shutting down and abandoning module Settings (18)
[2016.01.26-10.47.35:980][116]LogModuleManager: Shutting down and abandoning module OnlineSubsystem (16)
[2016.01.26-10.47.35:980][116]LogModuleManager: Shutting down and abandoning module OculusRift (15)
[2016.01.26-10.47.35:980][116]LogModuleManager: Shutting down and abandoning module ExampleDeviceProfileSelector (14)
[2016.01.26-10.47.35:980][116]LogModuleManager: Shutting down and abandoning module TextureCompressor (13)
[2016.01.26-10.47.35:980][116]LogModuleManager: Shutting down and abandoning module ShaderCore (12)
[2016.01.26-10.47.35:980][116]LogModuleManager: Shutting down and abandoning module Landscape (11)
[2016.01.26-10.47.35:980][116]LogModuleManager: Shutting down and abandoning module SlateRHIRenderer (10)
[2016.01.26-10.47.35:986][116]LogModuleManager: Shutting down and abandoning module OpenGLDrv (9)
[2016.01.26-10.47.35:986][116]LogModuleManager: Shutting down and abandoning module D3D11RHI (8)
[2016.01.26-10.47.35:986][116]LogModuleManager: Shutting down and abandoning module Renderer (7)
[2016.01.26-10.47.35:986][116]LogModuleManager: Shutting down and abandoning module Engine (6)
[2016.01.26-10.47.35:987][116]LogModuleManager: Shutting down and abandoning module CoreUObject (5)
[2016.01.26-10.47.35:987][116]LogModuleManager: Shutting down and abandoning module NetworkFile (4)
[2016.01.26-10.47.35:987][116]LogModuleManager: Shutting down and abandoning module StreamingFile (3)
[2016.01.26-10.47.35:987][116]LogModuleManager: Shutting down and abandoning module SandboxFile (2)
[2016.01.26-10.47.35:987][116]LogModuleManager: Shutting down and abandoning module PakFile (1)
[2016.01.26-10.47.35:988][116]LogExit: Exiting.
[2016.01.26-10.47.36:001][116]Log file closed, 01/26/16 11:47:36
