Log file open, 01/25/16 18:53:08
LogInit:Display: Running engine for game: TAG_HEUER
LogInit: Version: 4.7.6-0+++depot+UE4-Releases+4.7
LogInit: API Version: 0
LogInit: Compiled (64-bit): Nov 17 2015 19:42:46
LogInit: Compiled with Visual C++: 18.00.40629.00
LogInit: Build Configuration: Development
LogInit: Branch Name: ++depot+UE4-Releases+4.7
LogInit: Command line:  
LogInit: Base directory: C:/UnrealEngine-4.7/Engine/Binaries/Win64/
LogInit: Rocket: 0
[2016.01.25-17.53.08:293][  0]LogTaskGraph: Started task graph with 3 named threads and 6 total threads.
[2016.01.25-17.53.08:343][  0]LogOnline:Warning: No default platform service specified for OnlineSubsystem
[2016.01.25-17.53.08:349][  0]LogInit: Presizing for 0 objects not considered by GC, pre-allocating 0 bytes.
[2016.01.25-17.53.08:355][  0]LogInit: Object subsystem initialized
[2016.01.25-17.53.08:356][  0]LogConsoleResponse:Warning: Skipping Unknown console variable: 'TranslucentSortAxis = (X=0.000000,Y=-1.000000,Z=0.000000)'
[2016.01.25-17.53.08:356][  0]LogConsoleResponse:Warning:   Found in ini file 'C:/Users/XperienciaRender/Documents/Unreal Projects/TAG_HEUER/Saved/Config/Windows/Engine.ini', in section '[/Script/Engine.RendererSettings]'
[2016.01.25-17.53.08:356][  0]LogConsoleResponse:Warning: Skipping Unknown console variable: 'UIScaleRule = ShortestSide'
[2016.01.25-17.53.08:356][  0]LogConsoleResponse:Warning:   Found in ini file 'C:/Users/XperienciaRender/Documents/Unreal Projects/TAG_HEUER/Saved/Config/Windows/Engine.ini', in section '[/Script/Engine.RendererSettings]'
[2016.01.25-17.53.08:356][  0]LogConsoleResponse:Warning: Skipping Unknown console variable: 'UIScaleCurve = (EditorCurveData=(Keys=),ExternalCurve=None)'
[2016.01.25-17.53.08:356][  0]LogConsoleResponse:Warning:   Found in ini file 'C:/Users/XperienciaRender/Documents/Unreal Projects/TAG_HEUER/Saved/Config/Windows/Engine.ini', in section '[/Script/Engine.RendererSettings]'
[2016.01.25-17.53.08:357][  0]LogInit: Selected Device Profile: [Windows]
[2016.01.25-17.53.08:357][  0]LogInit: Applying CVar settings loaded from the selected device profile: [Windows]
[2016.01.25-17.53.08:360][  0]LogInit: Computer: XVIRTUALRENDER
[2016.01.25-17.53.08:360][  0]LogInit: User: XperienciaRender
[2016.01.25-17.53.08:360][  0]LogInit: CPU Page size=4096, Cores=4
[2016.01.25-17.53.08:360][  0]LogInit: High frequency timer resolution =3.914064 MHz
[2016.01.25-17.53.08:360][  0]LogMemory: Memory total: Physical=32.0GB (32GB approx) Virtual=8192.0GB
[2016.01.25-17.53.08:360][  0]LogMemory: Platform Memory Stats for Windows
[2016.01.25-17.53.08:360][  0]LogMemory: Process Physical Memory: 45.49 MB used, 45.49 MB peak
[2016.01.25-17.53.08:360][  0]LogMemory: Process Virtual Memory: 25.48 MB used, 25.49 MB peak
[2016.01.25-17.53.08:360][  0]LogMemory: Physical Memory: 1756.10 MB used, 32720.31 MB total
[2016.01.25-17.53.08:360][  0]LogMemory: Virtual Memory: 289.16 MB used, 8388608.00 MB total
[2016.01.25-17.53.08:380][  0]LogD3D11RHI: Found D3D11 adapter 0: AMD Radeon (TM) R9 Fury Series (Feature Level 11_0)
[2016.01.25-17.53.08:380][  0]LogD3D11RHI: Adapter has 4070MB of dedicated video memory, 0MB of dedicated system memory, and 3840MB of shared system memory, 1 output[s]
[2016.01.25-17.53.08:381][  0]LogD3D11RHI: Found D3D11 adapter 1: Microsoft Basic Render Driver (Feature Level 11_0)
[2016.01.25-17.53.08:381][  0]LogD3D11RHI: Adapter has 0MB of dedicated video memory, 0MB of dedicated system memory, and 256MB of shared system memory, 0 output[s]
[2016.01.25-17.53.08:381][  0]LogD3D11RHI: Chosen D3D11 Adapter Id = 0
[2016.01.25-17.53.08:387][  0]LogRHI: Texture pool is 1361 MB (70% of 1945 MB)
[2016.01.25-17.53.08:394][  0]LogD3D11RHI: Async texture creation disabled: no driver support
[2016.01.25-17.53.08:435][  0]LogTextLocalizationManager: The requested culture ('es_ES') has no localization data; parent culture's ('es') localization data will be used.
[2016.01.25-17.53.08:462][  0]LogTextLocalizationManager:Warning: Loading localization resources contain conflicting entries for (Namespace:ContentBrowser, Key:ImportAssetToolTip):
Resource: (C:/UnrealEngine-4.7/Engine/Content/Localization/Editor/es/Editor.locres) Hash: (-630476809) String: (Importar a {0}...)
Resource: (C:/UnrealEngine-4.7/Engine/Content/Localization/Editor/es/Editor.locres) Hash: (1271782899) String: (Importa un activo desde el archivo a esta carpeta.)
[2016.01.25-17.53.08:498][  0]LogContentStreaming: Texture pool size is 0.000000MB
[2016.01.25-17.53.09:902][  0]LogTargetPlatformManager:Display: Building Assets For Windows
[2016.01.25-17.53.10:207][  0]LogTargetPlatformManager:Display: Building Assets For Windows
[2016.01.25-17.53.10:240][  0]LogDerivedDataCache:Display: Max Cache Size: 512 MB
[2016.01.25-17.53.10:266][  0]LogDerivedDataCache: Loaded boot cache 0.03s 39MB ../../../../Users/XperienciaRender/Documents/Unreal Projects/TAG_HEUER/DerivedDataCache/Boot.ddc.
[2016.01.25-17.53.10:266][  0]LogDerivedDataCache:Display: Loaded Boot cache: ../../../../Users/XperienciaRender/Documents/Unreal Projects/TAG_HEUER/DerivedDataCache/Boot.ddc
[2016.01.25-17.53.10:266][  0]LogDerivedDataCache: FDerivedDataBackendGraph:  Pak pak cache file ../../../../Users/XperienciaRender/Documents/Unreal Projects/TAG_HEUER/DerivedDataCache/DDC.ddp not found, will not use a pak cache.
[2016.01.25-17.53.10:266][  0]LogDerivedDataCache: Unable to find inner node Pak for hierarchical cache Hierarchy.
[2016.01.25-17.53.10:266][  0]LogDerivedDataCache: FDerivedDataBackendGraph:  EnginePak pak cache file ../../../Engine/DerivedDataCache/DDC.ddp not found, will not use a pak cache.
[2016.01.25-17.53.10:266][  0]LogDerivedDataCache: Unable to find inner node EnginePak for hierarchical cache Hierarchy.
[2016.01.25-17.53.10:277][  0]LogDerivedDataCache: Using Local data cache path ../../../Engine/DerivedDataCache: Writable
[2016.01.25-17.53.10:277][  0]LogDerivedDataCache: Shared data cache path not found in *engine.ini, will not use an Shared cache.
[2016.01.25-17.53.10:277][  0]LogDerivedDataCache: Unable to find inner node Shared for hierarchical cache Hierarchy.
[2016.01.25-17.53.10:448][  0]LogMeshUtilities: No automatic mesh reduction module available
[2016.01.25-17.53.10:448][  0]LogMeshUtilities: No automatic mesh merging module available
[2016.01.25-17.53.10:691][  0]LogInit: WinSock: version 1.1 (2.2), MaxSocks=32767, MaxUdp=65467
[2016.01.25-17.53.10:729][  0]LogSlate:Warning: Failed to load font data from '../../../Engine/Content/Slate/Fonts/Roboto-Italic.ttf'
[2016.01.25-17.53.11:168][  0]UdpMessaging: Initializing bridge on interface 0.0.0.0:0 to multicast group 230.0.0.1:6666.
[2016.01.25-17.53.11:334][  0]SourceControl: Información El control de código fuente está desactivado
[2016.01.25-17.53.11:334][  0]SourceControl: Información El control de código fuente está desactivado
[2016.01.25-17.53.11:334][  0]SourceControl: Información El control de código fuente está desactivado
[2016.01.25-17.53.11:334][  0]LogSourceControl: RunCommandInternalRaw: 'git version'
[2016.01.25-17.53.11:334][  0]LogSourceControl: RunCommandInternalRaw: ExecProcess ReturnCode=2 OutResults=''
[2016.01.25-17.53.11:339][  0]SourceControl: Información El control de código fuente está desactivado
[2016.01.25-17.53.11:429][  0]LogObj: 24234 objects as part of root set at end of initial load.
[2016.01.25-17.53.11:429][  0]LogUObjectAllocator: 5137560 out of 0 bytes used by permanent object pool.
[2016.01.25-17.53.11:481][  0]LogEngine: Initializing Engine...
[2016.01.25-17.53.11:482][  0]LogHMD:Warning: HMD Oculus Rift DK2, Monitor , res = 1920 x 1080, windowPos = {0, 0}
[2016.01.25-17.53.11:483][  0]LogHMD: Oculus plugin initialized. Version: 4.7.6-0+++depot+UE4-Releases+4.7, LibOVR: 0.4.4, built Nov 17 2015, 19:45:18
[2016.01.25-17.53.11:577][  0]LogInit: XAudio2 using 'Audio digital (HDMI) (2- Dispositivo de High Definition Audio)' : 2 channels at 44.1 kHz using 16 bits per sample (channel mask 0x3)
[2016.01.25-17.53.11:583][  0]LogInit: FAudioDevice initialized.
[2016.01.25-17.53.11:601][  0]LogAIModule: Creating AISystem for world NewWorld
[2016.01.25-17.53.11:615][  0]LogDerivedDataCache: Saved boot cache 0.01s 39MB ../../../../Users/XperienciaRender/Documents/Unreal Projects/TAG_HEUER/DerivedDataCache/Boot.ddc.
[2016.01.25-17.53.11:616][  0]LogInit: Texture streaming: Enabled
[2016.01.25-17.53.11:667][  0]LogAnalytics: Creating configured Analytics provider AnalyticsET
[2016.01.25-17.53.11:667][  0]LogAnalytics: ET APIKey = UnrealEngine.Release. APIServer = http://etsource.epicgames.com/ET2/. AppVersion = 4.7.6-0+++depot+UE4-Releases+4.7
[2016.01.25-17.53.11:667][  0]LogAnalytics: SetUserId d6168901472bba0ffb3e81af04f59a83|993bd6500af24810ad7ff9f04b6bd5ef|bb511fb2-8347-4713-aceb-f87baa5cc237
[2016.01.25-17.53.11:667][  0]LogAnalytics: AnalyticsET::StartSession [UnrealEngine.Release]
[2016.01.25-17.53.11:679][  0]LogInit: Transaction tracking system initialized
[2016.01.25-17.53.11:763][  0]BlueprintLog: New page: Cargar el editor
[2016.01.25-17.53.11:786][  0]LogAssetRegistry: FAssetRegistry took 0.0111 seconds to start up
[2016.01.25-17.53.11:786][  0]LogDirectoryWatcher:Warning: Failed to begin reading directory changes for ../../../Engine/Plugins/Experimental/CharacterAI/Content/. Error: 0
[2016.01.25-17.53.12:113][  0]LogTargetPlatformManager:Display: Building Assets For Windows
[2016.01.25-17.53.12:360][  0]LogTargetPlatformManager:Display: Building Assets For Windows
[2016.01.25-17.53.12:522][  0]LogSlate:Warning: Failed to load font data from '../../../Engine/Content/Editor/Slate/Fonts/Roboto-Regular.ttf'
[2016.01.25-17.53.12:523][  0]LogSlate:Warning: Failed to load font data from '../../../Engine/Content/Editor/Slate/Fonts/Roboto-Bold.ttf'
[2016.01.25-17.53.12:526][  0]LogConsoleResponse:Display: 
[2016.01.25-17.53.12:608][  0]LogCook:Display: Done creating registry. It took  0.00s.
[2016.01.25-17.53.12:681][  0]SourceControl: Información El control de código fuente está desactivado
[2016.01.25-17.53.12:681][  0]Cmd: MAP LOAD FILE="../../../Engine/Content/Maps/Templates/Template_Default.umap" TEMPLATE=1 SHOWPROGRESS=1 FEATURELEVEL=3
[2016.01.25-17.53.12:682][  0]LightingResults: New page: Diseñar la iluminación
[2016.01.25-17.53.12:688][  0]MapCheck: New page: Revisión del mapa
[2016.01.25-17.53.12:688][  0]LightingResults: New page: Diseñar la iluminación
[2016.01.25-17.53.12:695][  0]LogParticles: Destroying 0 GPU particle simulations for FXSystem 0x000000F669A02200
[2016.01.25-17.53.13:155][  0]LogEditorServer: Finished looking for orphan Actors (0.000 secs)
[2016.01.25-17.53.13:177][  0]LogAIModule: Creating AISystem for world Untitled_1
[2016.01.25-17.53.13:177][  0]Cmd: MAP CHECKDEP
[2016.01.25-17.53.13:178][  0]MapCheck: New page: Untitled_1 - 25/1/2016 19:53:13
[2016.01.25-17.53.13:219][  0]MapCheck: Información Map check complete: 0 Error(s), 0 Warning(s), took 40,584ms to complete.
[2016.01.25-17.53.13:219][  0]LogFileHelpers: Loading map 'Template_Default' took 0.537
[2016.01.25-17.53.13:327][  0]LogCollectionManager: Loaded 0 collections in 0.000866 seconds
[2016.01.25-17.53.13:333][  0]LogContentBrowser: Native class hierarchy populated in 0.0061 seconds. Added 1696 classes and 262 folders.
[2016.01.25-17.53.13:350][  0]LogContentBrowser: Native class hierarchy updated for 'SceneOutliner' in 0.0012 seconds. Added 1 classes and 2 folders.
[2016.01.25-17.53.13:391][  0]LogCrashTracker: Crashtracker disabled due to settings.
[2016.01.25-17.53.13:391][  0]LogSlate:Warning: Failed to load font data from 'Veranda'
[2016.01.25-17.53.13:395][  0]LogUObjectGlobals:Warning: Error al encontrar el objeto 'Class Ninguno.'
[2016.01.25-17.53.13:419][  0]LogLoad: Full Startup: 5.59 seconds (BP compile: 0.06 seconds)
[2016.01.25-17.53.13:449][  0]LogContentBrowser:Verbose: The content browser source was changed by the sources view to '/Game/Blueprints'
[2016.01.25-17.53.13:604][  2]LogRenderer:Warning: Reallocating scene render targets to support 816x376 (Frame:2).
[2016.01.25-17.53.13:833][  4]LogAssetRegistry: Asset discovery search completed in 2.0590 seconds
[2016.01.25-17.53.15:605][139]LogRenderer:Warning: Reallocating scene render targets to support 1208x576 (Frame:127).
[2016.01.25-17.53.22:068][841]LogContentBrowser:Verbose: The content browser source was changed by the sources view to '/Game/textures'
[2016.01.25-17.53.28:084][550]LogParticles: Destroying 0 GPU particle simulations for FXSystem 0x000000F65F853100
[2016.01.25-17.53.29:566][550]LogMaterial: Missing cached shader map for material stainless-steel_Mat, compiling. 
[2016.01.25-17.53.29:566][550]LogMaterial:Warning: Failed to compile Material /Game/textures/stainless-steel_Mat.stainless-steel_Mat for platform PCD3D_SM5, Default Material will be used in game.
[2016.01.25-17.53.29:566][550]LogMaterial:Warning: 	(Node TextureSample) TextureSample> Missing input texture
[2016.01.25-17.53.34:919][161]LogContentBrowser:Verbose: The content browser source was changed by the sources view to '/Game'
[2016.01.25-17.53.40:143][724]LogContentBrowser:Verbose: The content browser source was changed by the sources view to '/Game/Carpeta nueva'
[2016.01.25-17.53.42:370][988]LogContentBrowser:Verbose: The content browser source was changed by the sources view to '/Game/Maps'
[2016.01.25-17.53.44:323][219]LogContentBrowser:Verbose: The content browser source was changed by the sources view to '/Game'
[2016.01.25-17.53.48:132][560]LogLinker:Warning: No puede encontrar el archivo '/Game/textures/stainless-steel_Mat'
[2016.01.25-17.53.48:132][560]LogLinker:Warning: No puede encontrar el archivo para el activo '/Game/textures/stainless-steel_Mat' mientras carga ../../../../Users/XperienciaRender/Documents/Unreal Projects/TAG_HEUER/Content/Reloj.uasset.
[2016.01.25-17.53.48:132][560]LoadErrors:Error: Error /Game/Reloj : No puede encontrar el archivo para el activo. /Game/textures/stainless-steel_Mat
[2016.01.25-17.53.48:222][560]LogLinker:Warning: No puede encontrar el archivo '/Game/textures/stainless-steel_Mat'
[2016.01.25-17.53.48:222][560]LogLinker:Warning: No puede encontrar el archivo para el activo '/Game/textures/stainless-steel_Mat' mientras carga ../../../../Users/XperienciaRender/Documents/Unreal Projects/TAG_HEUER/Content/Reloj.uasset.
[2016.01.25-17.53.48:237][560]LogLinker:Warning: No puede encontrar el archivo '/Game/textures/stainless-steel_Mat'
[2016.01.25-17.53.48:237][560]LoadErrors: Información Error al cargar /Game/textures/stainless-steel_Mat.stainless-steel_Mat Referenciado por Reloj
[2016.01.25-17.53.48:237][560]LogLinker:Warning: No puede encontrar el archivo para el activo '/Game/textures/stainless-steel_Mat' mientras carga NULL.
[2016.01.25-17.53.55:577][962]LogMetaData: Removing '/Game/Maps/TAG.TAG_C' ref from Metadata '/Game/TAG.PackageMetaData'
[2016.01.25-17.53.55:577][962]LogMetaData: Removing '/Game/Maps/TAG.TAG:PersistentLevel.TAG.EventGraph.K2Node_Event_0' ref from Metadata '/Game/TAG.PackageMetaData'
[2016.01.25-17.53.55:577][962]LogMetaData: Removing '/Game/Maps/TAG.TAG:PersistentLevel.TAG.EventGraph.K2Node_Event_1' ref from Metadata '/Game/TAG.PackageMetaData'
[2016.01.25-17.53.55:577][962]LogMetaData: Removing '/Game/Maps/TAG.SKEL_TAG_C' ref from Metadata '/Game/TAG.PackageMetaData'
[2016.01.25-17.53.55:811][962]Cmd: OBJ SAVEPACKAGE PACKAGE="/Game/Maps/TAG" FILE="../../../../Users/XperienciaRender/Documents/Unreal Projects/TAG_HEUER/Content/Maps/TAG.umap" SILENT=true AUTOSAVING=false KEEPDIRTY=false
[2016.01.25-17.53.55:886][962]LogSavePackage: Save=60.068256ms
[2016.01.25-17.53.55:886][962]LogSavePackage: Moving '../../../../Users/XperienciaRender/Documents/Unreal Projects/TAG_HEUER/Saved/TAG70CC866B4DD7A481C1C6FEB37A417CF0.tmp' to '../../../../Users/XperienciaRender/Documents/Unreal Projects/TAG_HEUER/Content/Maps/TAG.umap'
[2016.01.25-17.53.55:888][962]LogFileHelpers: Saving map 'TAG' took 0.276
[2016.01.25-17.54.16:167][114]Cmd: QUIT_EDITOR
[2016.01.25-17.54.16:265][114]LogHMD: Oculus shutdown.
[2016.01.25-17.54.16:370][114]LogExit: Preparing to exit.
[2016.01.25-17.54.17:261][114]LogExit: Editor shut down
[2016.01.25-17.54.17:262][114]LogExit: Transaction tracking system shut down
[2016.01.25-17.54.17:262][114]LogParticles: Destroying 0 GPU particle simulations for FXSystem 0x000000F661D0E660
[2016.01.25-17.54.17:265][114]LogParticles: Destroying 0 GPU particle simulations for FXSystem 0x000000F6637FE8E0
[2016.01.25-17.54.17:265][114]LogParticles: Destroying 0 GPU particle simulations for FXSystem 0x000000F6619B84A0
[2016.01.25-17.54.17:266][114]LogParticles: Destroying 0 GPU particle simulations for FXSystem 0x000000F674180680
[2016.01.25-17.54.17:267][114]LogParticles: Destroying 0 GPU particle simulations for FXSystem 0x000000F6744CC5E0
[2016.01.25-17.54.17:314][114]LogExit: Object subsystem successfully closed.
[2016.01.25-17.54.17:355][114]LogModuleManager: Shutting down and abandoning module ExternalImagePicker (174)
[2016.01.25-17.54.17:355][114]LogModuleManager: Shutting down and abandoning module CrashTracker (173)
[2016.01.25-17.54.17:355][114]LogModuleManager: Shutting down and abandoning module SuperSearch (172)
[2016.01.25-17.54.17:355][114]LogModuleManager: Shutting down and abandoning module SceneOutliner (171)
[2016.01.25-17.54.17:355][114]LogModuleManager: Shutting down and abandoning module EditorWidgets (170)
[2016.01.25-17.54.17:355][114]LogModuleManager: Shutting down and abandoning module CollectionManager (169)
[2016.01.25-17.54.17:355][114]LogModuleManager: Shutting down and abandoning module StatsViewer (168)
[2016.01.25-17.54.17:355][114]LogModuleManager: Shutting down and abandoning module FoliageEdit (167)
[2016.01.25-17.54.17:355][114]LogModuleManager: Shutting down and abandoning module LandscapeEditor (166)
[2016.01.25-17.54.17:355][114]LogModuleManager: Shutting down and abandoning module MeshPaint (165)
[2016.01.25-17.54.17:356][114]LogModuleManager: Shutting down and abandoning module ActorPickerMode (164)
[2016.01.25-17.54.17:356][114]LogModuleManager: Shutting down and abandoning module GeometryMode (163)
[2016.01.25-17.54.17:356][114]LogModuleManager: Shutting down and abandoning module TextureAlignMode (162)
[2016.01.25-17.54.17:356][114]LogModuleManager: Shutting down and abandoning module BspMode (161)
[2016.01.25-17.54.17:356][114]LogModuleManager: Shutting down and abandoning module PlacementMode (160)
[2016.01.25-17.54.17:356][114]LogModuleManager: Shutting down and abandoning module AutomationWorker (159)
[2016.01.25-17.54.17:356][114]LogModuleManager: Shutting down and abandoning module CharacterAI (158)
[2016.01.25-17.54.17:356][114]LogModuleManager: Shutting down and abandoning module SmartSnapping (157)
[2016.01.25-17.54.17:356][114]LogModuleManager: Shutting down and abandoning module ViewportSnapping (156)
[2016.01.25-17.54.17:356][114]LogModuleManager: Shutting down and abandoning module LogVisualizer (155)
[2016.01.25-17.54.17:356][114]LogModuleManager: Shutting down and abandoning module GameProjectGeneration (154)
[2016.01.25-17.54.17:356][114]LogModuleManager: Shutting down and abandoning module IntroTutorials (153)
[2016.01.25-17.54.17:356][114]LogModuleManager: Shutting down and abandoning module EditorLiveStreaming (152)
[2016.01.25-17.54.17:356][114]LogModuleManager: Shutting down and abandoning module HardwareTargeting (151)
[2016.01.25-17.54.17:356][114]LogModuleManager: Shutting down and abandoning module DeviceProfileEditor (150)
[2016.01.25-17.54.17:356][114]LogModuleManager: Shutting down and abandoning module UndoHistory (149)
[2016.01.25-17.54.17:356][114]LogModuleManager: Shutting down and abandoning module GameplayTagsEditor (148)
[2016.01.25-17.54.17:356][114]LogModuleManager: Shutting down and abandoning module UserFeedback (147)
[2016.01.25-17.54.17:356][114]LogModuleManager: Shutting down and abandoning module XmlParser (146)
[2016.01.25-17.54.17:356][114]LogModuleManager: Shutting down and abandoning module Blutility (145)
[2016.01.25-17.54.17:356][114]LogModuleManager: Shutting down and abandoning module IOSPlatformEditor (144)
[2016.01.25-17.54.17:356][114]LogModuleManager: Shutting down and abandoning module IOSRuntimeSettings (143)
[2016.01.25-17.54.17:356][114]LogModuleManager: Shutting down and abandoning module AndroidDeviceDetection (142)
[2016.01.25-17.54.17:444][114]LogModuleManager: Shutting down and abandoning module AndroidPlatformEditor (141)
[2016.01.25-17.54.17:444][114]LogModuleManager: Shutting down and abandoning module AndroidRuntimeSettings (140)
[2016.01.25-17.54.17:444][114]LogModuleManager: Shutting down and abandoning module ProjectTargetPlatformEditor (139)
[2016.01.25-17.54.17:444][114]LogModuleManager: Shutting down and abandoning module ProjectSettingsViewer (138)
[2016.01.25-17.54.17:444][114]LogModuleManager: Shutting down and abandoning module InputBindingEditor (137)
[2016.01.25-17.54.17:444][114]LogModuleManager: Shutting down and abandoning module EditorSettingsViewer (136)
[2016.01.25-17.54.17:444][114]LogModuleManager: Shutting down and abandoning module SettingsEditor (135)
[2016.01.25-17.54.17:444][114]LogModuleManager: Shutting down and abandoning module ProjectLauncher (134)
[2016.01.25-17.54.17:444][114]LogModuleManager: Shutting down and abandoning module SessionFrontend (133)
[2016.01.25-17.54.17:444][114]LogModuleManager: Shutting down and abandoning module ProfilerClient (132)
[2016.01.25-17.54.17:444][114]LogModuleManager: Shutting down and abandoning module TargetDeviceServices (131)
[2016.01.25-17.54.17:444][114]LogModuleManager: Shutting down and abandoning module DeviceManager (130)
[2016.01.25-17.54.17:444][114]LogModuleManager: Shutting down and abandoning module AutomationController (129)
[2016.01.25-17.54.17:444][114]LogModuleManager: Shutting down and abandoning module AutomationWindow (128)
[2016.01.25-17.54.17:444][114]LogModuleManager: Shutting down and abandoning module Layers (127)
[2016.01.25-17.54.17:444][114]LogModuleManager: Shutting down and abandoning module ComponentVisualizers (126)
[2016.01.25-17.54.17:444][114]LogModuleManager: Shutting down and abandoning module DetailCustomizations (125)
[2016.01.25-17.54.17:444][114]LogModuleManager: Shutting down and abandoning module PackagesDialog (124)
[2016.01.25-17.54.17:444][114]LogModuleManager: Shutting down and abandoning module AssetRegistry (123)
[2016.01.25-17.54.17:486][114]LogModuleManager: Shutting down and abandoning module Persona (122)
[2016.01.25-17.54.17:486][114]LogModuleManager: Shutting down and abandoning module SlateReflector (121)
[2016.01.25-17.54.17:486][114]LogModuleManager: Shutting down and abandoning module LevelEditor (120)
[2016.01.25-17.54.17:487][114]LogModuleManager: Shutting down and abandoning module Kismet (119)
[2016.01.25-17.54.17:487][114]LogModuleManager: Shutting down and abandoning module GraphEditor (118)
[2016.01.25-17.54.17:487][114]LogModuleManager: Shutting down and abandoning module ClassViewer (117)
[2016.01.25-17.54.17:487][114]LogModuleManager: Shutting down and abandoning module Toolbox (116)
[2016.01.25-17.54.17:487][114]LogModuleManager: Shutting down and abandoning module ModuleUI (115)
[2016.01.25-17.54.17:487][114]LogModuleManager: Shutting down and abandoning module MovieSceneTools (114)
[2016.01.25-17.54.17:487][114]LogModuleManager: Shutting down and abandoning module OutputLog (113)
[2016.01.25-17.54.17:487][114]LogModuleManager: Shutting down and abandoning module GammaUI (112)
[2016.01.25-17.54.17:487][114]LogModuleManager: Shutting down and abandoning module Documentation (111)
[2016.01.25-17.54.17:487][114]LogModuleManager: Shutting down and abandoning module GameLiveStreaming (110)
[2016.01.25-17.54.17:487][114]LogModuleManager: Shutting down and abandoning module StreamingPauseRendering (109)
[2016.01.25-17.54.17:487][114]LogModuleManager: Shutting down and abandoning module HTTP (108)
[2016.01.25-17.54.17:487][114]LogModuleManager: Shutting down and abandoning module AnalyticsET (107)
[2016.01.25-17.54.17:487][114]LogModuleManager: Shutting down and abandoning module Analytics (106)
[2016.01.25-17.54.17:487][114]LogModuleManager: Shutting down and abandoning module AITestSuite (105)
[2016.01.25-17.54.17:487][114]LogModuleManager: Shutting down and abandoning module GameplayDebugger (104)
[2016.01.25-17.54.17:487][114]LogModuleManager: Shutting down and abandoning module AIModule (103)
[2016.01.25-17.54.17:487][114]LogModuleManager: Shutting down and abandoning module ProfilerService (102)
[2016.01.25-17.54.17:588][114]LogModuleManager: Shutting down and abandoning module TaskGraph (101)
[2016.01.25-17.54.17:588][114]LogModuleManager: Shutting down and abandoning module SlateRemote (100)
[2016.01.25-17.54.17:588][114]LogModuleManager: Shutting down and abandoning module ScriptEditorPlugin (99)
[2016.01.25-17.54.17:588][114]LogModuleManager: Shutting down and abandoning module CustomMeshComponent (98)
[2016.01.25-17.54.17:588][114]LogModuleManager: Shutting down and abandoning module CableComponent (97)
[2016.01.25-17.54.17:588][114]LogModuleManager: Shutting down and abandoning module MessagingDebugger (96)
[2016.01.25-17.54.17:588][114]LogModuleManager: Shutting down and abandoning module MediaPlayerEditor (95)
[2016.01.25-17.54.17:588][114]LogModuleManager: Shutting down and abandoning module SpeedTreeImporter (94)
[2016.01.25-17.54.17:588][114]LogModuleManager: Shutting down and abandoning module PluginsEditor (93)
[2016.01.25-17.54.17:588][114]LogModuleManager: Shutting down and abandoning module MainFrame (92)
[2016.01.25-17.54.17:588][114]LogModuleManager: Shutting down and abandoning module EpicSurvey (91)
[2016.01.25-17.54.17:588][114]LogModuleManager: Shutting down and abandoning module DesktopPlatform (90)
[2016.01.25-17.54.17:588][114]LogModuleManager: Shutting down and abandoning module DirectoryWatcher (89)
[2016.01.25-17.54.17:588][114]LogModuleManager: Shutting down and abandoning module HotReload (88)
[2016.01.25-17.54.17:588][114]LogModuleManager: Shutting down and abandoning module VisualStudioSourceCodeAccess (87)
[2016.01.25-17.54.17:588][114]LogModuleManager: Shutting down and abandoning module UObjectPlugin (86)
[2016.01.25-17.54.17:588][114]LogModuleManager: Shutting down and abandoning module SubversionSourceControl (85)
[2016.01.25-17.54.17:588][114]LogModuleManager: Shutting down and abandoning module PerforceSourceControl (84)
[2016.01.25-17.54.17:588][114]LogModuleManager: Shutting down and abandoning module SourceControl (83)
[2016.01.25-17.54.17:588][114]LogModuleManager: Shutting down and abandoning module GitSourceControl (82)
[2016.01.25-17.54.17:588][114]LogModuleManager: Shutting down and abandoning module ExportObjectPlugin (81)
[2016.01.25-17.54.17:588][114]LogModuleManager: Shutting down and abandoning module BlankPlugin (80)
[2016.01.25-17.54.17:588][114]LogModuleManager: Shutting down and abandoning module PaperTiledImporter (79)
[2016.01.25-17.54.17:588][114]LogModuleManager: Shutting down and abandoning module PaperJsonImporter (78)
[2016.01.25-17.54.17:588][114]LogModuleManager: Shutting down and abandoning module ContentBrowser (77)
[2016.01.25-17.54.17:588][114]LogModuleManager: Shutting down and abandoning module Paper2DEditor (76)
[2016.01.25-17.54.17:588][114]LogModuleManager: Shutting down and abandoning module ScriptPlugin (75)
[2016.01.25-17.54.17:588][114]LogModuleManager: Shutting down and abandoning module UdpMessaging (74)
[2016.01.25-17.54.17:689][114]LogModuleManager: Shutting down and abandoning module Paper2D (73)
[2016.01.25-17.54.17:689][114]LogModuleManager: Shutting down and abandoning module WindowsMoviePlayer (72)
[2016.01.25-17.54.17:700][114]LogModuleManager: Shutting down and abandoning module Media (71)
[2016.01.25-17.54.17:700][114]LogModuleManager: Shutting down and abandoning module WmfMedia (70)
[2016.01.25-17.54.17:700][114]LogModuleManager: Shutting down and abandoning module OnlineBlueprintSupport (69)
[2016.01.25-17.54.17:700][114]LogModuleManager: Shutting down and abandoning module PropertyEditor (68)
[2016.01.25-17.54.17:700][114]LogModuleManager: Shutting down and abandoning module BehaviorTreeEditor (67)
[2016.01.25-17.54.17:700][114]LogModuleManager: Shutting down and abandoning module FunctionalTesting (66)
[2016.01.25-17.54.17:700][114]LogModuleManager: Shutting down and abandoning module CollisionAnalyzer (65)
[2016.01.25-17.54.17:700][114]LogModuleManager: Shutting down and abandoning module WorkspaceMenuStructure (64)
[2016.01.25-17.54.17:700][114]LogModuleManager: Shutting down and abandoning module MessageLog (63)
[2016.01.25-17.54.17:700][114]LogModuleManager: Shutting down and abandoning module Sequencer (62)
[2016.01.25-17.54.17:700][114]LogModuleManager: Shutting down and abandoning module AssetTools (61)
[2016.01.25-17.54.17:700][114]LogModuleManager: Shutting down and abandoning module UMGEditor (60)
[2016.01.25-17.54.17:700][114]LogModuleManager: Shutting down and abandoning module UMG (59)
[2016.01.25-17.54.17:700][114]LogModuleManager: Shutting down and abandoning module Slate (58)
[2016.01.25-17.54.17:700][114]LogModuleManager: Shutting down and abandoning module EditorStyle (57)
[2016.01.25-17.54.17:702][114]LogModuleManager: Shutting down and abandoning module SessionServices (56)
[2016.01.25-17.54.17:702][114]LogModuleManager: Shutting down and abandoning module SourceCodeAccess (55)
[2016.01.25-17.54.17:702][114]LogModuleManager: Shutting down and abandoning module HeadMountedDisplay (54)
[2016.01.25-17.54.17:702][114]LogModuleManager: Shutting down and abandoning module XAudio2 (53)
[2016.01.25-17.54.17:702][114]LogModuleManager: Shutting down and abandoning module Networking (51)
[2016.01.25-17.54.17:702][114]LogModuleManager: Shutting down and abandoning module Core (50)
[2016.01.25-17.54.17:702][114]LogModuleManager: Shutting down and abandoning module KismetCompiler (49)
[2016.01.25-17.54.17:702][114]LogModuleManager: Shutting down and abandoning module PhysXFormats (48)
[2016.01.25-17.54.17:702][114]LogModuleManager: Shutting down and abandoning module MeshUtilities (47)
[2016.01.25-17.54.17:702][114]LogModuleManager: Shutting down and abandoning module DerivedDataCache (46)
[2016.01.25-17.54.17:831][114]LogDerivedDataCache: Shutdown
[2016.01.25-17.54.17:831][114]LogModuleManager: Shutting down and abandoning module ShaderFormatOpenGL (45)
[2016.01.25-17.54.17:831][114]LogModuleManager: Shutting down and abandoning module ShaderFormatD3D (44)
[2016.01.25-17.54.17:831][114]LogModuleManager: Shutting down and abandoning module MetalShaderFormat (43)
[2016.01.25-17.54.17:831][114]LogModuleManager: Shutting down and abandoning module TextureFormatUncompressed (42)
[2016.01.25-17.54.17:831][114]LogModuleManager: Shutting down and abandoning module TextureFormatPVR (41)
[2016.01.25-17.54.17:831][114]LogModuleManager: Shutting down and abandoning module TextureFormatIntelISPCTexComp (40)
[2016.01.25-17.54.17:831][114]LogModuleManager: Shutting down and abandoning module TextureFormatDXT (39)
[2016.01.25-17.54.17:831][114]LogModuleManager: Shutting down and abandoning module ImageWrapper (38)
[2016.01.25-17.54.17:831][114]LogModuleManager: Shutting down and abandoning module TextureFormatASTC (37)
[2016.01.25-17.54.17:831][114]LogModuleManager: Shutting down and abandoning module AudioFormatOpus (36)
[2016.01.25-17.54.17:831][114]LogModuleManager: Shutting down and abandoning module AudioFormatOgg (35)
[2016.01.25-17.54.17:831][114]LogModuleManager: Shutting down and abandoning module AudioFormatADPCM (34)
[2016.01.25-17.54.17:831][114]LogModuleManager: Shutting down and abandoning module Messaging (33)
[2016.01.25-17.54.17:831][114]LogModuleManager: Shutting down and abandoning module IOSTargetPlatform (32)
[2016.01.25-17.54.17:831][114]LogModuleManager: Shutting down and abandoning module HTML5TargetPlatform (31)
[2016.01.25-17.54.17:831][114]LogModuleManager: Shutting down and abandoning module Android_PVRTCTargetPlatform (30)
[2016.01.25-17.54.17:831][114]LogModuleManager: Shutting down and abandoning module Android_ETC2TargetPlatform (29)
[2016.01.25-17.54.17:831][114]LogModuleManager: Shutting down and abandoning module Android_ETC1TargetPlatform (28)
[2016.01.25-17.54.17:831][114]LogModuleManager: Shutting down and abandoning module Android_DXTTargetPlatform (27)
[2016.01.25-17.54.17:831][114]LogModuleManager: Shutting down and abandoning module Android_ATCTargetPlatform (26)
[2016.01.25-17.54.17:831][114]LogModuleManager: Shutting down and abandoning module AndroidTargetPlatform (25)
[2016.01.25-17.54.17:831][114]LogModuleManager: Shutting down and abandoning module WindowsTargetPlatform (24)
[2016.01.25-17.54.17:831][114]LogModuleManager: Shutting down and abandoning module WindowsServerTargetPlatform (23)
[2016.01.25-17.54.17:831][114]LogModuleManager: Shutting down and abandoning module WindowsNoEditorTargetPlatform (22)
[2016.01.25-17.54.17:831][114]LogModuleManager: Shutting down and abandoning module WindowsClientTargetPlatform (21)
[2016.01.25-17.54.17:831][114]LogModuleManager: Shutting down and abandoning module TargetPlatform (20)
[2016.01.25-17.54.17:831][114]LogModuleManager: Shutting down and abandoning module InputCore (19)
[2016.01.25-17.54.17:831][114]LogModuleManager: Shutting down and abandoning module Settings (18)
[2016.01.25-17.54.17:831][114]LogModuleManager: Shutting down and abandoning module OnlineSubsystem (16)
[2016.01.25-17.54.17:831][114]LogModuleManager: Shutting down and abandoning module OculusRift (15)
[2016.01.25-17.54.17:831][114]LogModuleManager: Shutting down and abandoning module ExampleDeviceProfileSelector (14)
[2016.01.25-17.54.17:831][114]LogModuleManager: Shutting down and abandoning module TextureCompressor (13)
[2016.01.25-17.54.17:831][114]LogModuleManager: Shutting down and abandoning module ShaderCore (12)
[2016.01.25-17.54.17:831][114]LogModuleManager: Shutting down and abandoning module Landscape (11)
[2016.01.25-17.54.17:831][114]LogModuleManager: Shutting down and abandoning module SlateRHIRenderer (10)
[2016.01.25-17.54.17:832][114]LogModuleManager: Shutting down and abandoning module OpenGLDrv (9)
[2016.01.25-17.54.17:832][114]LogModuleManager: Shutting down and abandoning module D3D11RHI (8)
[2016.01.25-17.54.17:832][114]LogModuleManager: Shutting down and abandoning module Renderer (7)
[2016.01.25-17.54.17:832][114]LogModuleManager: Shutting down and abandoning module Engine (6)
[2016.01.25-17.54.17:832][114]LogModuleManager: Shutting down and abandoning module CoreUObject (5)
[2016.01.25-17.54.17:832][114]LogModuleManager: Shutting down and abandoning module NetworkFile (4)
[2016.01.25-17.54.17:832][114]LogModuleManager: Shutting down and abandoning module StreamingFile (3)
[2016.01.25-17.54.17:832][114]LogModuleManager: Shutting down and abandoning module SandboxFile (2)
[2016.01.25-17.54.17:832][114]LogModuleManager: Shutting down and abandoning module PakFile (1)
[2016.01.25-17.54.17:833][114]LogExit: Exiting.
[2016.01.25-17.54.17:835][114]Log file closed, 01/25/16 18:54:17
